#
# There is insufficient memory for the Java Runtime Environment to continue.
# Native memory allocation (malloc) failed to allocate 1258576 bytes for Chunk::new
# Possible reasons:
#   The system is out of physical RAM or swap space
#   The process is running with CompressedOops enabled, and the Java Heap may be blocking the growth of the native heap
# Possible solutions:
#   Reduce memory load on the system
#   Increase physical memory or swap space
#   Check if swap backing store is full
#   Decrease Java heap size (-Xmx/-Xms)
#   Decrease number of Java threads
#   Decrease Java thread stack sizes (-Xss)
#   Set larger code cache with -XX:ReservedCodeCacheSize=
#   JVM is running with Unscaled Compressed Oops mode in which the Java heap is
#     placed in the first 4GB address space. The Java Heap base address is the
#     maximum limit for the native heap growth. Please use -XX:HeapBaseMinAddress
#     to set the Java Heap base and to place the Java Heap above 4GB virtual address.
# This output file may be truncated or incomplete.
#
#  Out of Memory Error (arena.cpp:189), pid=15236, tid=7412
#
# JRE version: OpenJDK Runtime Environment (17.0.7) (build 17.0.7+0-b2043.56-10550314)
# Java VM: OpenJDK 64-Bit Server VM (17.0.7+0-b2043.56-10550314, mixed mode, tiered, compressed oops, compressed class ptrs, g1 gc, windows-amd64)
# No core dump will be written. Minidumps are not enabled by default on client versions of Windows
#

---------------  S U M M A R Y ------------

Command Line: --add-opens=java.base/java.util=ALL-UNNAMED --add-opens=java.base/java.lang=ALL-UNNAMED --add-opens=java.base/java.lang.invoke=ALL-UNNAMED --add-opens=java.prefs/java.util.prefs=ALL-UNNAMED --add-opens=java.base/java.nio.charset=ALL-UNNAMED --add-opens=java.base/java.net=ALL-UNNAMED --add-opens=java.base/java.util.concurrent.atomic=ALL-UNNAMED -Xmx2048m -Dfile.encoding=UTF-8 -Duser.country=US -Duser.language=en -Duser.variant -javaagent:C:\Users\anura\.gradle\wrapper\dists\gradle-8.2-bin\bbg7u40eoinfdyxsxr3z4i7ta\gradle-8.2\lib\agents\gradle-instrumentation-agent-8.2.jar org.gradle.launcher.daemon.bootstrap.GradleDaemon 8.2

Host: Intel(R) Core(TM) i7-10700 CPU @ 2.90GHz, 16 cores, 15G,  Windows 11 , 64 bit Build 22621 (10.0.22621.2506)
Time: Tue Jan  9 15:55:49 2024 Sri Lanka Standard Time elapsed time: 58.204252 seconds (0d 0h 0m 58s)

---------------  T H R E A D  ---------------

Current thread (0x000001898a0992b0):  JavaThread "C2 CompilerThread0" daemon [_thread_in_native, id=7412, stack(0x0000008887000000,0x0000008887100000)]


Current CompileTask:
C2:  58204 9798       4       org.gradle.internal.reflect.ClassInspector::inspectClass (179 bytes)

Stack: [0x0000008887000000,0x0000008887100000]
Native frames: (J=compiled Java code, j=interpreted, Vv=VM code, C=native code)
V  [jvm.dll+0x683bfa]
V  [jvm.dll+0x8430a4]
V  [jvm.dll+0x8449be]
V  [jvm.dll+0x845023]
V  [jvm.dll+0x24ad2f]
V  [jvm.dll+0xac25c]
V  [jvm.dll+0xac82c]
V  [jvm.dll+0x36a132]
V  [jvm.dll+0x334821]
V  [jvm.dll+0x333cca]
V  [jvm.dll+0x21d251]
V  [jvm.dll+0x21c671]
V  [jvm.dll+0x1a605d]
V  [jvm.dll+0x22c148]
V  [jvm.dll+0x22a209]
V  [jvm.dll+0x7f858c]
V  [jvm.dll+0x7f2aea]
V  [jvm.dll+0x682a35]
C  [ucrtbase.dll+0x29363]
C  [KERNEL32.DLL+0x1257d]
C  [ntdll.dll+0x5aa58]


---------------  P R O C E S S  ---------------

Threads class SMR info:
_java_thread_list=0x0000018991041c90, length=90, elements={
0x00000189eb2e9e10, 0x000001898a0482c0, 0x000001898a048f40, 0x000001898a093690,
0x000001898a094150, 0x000001898a096c10, 0x000001898a0975c0, 0x000001898a0992b0,
0x000001898a09a4f0, 0x000001898a09d690, 0x000001898a192560, 0x000001898a361860,
0x000001898bc1cff0, 0x000001898b38f260, 0x000001898b59f440, 0x000001898b03e510,
0x000001898bede440, 0x000001898b570310, 0x000001898b5707e0, 0x000001898b572990,
0x000001898b56f970, 0x000001898b56fe40, 0x000001898b570cb0, 0x000001898b571180,
0x000001898b571ff0, 0x000001898b571650, 0x000001898b571b20, 0x000001898b5724c0,
0x000001898b572e60, 0x000001898b573330, 0x000001898b1ca390, 0x000001898b1cd880,
0x000001898b1ccee0, 0x000001898b1cf090, 0x000001898b1cd3b0, 0x000001898b1cff00,
0x000001898b1cb6d0, 0x000001898b1cbba0, 0x000001898b1cdd50, 0x000001898b1cf560,
0x000001898b1c99f0, 0x000001898b1cc070, 0x000001898b1cfa30, 0x000001898b1d03d0,
0x000001898b1ca860, 0x000001898b1d08a0, 0x000001898b1d0d70, 0x000001898b1cc540,
0x000001898b1d1240, 0x000001898b1ce6f0, 0x000001898b1cb200, 0x000001898ee31730,
0x000001898ee32a70, 0x000001898ee31260, 0x000001898ee2e240, 0x000001898ee32f40,
0x000001898ee34c20, 0x000001898ee2ff20, 0x000001898ee2fa50, 0x000001898ee33410,
0x000001898ee338e0, 0x000001898ee34280, 0x000001898ee34750, 0x000001898ee325a0,
0x000001898ee350f0, 0x000001898ee355c0, 0x000001898ee33db0, 0x000001898bfb38f0,
0x000001898ee35a90, 0x0000018991221a70, 0x000001898ee2e710, 0x0000018991225220,
0x0000018991225730, 0x000001898ee2ebe0, 0x000001898ee2f0b0, 0x000001898ee31c00,
0x000001898ee308c0, 0x00000189919a7e60, 0x00000189919aae80, 0x00000189919abcf0,
0x00000189919a4e40, 0x00000189919a57e0, 0x00000189919a5310, 0x00000189919a8800,
0x00000189919a6ff0, 0x00000189919ab350, 0x00000189919a4970, 0x00000189919a8330,
0x00000189919a8cd0, 0x00000189919aa4e0
}

Java Threads: ( => current thread )
  0x00000189eb2e9e10 JavaThread "main" [_thread_blocked, id=17572, stack(0x0000008886300000,0x0000008886400000)]
  0x000001898a0482c0 JavaThread "Reference Handler" daemon [_thread_blocked, id=14600, stack(0x0000008886a00000,0x0000008886b00000)]
  0x000001898a048f40 JavaThread "Finalizer" daemon [_thread_blocked, id=15868, stack(0x0000008886b00000,0x0000008886c00000)]
  0x000001898a093690 JavaThread "Signal Dispatcher" daemon [_thread_blocked, id=19440, stack(0x0000008886c00000,0x0000008886d00000)]
  0x000001898a094150 JavaThread "Attach Listener" daemon [_thread_blocked, id=7760, stack(0x0000008886d00000,0x0000008886e00000)]
  0x000001898a096c10 JavaThread "Service Thread" daemon [_thread_blocked, id=17556, stack(0x0000008886e00000,0x0000008886f00000)]
  0x000001898a0975c0 JavaThread "Monitor Deflation Thread" daemon [_thread_blocked, id=4724, stack(0x0000008886f00000,0x0000008887000000)]
=>0x000001898a0992b0 JavaThread "C2 CompilerThread0" daemon [_thread_in_native, id=7412, stack(0x0000008887000000,0x0000008887100000)]
  0x000001898a09a4f0 JavaThread "C1 CompilerThread0" daemon [_thread_blocked, id=16436, stack(0x0000008887100000,0x0000008887200000)]
  0x000001898a09d690 JavaThread "Sweeper thread" daemon [_thread_blocked, id=17704, stack(0x0000008887200000,0x0000008887300000)]
  0x000001898a192560 JavaThread "Common-Cleaner" daemon [_thread_blocked, id=15760, stack(0x0000008887300000,0x0000008887400000)]
  0x000001898a361860 JavaThread "Notification Thread" daemon [_thread_blocked, id=16352, stack(0x0000008887600000,0x0000008887700000)]
  0x000001898bc1cff0 JavaThread "Daemon health stats" [_thread_blocked, id=2300, stack(0x0000008888100000,0x0000008888200000)]
  0x000001898b38f260 JavaThread "Incoming local TCP Connector on port 52381" [_thread_in_native, id=19012, stack(0x0000008887900000,0x0000008887a00000)]
  0x000001898b59f440 JavaThread "Daemon periodic checks" [_thread_blocked, id=18352, stack(0x0000008887a00000,0x0000008887b00000)]
  0x000001898b03e510 JavaThread "Daemon" [_thread_blocked, id=18668, stack(0x0000008888200000,0x0000008888300000)]
  0x000001898bede440 JavaThread "Handler for socket connection from /127.0.0.1:52381 to /127.0.0.1:52384" [_thread_in_native, id=13416, stack(0x0000008888300000,0x0000008888400000)]
  0x000001898b570310 JavaThread "Cancel handler" [_thread_blocked, id=3272, stack(0x0000008888400000,0x0000008888500000)]
  0x000001898b5707e0 JavaThread "Daemon worker" [_thread_blocked, id=1952, stack(0x0000008888500000,0x0000008888600000)]
  0x000001898b572990 JavaThread "Asynchronous log dispatcher for DefaultDaemonConnection: socket connection from /127.0.0.1:52381 to /127.0.0.1:52384" [_thread_blocked, id=18632, stack(0x0000008888600000,0x0000008888700000)]
  0x000001898b56f970 JavaThread "Stdin handler" [_thread_blocked, id=800, stack(0x0000008888700000,0x0000008888800000)]
  0x000001898b56fe40 JavaThread "Daemon client event forwarder" [_thread_in_vm, id=18928, stack(0x0000008888800000,0x0000008888900000)]
  0x000001898b570cb0 JavaThread "Cache worker for journal cache (C:\Users\anura\.gradle\caches\journal-1)" [_thread_blocked, id=11912, stack(0x0000008887800000,0x0000008887900000)]
  0x000001898b571180 JavaThread "File lock request listener" [_thread_in_native, id=17660, stack(0x0000008889200000,0x0000008889300000)]
  0x000001898b571ff0 JavaThread "Cache worker for file hash cache (C:\Users\anura\.gradle\caches\8.2\fileHashes)" [_thread_blocked, id=10796, stack(0x0000008889500000,0x0000008889600000)]
  0x000001898b571650 JavaThread "File lock release action executor" [_thread_blocked, id=14568, stack(0x0000008889600000,0x0000008889700000)]
  0x000001898b571b20 JavaThread "File watcher server" daemon [_thread_in_native, id=16264, stack(0x0000008889300000,0x0000008889400000)]
  0x000001898b5724c0 JavaThread "File watcher consumer" daemon [_thread_blocked, id=14752, stack(0x0000008889400000,0x0000008889500000)]
  0x000001898b572e60 JavaThread "jar transforms" [_thread_blocked, id=15264, stack(0x0000008889700000,0x0000008889800000)]
  0x000001898b573330 JavaThread "jar transforms Thread 2" [_thread_blocked, id=18984, stack(0x0000008889800000,0x0000008889900000)]
  0x000001898b1ca390 JavaThread "jar transforms Thread 3" [_thread_blocked, id=3608, stack(0x0000008889900000,0x0000008889a00000)]
  0x000001898b1cd880 JavaThread "jar transforms Thread 4" [_thread_blocked, id=15204, stack(0x0000008889a00000,0x0000008889b00000)]
  0x000001898b1ccee0 JavaThread "jar transforms Thread 5" [_thread_blocked, id=16300, stack(0x0000008889b00000,0x0000008889c00000)]
  0x000001898b1cf090 JavaThread "jar transforms Thread 6" [_thread_blocked, id=3044, stack(0x0000008889c00000,0x0000008889d00000)]
  0x000001898b1cd3b0 JavaThread "jar transforms Thread 7" [_thread_blocked, id=15936, stack(0x0000008889d00000,0x0000008889e00000)]
  0x000001898b1cff00 JavaThread "jar transforms Thread 8" [_thread_blocked, id=19184, stack(0x0000008889e00000,0x0000008889f00000)]
  0x000001898b1cb6d0 JavaThread "jar transforms Thread 9" [_thread_blocked, id=16644, stack(0x0000008889f00000,0x000000888a000000)]
  0x000001898b1cbba0 JavaThread "jar transforms Thread 10" [_thread_blocked, id=18476, stack(0x000000888a000000,0x000000888a100000)]
  0x000001898b1cdd50 JavaThread "jar transforms Thread 11" [_thread_blocked, id=3236, stack(0x000000888a100000,0x000000888a200000)]
  0x000001898b1cf560 JavaThread "jar transforms Thread 12" [_thread_blocked, id=19380, stack(0x000000888a200000,0x000000888a300000)]
  0x000001898b1c99f0 JavaThread "jar transforms Thread 13" [_thread_blocked, id=2040, stack(0x000000888a300000,0x000000888a400000)]
  0x000001898b1cc070 JavaThread "jar transforms Thread 14" [_thread_blocked, id=4812, stack(0x000000888a400000,0x000000888a500000)]
  0x000001898b1cfa30 JavaThread "jar transforms Thread 15" [_thread_blocked, id=2396, stack(0x000000888a500000,0x000000888a600000)]
  0x000001898b1d03d0 JavaThread "jar transforms Thread 16" [_thread_blocked, id=3716, stack(0x000000888a600000,0x000000888a700000)]
  0x000001898b1ca860 JavaThread "Cache worker for checksums cache (C:\Users\anura\AndroidStudioProjects\MangalaSihinaya\.gradle\8.2\checksums)" [_thread_blocked, id=8544, stack(0x000000888a900000,0x000000888aa00000)]
  0x000001898b1d08a0 JavaThread "Cache worker for cache directory md-rule (C:\Users\anura\.gradle\caches\8.2\md-rule)" [_thread_blocked, id=7292, stack(0x000000888a800000,0x000000888a900000)]
  0x000001898b1d0d70 JavaThread "Cache worker for file content cache (C:\Users\anura\.gradle\caches\8.2\fileContent)" [_thread_blocked, id=10872, stack(0x000000888aa00000,0x000000888ab00000)]
  0x000001898b1cc540 JavaThread "Cache worker for file hash cache (C:\Users\anura\AndroidStudioProjects\MangalaSihinaya\.gradle\8.2\fileHashes)" [_thread_blocked, id=19000, stack(0x000000888ab00000,0x000000888ac00000)]
  0x000001898b1d1240 JavaThread "Cache worker for cache directory md-supplier (C:\Users\anura\.gradle\caches\8.2\md-supplier)" [_thread_blocked, id=12644, stack(0x000000888ac00000,0x000000888ad00000)]
  0x000001898b1ce6f0 JavaThread "Cache worker for execution history cache (C:\Users\anura\.gradle\caches\8.2\executionHistory)" [_thread_blocked, id=6108, stack(0x000000888ad00000,0x000000888ae00000)]
  0x000001898b1cb200 JavaThread "Cache worker for dependencies-accessors (C:\Users\anura\AndroidStudioProjects\MangalaSihinaya\.gradle\8.2\dependencies-accessors)" [_thread_blocked, id=1796, stack(0x0000008887b00000,0x0000008887c00000)]
  0x000001898ee31730 JavaThread "Cache worker for Build Output Cleanup Cache (C:\Users\anura\AndroidStudioProjects\MangalaSihinaya\.gradle\buildOutputCleanup)" [_thread_blocked, id=14544, stack(0x000000888ae00000,0x000000888af00000)]
  0x000001898ee32a70 JavaThread "Unconstrained build operations" [_thread_blocked, id=12020, stack(0x000000888b200000,0x000000888b300000)]
  0x000001898ee31260 JavaThread "Unconstrained build operations Thread 2" [_thread_blocked, id=16952, stack(0x000000888b300000,0x000000888b400000)]
  0x000001898ee2e240 JavaThread "Unconstrained build operations Thread 3" [_thread_blocked, id=3748, stack(0x000000888b400000,0x000000888b500000)]
  0x000001898ee32f40 JavaThread "Unconstrained build operations Thread 4" [_thread_blocked, id=16664, stack(0x000000888b500000,0x000000888b600000)]
  0x000001898ee34c20 JavaThread "Unconstrained build operations Thread 5" [_thread_blocked, id=8812, stack(0x000000888b600000,0x000000888b700000)]
  0x000001898ee2ff20 JavaThread "Unconstrained build operations Thread 6" [_thread_blocked, id=2332, stack(0x000000888b700000,0x000000888b800000)]
  0x000001898ee2fa50 JavaThread "Unconstrained build operations Thread 7" [_thread_blocked, id=1232, stack(0x000000888b800000,0x000000888b900000)]
  0x000001898ee33410 JavaThread "Unconstrained build operations Thread 8" [_thread_blocked, id=13420, stack(0x000000888b900000,0x000000888ba00000)]
  0x000001898ee338e0 JavaThread "Unconstrained build operations Thread 9" [_thread_blocked, id=17560, stack(0x000000888ba00000,0x000000888bb00000)]
  0x000001898ee34280 JavaThread "Unconstrained build operations Thread 10" [_thread_blocked, id=18460, stack(0x000000888bb00000,0x000000888bc00000)]
  0x000001898ee34750 JavaThread "Unconstrained build operations Thread 11" [_thread_blocked, id=18452, stack(0x000000888bc00000,0x000000888bd00000)]
  0x000001898ee325a0 JavaThread "Unconstrained build operations Thread 12" [_thread_blocked, id=17584, stack(0x000000888bd00000,0x000000888be00000)]
  0x000001898ee350f0 JavaThread "Unconstrained build operations Thread 13" [_thread_blocked, id=12376, stack(0x000000888be00000,0x000000888bf00000)]
  0x000001898ee355c0 JavaThread "Unconstrained build operations Thread 14" [_thread_blocked, id=14508, stack(0x000000888bf00000,0x000000888c000000)]
  0x000001898ee33db0 JavaThread "Unconstrained build operations Thread 15" [_thread_blocked, id=16208, stack(0x000000888c000000,0x000000888c100000)]
  0x000001898bfb38f0 JavaThread "C1 CompilerThread1" daemon [_thread_blocked, id=19048, stack(0x0000008887500000,0x0000008887600000)]
  0x000001898ee35a90 JavaThread "Memory manager" [_thread_blocked, id=15616, stack(0x000000888b000000,0x000000888b100000)]
  0x0000018991221a70 JavaThread "C1 CompilerThread2" daemon [_thread_blocked, id=7044, stack(0x000000888c200000,0x000000888c300000)]
  0x000001898ee2e710 JavaThread "pool-3-thread-1" [_thread_blocked, id=13276, stack(0x000000888c100000,0x000000888c200000)]
  0x0000018991225220 JavaThread "C1 CompilerThread3" daemon [_thread_blocked, id=15388, stack(0x000000888c300000,0x000000888c400000)]
  0x0000018991225730 JavaThread "C2 CompilerThread1" daemon [_thread_blocked, id=18652, stack(0x000000888a700000,0x000000888a800000)]
  0x000001898ee2ebe0 JavaThread "included builds" [_thread_in_vm, id=19332, stack(0x000000888af00000,0x000000888b000000)]
  0x000001898ee2f0b0 JavaThread "Execution worker" [_thread_blocked, id=15824, stack(0x000000888b100000,0x000000888b200000)]
  0x000001898ee31c00 JavaThread "Execution worker Thread 2" [_thread_blocked, id=17332, stack(0x000000888c400000,0x000000888c500000)]
  0x000001898ee308c0 JavaThread "Execution worker Thread 3" [_thread_blocked, id=16660, stack(0x000000888c500000,0x000000888c600000)]
  0x00000189919a7e60 JavaThread "Execution worker Thread 4" [_thread_blocked, id=2608, stack(0x000000888c600000,0x000000888c700000)]
  0x00000189919aae80 JavaThread "Execution worker Thread 5" [_thread_blocked, id=11796, stack(0x000000888c700000,0x000000888c800000)]
  0x00000189919abcf0 JavaThread "Execution worker Thread 6" [_thread_blocked, id=12324, stack(0x000000888c800000,0x000000888c900000)]
  0x00000189919a4e40 JavaThread "Execution worker Thread 7" [_thread_blocked, id=11984, stack(0x000000888c900000,0x000000888ca00000)]
  0x00000189919a57e0 JavaThread "Execution worker Thread 8" [_thread_blocked, id=17692, stack(0x000000888ca00000,0x000000888cb00000)]
  0x00000189919a5310 JavaThread "Execution worker Thread 9" [_thread_blocked, id=15028, stack(0x000000888cb00000,0x000000888cc00000)]
  0x00000189919a8800 JavaThread "Execution worker Thread 10" [_thread_blocked, id=4376, stack(0x000000888cc00000,0x000000888cd00000)]
  0x00000189919a6ff0 JavaThread "Execution worker Thread 11" [_thread_blocked, id=10504, stack(0x000000888cd00000,0x000000888ce00000)]
  0x00000189919ab350 JavaThread "Execution worker Thread 12" [_thread_blocked, id=6952, stack(0x000000888ce00000,0x000000888cf00000)]
  0x00000189919a4970 JavaThread "Execution worker Thread 13" [_thread_blocked, id=14232, stack(0x000000888cf00000,0x000000888d000000)]
  0x00000189919a8330 JavaThread "Execution worker Thread 14" [_thread_blocked, id=10916, stack(0x000000888d000000,0x000000888d100000)]
  0x00000189919a8cd0 JavaThread "Execution worker Thread 15" [_thread_blocked, id=10656, stack(0x000000888d100000,0x000000888d200000)]
  0x00000189919aa4e0 JavaThread "Cache worker for execution history cache (C:\Users\anura\AndroidStudioProjects\MangalaSihinaya\.gradle\8.2\executionHistory)" [_thread_blocked, id=16032, stack(0x000000888d200000,0x000000888d300000)]

Other Threads:
  0x00000189ffc4ec30 VMThread "VM Thread" [stack: 0x0000008886900000,0x0000008886a00000] [id=18288]
  0x000001898a3be5a0 WatcherThread [stack: 0x0000008887700000,0x0000008887800000] [id=18172]
  0x00000189eb344d30 GCTaskThread "GC Thread#0" [stack: 0x0000008886400000,0x0000008886500000] [id=18532]
  0x000001898b05e450 GCTaskThread "GC Thread#1" [stack: 0x0000008887c00000,0x0000008887d00000] [id=13512]
  0x000001898b097e60 GCTaskThread "GC Thread#2" [stack: 0x0000008887d00000,0x0000008887e00000] [id=15020]
  0x000001898b8a81a0 GCTaskThread "GC Thread#3" [stack: 0x0000008887e00000,0x0000008887f00000] [id=14692]
  0x000001898af55480 GCTaskThread "GC Thread#4" [stack: 0x0000008887f00000,0x0000008888000000] [id=9432]
  0x000001898af55730 GCTaskThread "GC Thread#5" [stack: 0x0000008888000000,0x0000008888100000] [id=19248]
  0x000001898c27f5a0 GCTaskThread "GC Thread#6" [stack: 0x0000008888900000,0x0000008888a00000] [id=9524]
  0x000001898bc8dea0 GCTaskThread "GC Thread#7" [stack: 0x0000008888a00000,0x0000008888b00000] [id=8648]
  0x000001898ba5c3e0 GCTaskThread "GC Thread#8" [stack: 0x0000008888b00000,0x0000008888c00000] [id=2164]
  0x000001898bee08a0 GCTaskThread "GC Thread#9" [stack: 0x0000008888c00000,0x0000008888d00000] [id=18216]
  0x000001898c7aadd0 GCTaskThread "GC Thread#10" [stack: 0x0000008888d00000,0x0000008888e00000] [id=11024]
  0x000001898c850e40 GCTaskThread "GC Thread#11" [stack: 0x0000008888e00000,0x0000008888f00000] [id=7732]
  0x000001898c851bb0 GCTaskThread "GC Thread#12" [stack: 0x0000008888f00000,0x0000008889000000] [id=15704]
  0x00000189eb358c90 ConcurrentGCThread "G1 Main Marker" [stack: 0x0000008886500000,0x0000008886600000] [id=4352]
  0x00000189eb3596a0 ConcurrentGCThread "G1 Conc#0" [stack: 0x0000008886600000,0x0000008886700000] [id=3416]
  0x000001898c851650 ConcurrentGCThread "G1 Conc#1" [stack: 0x0000008889000000,0x0000008889100000] [id=7604]
  0x000001898c8513a0 ConcurrentGCThread "G1 Conc#2" [stack: 0x0000008889100000,0x0000008889200000] [id=18440]
  0x00000189eb3ad790 ConcurrentGCThread "G1 Refine#0" [stack: 0x0000008886700000,0x0000008886800000] [id=3660]
  0x00000189eb3ae1b0 ConcurrentGCThread "G1 Service" [stack: 0x0000008886800000,0x0000008886900000] [id=19200]

Threads with active compile tasks:
C2 CompilerThread0    58231 9798       4       org.gradle.internal.reflect.ClassInspector::inspectClass (179 bytes)

VM state: not at safepoint (normal execution)

VM Mutex/Monitor currently owned by a thread:  ([mutex/lock_event])
[0x00000189eb2e4aa0] Metaspace_lock - owner thread: 0x000001898ee2ebe0

Heap address: 0x0000000080000000, size: 2048 MB, Compressed Oops mode: 32-bit

CDS archive(s) not mapped
Compressed class space mapped at: 0x0000000100000000-0x0000000140000000, reserved size: 1073741824
Narrow klass base: 0x0000000000000000, Narrow klass shift: 3, Narrow klass range: 0x140000000

GC Precious Log:
 CPUs: 16 total, 16 available
 Memory: 16209M
 Large Page Support: Disabled
 NUMA Support: Disabled
 Compressed Oops: Enabled (32-bit)
 Heap Region Size: 1M
 Heap Min Capacity: 8M
 Heap Initial Capacity: 254M
 Heap Max Capacity: 2G
 Pre-touch: Disabled
 Parallel Workers: 13
 Concurrent Workers: 3
 Concurrent Refinement Workers: 13
 Periodic GC: Disabled

Heap:
 garbage-first heap   total 335872K, used 150773K [0x0000000080000000, 0x0000000100000000)
  region size 1024K, 35 young (35840K), 10 survivors (10240K)
 Metaspace       used 87031K, committed 87744K, reserved 1179648K
  class space    used 11703K, committed 12032K, reserved 1048576K

Heap Regions: E=young(eden), S=young(survivor), O=old, HS=humongous(starts), HC=humongous(continues), CS=collection set, F=free, OA=open archive, CA=closed archive, TAMS=top-at-mark-start (previous, next)
|   0|0x0000000080000000, 0x0000000080100000, 0x0000000080100000|100%|HS|  |TAMS 0x0000000080100000, 0x0000000080000000| Complete 
|   1|0x0000000080100000, 0x0000000080200000, 0x0000000080200000|100%|HC|  |TAMS 0x0000000080200000, 0x0000000080100000| Complete 
|   2|0x0000000080200000, 0x0000000080300000, 0x0000000080300000|100%|HC|  |TAMS 0x0000000080300000, 0x0000000080200000| Complete 
|   3|0x0000000080300000, 0x0000000080400000, 0x0000000080400000|100%|HC|  |TAMS 0x0000000080400000, 0x0000000080300000| Complete 
|   4|0x0000000080400000, 0x0000000080500000, 0x0000000080500000|100%| O|  |TAMS 0x0000000080500000, 0x0000000080400000| Untracked 
|   5|0x0000000080500000, 0x0000000080600000, 0x0000000080600000|100%| O|  |TAMS 0x0000000080600000, 0x0000000080500000| Untracked 
|   6|0x0000000080600000, 0x0000000080700000, 0x0000000080700000|100%| O|  |TAMS 0x0000000080700000, 0x0000000080600000| Untracked 
|   7|0x0000000080700000, 0x0000000080800000, 0x0000000080800000|100%| O|  |TAMS 0x0000000080800000, 0x0000000080700000| Untracked 
|   8|0x0000000080800000, 0x0000000080900000, 0x0000000080900000|100%| O|  |TAMS 0x0000000080900000, 0x0000000080800000| Untracked 
|   9|0x0000000080900000, 0x0000000080a00000, 0x0000000080a00000|100%| O|  |TAMS 0x0000000080a00000, 0x0000000080900000| Untracked 
|  10|0x0000000080a00000, 0x0000000080b00000, 0x0000000080b00000|100%| O|  |TAMS 0x0000000080b00000, 0x0000000080a00000| Untracked 
|  11|0x0000000080b00000, 0x0000000080c00000, 0x0000000080c00000|100%| O|  |TAMS 0x0000000080c00000, 0x0000000080b00000| Untracked 
|  12|0x0000000080c00000, 0x0000000080d00000, 0x0000000080d00000|100%| O|  |TAMS 0x0000000080d00000, 0x0000000080c00000| Untracked 
|  13|0x0000000080d00000, 0x0000000080e00000, 0x0000000080e00000|100%| O|  |TAMS 0x0000000080e00000, 0x0000000080d00000| Untracked 
|  14|0x0000000080e00000, 0x0000000080f00000, 0x0000000080f00000|100%| O|  |TAMS 0x0000000080f00000, 0x0000000080e00000| Untracked 
|  15|0x0000000080f00000, 0x0000000081000000, 0x0000000081000000|100%| O|  |TAMS 0x0000000081000000, 0x0000000080f00000| Untracked 
|  16|0x0000000081000000, 0x0000000081100000, 0x0000000081100000|100%| O|  |TAMS 0x0000000081100000, 0x0000000081000000| Untracked 
|  17|0x0000000081100000, 0x0000000081200000, 0x0000000081200000|100%| O|  |TAMS 0x0000000081200000, 0x0000000081100000| Untracked 
|  18|0x0000000081200000, 0x0000000081300000, 0x0000000081300000|100%| O|  |TAMS 0x0000000081300000, 0x0000000081200000| Untracked 
|  19|0x0000000081300000, 0x0000000081400000, 0x0000000081400000|100%|HS|  |TAMS 0x0000000081400000, 0x0000000081300000| Complete 
|  20|0x0000000081400000, 0x0000000081500000, 0x0000000081500000|100%|HC|  |TAMS 0x0000000081500000, 0x0000000081400000| Complete 
|  21|0x0000000081500000, 0x0000000081600000, 0x0000000081600000|100%|HS|  |TAMS 0x0000000081600000, 0x0000000081500000| Complete 
|  22|0x0000000081600000, 0x0000000081700000, 0x0000000081700000|100%|HC|  |TAMS 0x0000000081700000, 0x0000000081600000| Complete 
|  23|0x0000000081700000, 0x0000000081800000, 0x0000000081800000|100%|HC|  |TAMS 0x0000000081800000, 0x0000000081700000| Complete 
|  24|0x0000000081800000, 0x0000000081900000, 0x0000000081900000|100%|HS|  |TAMS 0x0000000081900000, 0x0000000081800000| Complete 
|  25|0x0000000081900000, 0x0000000081a00000, 0x0000000081a00000|100%|HC|  |TAMS 0x0000000081a00000, 0x0000000081900000| Complete 
|  26|0x0000000081a00000, 0x0000000081b00000, 0x0000000081b00000|100%| O|  |TAMS 0x0000000081b00000, 0x0000000081a00000| Untracked 
|  27|0x0000000081b00000, 0x0000000081c00000, 0x0000000081c00000|100%| O|  |TAMS 0x0000000081c00000, 0x0000000081b00000| Untracked 
|  28|0x0000000081c00000, 0x0000000081d00000, 0x0000000081d00000|100%| O|  |TAMS 0x0000000081d00000, 0x0000000081c00000| Untracked 
|  29|0x0000000081d00000, 0x0000000081e00000, 0x0000000081e00000|100%|HS|  |TAMS 0x0000000081e00000, 0x0000000081d00000| Complete 
|  30|0x0000000081e00000, 0x0000000081f00000, 0x0000000081f00000|100%|HC|  |TAMS 0x0000000081f00000, 0x0000000081e00000| Complete 
|  31|0x0000000081f00000, 0x0000000082000000, 0x0000000082000000|100%|HC|  |TAMS 0x0000000082000000, 0x0000000081f00000| Complete 
|  32|0x0000000082000000, 0x0000000082100000, 0x0000000082100000|100%|HC|  |TAMS 0x0000000082100000, 0x0000000082000000| Complete 
|  33|0x0000000082100000, 0x0000000082200000, 0x0000000082200000|100%|HC|  |TAMS 0x0000000082200000, 0x0000000082100000| Complete 
|  34|0x0000000082200000, 0x0000000082300000, 0x0000000082300000|100%|HC|  |TAMS 0x0000000082300000, 0x0000000082200000| Complete 
|  35|0x0000000082300000, 0x0000000082400000, 0x0000000082400000|100%|HC|  |TAMS 0x0000000082400000, 0x0000000082300000| Complete 
|  36|0x0000000082400000, 0x0000000082500000, 0x0000000082500000|100%|HC|  |TAMS 0x0000000082500000, 0x0000000082400000| Complete 
|  37|0x0000000082500000, 0x0000000082600000, 0x0000000082600000|100%|HC|  |TAMS 0x0000000082600000, 0x0000000082500000| Complete 
|  38|0x0000000082600000, 0x0000000082700000, 0x0000000082700000|100%|HC|  |TAMS 0x0000000082700000, 0x0000000082600000| Complete 
|  39|0x0000000082700000, 0x0000000082800000, 0x0000000082800000|100%|HC|  |TAMS 0x0000000082800000, 0x0000000082700000| Complete 
|  40|0x0000000082800000, 0x0000000082900000, 0x0000000082900000|100%|HC|  |TAMS 0x0000000082900000, 0x0000000082800000| Complete 
|  41|0x0000000082900000, 0x0000000082a00000, 0x0000000082a00000|100%| O|  |TAMS 0x0000000082a00000, 0x0000000082900000| Untracked 
|  42|0x0000000082a00000, 0x0000000082b00000, 0x0000000082b00000|100%| O|  |TAMS 0x0000000082b00000, 0x0000000082a00000| Untracked 
|  43|0x0000000082b00000, 0x0000000082c00000, 0x0000000082c00000|100%| O|  |TAMS 0x0000000082c00000, 0x0000000082b00000| Untracked 
|  44|0x0000000082c00000, 0x0000000082d00000, 0x0000000082d00000|100%|HS|  |TAMS 0x0000000082d00000, 0x0000000082c00000| Complete 
|  45|0x0000000082d00000, 0x0000000082e00000, 0x0000000082e00000|100%|HC|  |TAMS 0x0000000082e00000, 0x0000000082d00000| Complete 
|  46|0x0000000082e00000, 0x0000000082f00000, 0x0000000082f00000|100%| O|  |TAMS 0x0000000082f00000, 0x0000000082e00000| Untracked 
|  47|0x0000000082f00000, 0x0000000083000000, 0x0000000083000000|100%| O|  |TAMS 0x0000000083000000, 0x0000000082f00000| Untracked 
|  48|0x0000000083000000, 0x0000000083100000, 0x0000000083100000|100%| O|  |TAMS 0x0000000083100000, 0x0000000083000000| Untracked 
|  49|0x0000000083100000, 0x0000000083200000, 0x0000000083200000|100%| O|  |TAMS 0x0000000083200000, 0x0000000083100000| Untracked 
|  50|0x0000000083200000, 0x0000000083300000, 0x0000000083300000|100%| O|  |TAMS 0x0000000083300000, 0x0000000083200000| Untracked 
|  51|0x0000000083300000, 0x0000000083400000, 0x0000000083400000|100%| O|  |TAMS 0x0000000083400000, 0x0000000083300000| Untracked 
|  52|0x0000000083400000, 0x0000000083500000, 0x0000000083500000|100%| O|  |TAMS 0x0000000083500000, 0x0000000083400000| Untracked 
|  53|0x0000000083500000, 0x0000000083600000, 0x0000000083600000|100%| O|  |TAMS 0x0000000083600000, 0x0000000083500000| Untracked 
|  54|0x0000000083600000, 0x0000000083700000, 0x0000000083700000|100%| O|  |TAMS 0x0000000083700000, 0x0000000083600000| Untracked 
|  55|0x0000000083700000, 0x0000000083800000, 0x0000000083800000|100%|HS|  |TAMS 0x0000000083800000, 0x0000000083700000| Complete 
|  56|0x0000000083800000, 0x0000000083900000, 0x0000000083900000|100%|HC|  |TAMS 0x0000000083900000, 0x0000000083800000| Complete 
|  57|0x0000000083900000, 0x0000000083a00000, 0x0000000083a00000|100%|HC|  |TAMS 0x0000000083a00000, 0x0000000083900000| Complete 
|  58|0x0000000083a00000, 0x0000000083b00000, 0x0000000083b00000|100%| O|  |TAMS 0x0000000083b00000, 0x0000000083a00000| Untracked 
|  59|0x0000000083b00000, 0x0000000083c00000, 0x0000000083c00000|100%| O|  |TAMS 0x0000000083c00000, 0x0000000083b00000| Untracked 
|  60|0x0000000083c00000, 0x0000000083d00000, 0x0000000083d00000|100%| O|  |TAMS 0x0000000083d00000, 0x0000000083c00000| Untracked 
|  61|0x0000000083d00000, 0x0000000083e00000, 0x0000000083e00000|100%| O|  |TAMS 0x0000000083e00000, 0x0000000083d00000| Untracked 
|  62|0x0000000083e00000, 0x0000000083f00000, 0x0000000083f00000|100%| O|  |TAMS 0x0000000083f00000, 0x0000000083e00000| Untracked 
|  63|0x0000000083f00000, 0x0000000084000000, 0x0000000084000000|100%| O|  |TAMS 0x0000000084000000, 0x0000000083f00000| Untracked 
|  64|0x0000000084000000, 0x0000000084100000, 0x0000000084100000|100%| O|  |TAMS 0x0000000084100000, 0x0000000084000000| Untracked 
|  65|0x0000000084100000, 0x0000000084200000, 0x0000000084200000|100%| O|  |TAMS 0x0000000084200000, 0x0000000084100000| Complete 
|  66|0x0000000084200000, 0x0000000084300000, 0x0000000084300000|100%| O|  |TAMS 0x0000000084200000, 0x0000000084200000| Untracked 
|  67|0x0000000084300000, 0x0000000084400000, 0x0000000084400000|100%| O|  |TAMS 0x0000000084400000, 0x0000000084300000| Untracked 
|  68|0x0000000084400000, 0x0000000084500000, 0x0000000084500000|100%| O|  |TAMS 0x0000000084500000, 0x0000000084400000| Untracked 
|  69|0x0000000084500000, 0x0000000084600000, 0x0000000084600000|100%| O|  |TAMS 0x0000000084600000, 0x0000000084500000| Untracked 
|  70|0x0000000084600000, 0x0000000084700000, 0x0000000084700000|100%|HS|  |TAMS 0x0000000084700000, 0x0000000084600000| Complete 
|  71|0x0000000084700000, 0x0000000084800000, 0x0000000084800000|100%|HS|  |TAMS 0x0000000084800000, 0x0000000084700000| Complete 
|  72|0x0000000084800000, 0x0000000084900000, 0x0000000084900000|100%|HS|  |TAMS 0x0000000084900000, 0x0000000084800000| Complete 
|  73|0x0000000084900000, 0x0000000084a00000, 0x0000000084a00000|100%|HS|  |TAMS 0x0000000084a00000, 0x0000000084900000| Complete 
|  74|0x0000000084a00000, 0x0000000084b00000, 0x0000000084b00000|100%| O|  |TAMS 0x0000000084b00000, 0x0000000084a00000| Untracked 
|  75|0x0000000084b00000, 0x0000000084c00000, 0x0000000084c00000|100%|HS|  |TAMS 0x0000000084c00000, 0x0000000084b00000| Complete 
|  76|0x0000000084c00000, 0x0000000084d00000, 0x0000000084d00000|100%| O|  |TAMS 0x0000000084d00000, 0x0000000084c00000| Untracked 
|  77|0x0000000084d00000, 0x0000000084e00000, 0x0000000084e00000|100%| O|  |TAMS 0x0000000084e00000, 0x0000000084d00000| Untracked 
|  78|0x0000000084e00000, 0x0000000084f00000, 0x0000000084f00000|100%| O|  |TAMS 0x0000000084f00000, 0x0000000084e00000| Untracked 
|  79|0x0000000084f00000, 0x0000000085000000, 0x0000000085000000|100%| O|  |TAMS 0x0000000085000000, 0x0000000084f00000| Untracked 
|  80|0x0000000085000000, 0x0000000085100000, 0x0000000085100000|100%| O|  |TAMS 0x0000000085100000, 0x0000000085000000| Untracked 
|  81|0x0000000085100000, 0x0000000085200000, 0x0000000085200000|100%| O|  |TAMS 0x0000000085200000, 0x0000000085100000| Untracked 
|  82|0x0000000085200000, 0x0000000085300000, 0x0000000085300000|100%| O|  |TAMS 0x0000000085300000, 0x0000000085200000| Untracked 
|  83|0x0000000085300000, 0x0000000085400000, 0x0000000085400000|100%| O|  |TAMS 0x0000000085400000, 0x0000000085300000| Untracked 
|  84|0x0000000085400000, 0x0000000085500000, 0x0000000085500000|100%| O|  |TAMS 0x0000000085500000, 0x0000000085400000| Untracked 
|  85|0x0000000085500000, 0x0000000085600000, 0x0000000085600000|100%| O|  |TAMS 0x0000000085600000, 0x0000000085500000| Untracked 
|  86|0x0000000085600000, 0x0000000085700000, 0x0000000085700000|100%| O|  |TAMS 0x0000000085700000, 0x0000000085600000| Untracked 
|  87|0x0000000085700000, 0x0000000085800000, 0x0000000085800000|100%| O|  |TAMS 0x00000000857a5600, 0x0000000085700000| Untracked 
|  88|0x0000000085800000, 0x0000000085900000, 0x0000000085900000|100%| O|  |TAMS 0x0000000085800000, 0x0000000085800000| Untracked 
|  89|0x0000000085900000, 0x0000000085a00000, 0x0000000085a00000|100%| O|  |TAMS 0x0000000085900000, 0x0000000085900000| Untracked 
|  90|0x0000000085a00000, 0x0000000085b00000, 0x0000000085b00000|100%| O|  |TAMS 0x0000000085a00000, 0x0000000085a00000| Untracked 
|  91|0x0000000085b00000, 0x0000000085c00000, 0x0000000085c00000|100%| O|  |TAMS 0x0000000085b00000, 0x0000000085b00000| Untracked 
|  92|0x0000000085c00000, 0x0000000085c47c00, 0x0000000085d00000| 28%| O|  |TAMS 0x0000000085c00000, 0x0000000085c00000| Untracked 
|  93|0x0000000085d00000, 0x0000000085e00000, 0x0000000085e00000|100%|HS|  |TAMS 0x0000000085e00000, 0x0000000085d00000| Complete 
|  94|0x0000000085e00000, 0x0000000085f00000, 0x0000000085f00000|100%|HC|  |TAMS 0x0000000085f00000, 0x0000000085e00000| Complete 
|  95|0x0000000085f00000, 0x0000000086000000, 0x0000000086000000|100%|HS|  |TAMS 0x0000000086000000, 0x0000000085f00000| Complete 
|  96|0x0000000086000000, 0x0000000086100000, 0x0000000086100000|100%|HC|  |TAMS 0x0000000086100000, 0x0000000086000000| Complete 
|  97|0x0000000086100000, 0x0000000086200000, 0x0000000086200000|100%|HC|  |TAMS 0x0000000086200000, 0x0000000086100000| Complete 
|  98|0x0000000086200000, 0x0000000086300000, 0x0000000086300000|100%|HS|  |TAMS 0x0000000086300000, 0x0000000086200000| Complete 
|  99|0x0000000086300000, 0x0000000086400000, 0x0000000086400000|100%|HC|  |TAMS 0x0000000086400000, 0x0000000086300000| Complete 
| 100|0x0000000086400000, 0x0000000086500000, 0x0000000086500000|100%|HS|  |TAMS 0x0000000086500000, 0x0000000086400000| Complete 
| 101|0x0000000086500000, 0x0000000086600000, 0x0000000086600000|100%|HC|  |TAMS 0x0000000086600000, 0x0000000086500000| Complete 
| 102|0x0000000086600000, 0x0000000086700000, 0x0000000086700000|100%|HC|  |TAMS 0x0000000086700000, 0x0000000086600000| Complete 
| 103|0x0000000086700000, 0x0000000086800000, 0x0000000086800000|100%|HC|  |TAMS 0x0000000086800000, 0x0000000086700000| Complete 
| 104|0x0000000086800000, 0x0000000086900000, 0x0000000086900000|100%|HC|  |TAMS 0x0000000086900000, 0x0000000086800000| Complete 
| 105|0x0000000086900000, 0x0000000086a00000, 0x0000000086a00000|100%|HC|  |TAMS 0x0000000086a00000, 0x0000000086900000| Complete 
| 106|0x0000000086a00000, 0x0000000086b00000, 0x0000000086b00000|100%|HC|  |TAMS 0x0000000086b00000, 0x0000000086a00000| Complete 
| 107|0x0000000086b00000, 0x0000000086c00000, 0x0000000086c00000|100%|HC|  |TAMS 0x0000000086c00000, 0x0000000086b00000| Complete 
| 108|0x0000000086c00000, 0x0000000086d00000, 0x0000000086d00000|100%|HC|  |TAMS 0x0000000086d00000, 0x0000000086c00000| Complete 
| 109|0x0000000086d00000, 0x0000000086e00000, 0x0000000086e00000|100%|HC|  |TAMS 0x0000000086e00000, 0x0000000086d00000| Complete 
| 110|0x0000000086e00000, 0x0000000086f00000, 0x0000000086f00000|100%|HC|  |TAMS 0x0000000086f00000, 0x0000000086e00000| Complete 
| 111|0x0000000086f00000, 0x0000000087000000, 0x0000000087000000|100%|HC|  |TAMS 0x0000000087000000, 0x0000000086f00000| Complete 
| 112|0x0000000087000000, 0x0000000087100000, 0x0000000087100000|100%|HS|  |TAMS 0x0000000087000000, 0x0000000087000000| Complete 
| 113|0x0000000087100000, 0x0000000087200000, 0x0000000087200000|100%|HC|  |TAMS 0x0000000087100000, 0x0000000087100000| Complete 
| 114|0x0000000087200000, 0x0000000087200000, 0x0000000087300000|  0%| F|  |TAMS 0x0000000087200000, 0x0000000087200000| Untracked 
| 115|0x0000000087300000, 0x0000000087300000, 0x0000000087400000|  0%| F|  |TAMS 0x0000000087300000, 0x0000000087300000| Untracked 
| 116|0x0000000087400000, 0x0000000087400000, 0x0000000087500000|  0%| F|  |TAMS 0x0000000087400000, 0x0000000087400000| Untracked 
| 117|0x0000000087500000, 0x0000000087500000, 0x0000000087600000|  0%| F|  |TAMS 0x0000000087500000, 0x0000000087500000| Untracked 
| 118|0x0000000087600000, 0x0000000087600000, 0x0000000087700000|  0%| F|  |TAMS 0x0000000087600000, 0x0000000087600000| Untracked 
| 119|0x0000000087700000, 0x0000000087700000, 0x0000000087800000|  0%| F|  |TAMS 0x0000000087700000, 0x0000000087700000| Untracked 
| 120|0x0000000087800000, 0x0000000087800000, 0x0000000087900000|  0%| F|  |TAMS 0x0000000087800000, 0x0000000087800000| Untracked 
| 121|0x0000000087900000, 0x0000000087900000, 0x0000000087a00000|  0%| F|  |TAMS 0x0000000087900000, 0x0000000087900000| Untracked 
| 122|0x0000000087a00000, 0x0000000087a00000, 0x0000000087b00000|  0%| F|  |TAMS 0x0000000087a00000, 0x0000000087a00000| Untracked 
| 123|0x0000000087b00000, 0x0000000087b00000, 0x0000000087c00000|  0%| F|  |TAMS 0x0000000087b00000, 0x0000000087b00000| Untracked 
| 124|0x0000000087c00000, 0x0000000087c00000, 0x0000000087d00000|  0%| F|  |TAMS 0x0000000087c00000, 0x0000000087c00000| Untracked 
| 125|0x0000000087d00000, 0x0000000087d00000, 0x0000000087e00000|  0%| F|  |TAMS 0x0000000087d00000, 0x0000000087d00000| Untracked 
| 126|0x0000000087e00000, 0x0000000087e00000, 0x0000000087f00000|  0%| F|  |TAMS 0x0000000087e00000, 0x0000000087e00000| Untracked 
| 127|0x0000000087f00000, 0x0000000087f00000, 0x0000000088000000|  0%| F|  |TAMS 0x0000000087f00000, 0x0000000087f00000| Untracked 
| 128|0x0000000088000000, 0x0000000088000000, 0x0000000088100000|  0%| F|  |TAMS 0x0000000088000000, 0x0000000088000000| Untracked 
| 129|0x0000000088100000, 0x0000000088100000, 0x0000000088200000|  0%| F|  |TAMS 0x0000000088100000, 0x0000000088100000| Untracked 
| 130|0x0000000088200000, 0x0000000088200000, 0x0000000088300000|  0%| F|  |TAMS 0x0000000088200000, 0x0000000088200000| Untracked 
| 131|0x0000000088300000, 0x0000000088300000, 0x0000000088400000|  0%| F|  |TAMS 0x0000000088300000, 0x0000000088300000| Untracked 
| 132|0x0000000088400000, 0x0000000088400000, 0x0000000088500000|  0%| F|  |TAMS 0x0000000088400000, 0x0000000088400000| Untracked 
| 133|0x0000000088500000, 0x0000000088500000, 0x0000000088600000|  0%| F|  |TAMS 0x0000000088500000, 0x0000000088500000| Untracked 
| 134|0x0000000088600000, 0x0000000088600000, 0x0000000088700000|  0%| F|  |TAMS 0x0000000088600000, 0x0000000088600000| Untracked 
| 135|0x0000000088700000, 0x0000000088700000, 0x0000000088800000|  0%| F|  |TAMS 0x0000000088700000, 0x0000000088700000| Untracked 
| 136|0x0000000088800000, 0x0000000088800000, 0x0000000088900000|  0%| F|  |TAMS 0x0000000088800000, 0x0000000088800000| Untracked 
| 137|0x0000000088900000, 0x0000000088900000, 0x0000000088a00000|  0%| F|  |TAMS 0x0000000088900000, 0x0000000088900000| Untracked 
| 138|0x0000000088a00000, 0x0000000088a00000, 0x0000000088b00000|  0%| F|  |TAMS 0x0000000088a00000, 0x0000000088a00000| Untracked 
| 139|0x0000000088b00000, 0x0000000088b00000, 0x0000000088c00000|  0%| F|  |TAMS 0x0000000088b00000, 0x0000000088b00000| Untracked 
| 140|0x0000000088c00000, 0x0000000088c00000, 0x0000000088d00000|  0%| F|  |TAMS 0x0000000088c00000, 0x0000000088c00000| Untracked 
| 141|0x0000000088d00000, 0x0000000088d00000, 0x0000000088e00000|  0%| F|  |TAMS 0x0000000088d00000, 0x0000000088d00000| Untracked 
| 142|0x0000000088e00000, 0x0000000088e00000, 0x0000000088f00000|  0%| F|  |TAMS 0x0000000088e00000, 0x0000000088e00000| Untracked 
| 143|0x0000000088f00000, 0x0000000088f00000, 0x0000000089000000|  0%| F|  |TAMS 0x0000000088f00000, 0x0000000088f00000| Untracked 
| 144|0x0000000089000000, 0x0000000089000000, 0x0000000089100000|  0%| F|  |TAMS 0x0000000089000000, 0x0000000089000000| Untracked 
| 145|0x0000000089100000, 0x0000000089100000, 0x0000000089200000|  0%| F|  |TAMS 0x0000000089100000, 0x0000000089100000| Untracked 
| 146|0x0000000089200000, 0x0000000089200000, 0x0000000089300000|  0%| F|  |TAMS 0x0000000089200000, 0x0000000089200000| Untracked 
| 147|0x0000000089300000, 0x0000000089300000, 0x0000000089400000|  0%| F|  |TAMS 0x0000000089300000, 0x0000000089300000| Untracked 
| 148|0x0000000089400000, 0x0000000089400000, 0x0000000089500000|  0%| F|  |TAMS 0x0000000089400000, 0x0000000089400000| Untracked 
| 149|0x0000000089500000, 0x0000000089500000, 0x0000000089600000|  0%| F|  |TAMS 0x0000000089500000, 0x0000000089500000| Untracked 
| 150|0x0000000089600000, 0x0000000089600000, 0x0000000089700000|  0%| F|  |TAMS 0x0000000089600000, 0x0000000089600000| Untracked 
| 151|0x0000000089700000, 0x0000000089700000, 0x0000000089800000|  0%| F|  |TAMS 0x0000000089700000, 0x0000000089700000| Untracked 
| 152|0x0000000089800000, 0x0000000089800000, 0x0000000089900000|  0%| F|  |TAMS 0x0000000089800000, 0x0000000089800000| Untracked 
| 153|0x0000000089900000, 0x0000000089900000, 0x0000000089a00000|  0%| F|  |TAMS 0x0000000089900000, 0x0000000089900000| Untracked 
| 154|0x0000000089a00000, 0x0000000089a00000, 0x0000000089b00000|  0%| F|  |TAMS 0x0000000089a00000, 0x0000000089a00000| Untracked 
| 155|0x0000000089b00000, 0x0000000089b00000, 0x0000000089c00000|  0%| F|  |TAMS 0x0000000089b00000, 0x0000000089b00000| Untracked 
| 156|0x0000000089c00000, 0x0000000089c00000, 0x0000000089d00000|  0%| F|  |TAMS 0x0000000089c00000, 0x0000000089c00000| Untracked 
| 157|0x0000000089d00000, 0x0000000089d00000, 0x0000000089e00000|  0%| F|  |TAMS 0x0000000089d00000, 0x0000000089d00000| Untracked 
| 158|0x0000000089e00000, 0x0000000089e00000, 0x0000000089f00000|  0%| F|  |TAMS 0x0000000089e00000, 0x0000000089e00000| Untracked 
| 159|0x0000000089f00000, 0x0000000089f00000, 0x000000008a000000|  0%| F|  |TAMS 0x0000000089f00000, 0x0000000089f00000| Untracked 
| 160|0x000000008a000000, 0x000000008a000000, 0x000000008a100000|  0%| F|  |TAMS 0x000000008a000000, 0x000000008a000000| Untracked 
| 161|0x000000008a100000, 0x000000008a100000, 0x000000008a200000|  0%| F|  |TAMS 0x000000008a100000, 0x000000008a100000| Untracked 
| 162|0x000000008a200000, 0x000000008a200000, 0x000000008a300000|  0%| F|  |TAMS 0x000000008a200000, 0x000000008a200000| Untracked 
| 163|0x000000008a300000, 0x000000008a300000, 0x000000008a400000|  0%| F|  |TAMS 0x000000008a300000, 0x000000008a300000| Untracked 
| 164|0x000000008a400000, 0x000000008a400000, 0x000000008a500000|  0%| F|  |TAMS 0x000000008a400000, 0x000000008a400000| Untracked 
| 165|0x000000008a500000, 0x000000008a500000, 0x000000008a600000|  0%| F|  |TAMS 0x000000008a500000, 0x000000008a500000| Untracked 
| 166|0x000000008a600000, 0x000000008a600000, 0x000000008a700000|  0%| F|  |TAMS 0x000000008a600000, 0x000000008a600000| Untracked 
| 167|0x000000008a700000, 0x000000008a700000, 0x000000008a800000|  0%| F|  |TAMS 0x000000008a700000, 0x000000008a700000| Untracked 
| 168|0x000000008a800000, 0x000000008a800000, 0x000000008a900000|  0%| F|  |TAMS 0x000000008a800000, 0x000000008a800000| Untracked 
| 169|0x000000008a900000, 0x000000008a900000, 0x000000008aa00000|  0%| F|  |TAMS 0x000000008a900000, 0x000000008a900000| Untracked 
| 170|0x000000008aa00000, 0x000000008aa00000, 0x000000008ab00000|  0%| F|  |TAMS 0x000000008aa00000, 0x000000008aa00000| Untracked 
| 171|0x000000008ab00000, 0x000000008ab00000, 0x000000008ac00000|  0%| F|  |TAMS 0x000000008ab00000, 0x000000008ab00000| Untracked 
| 172|0x000000008ac00000, 0x000000008ac00000, 0x000000008ad00000|  0%| F|  |TAMS 0x000000008ac00000, 0x000000008ac00000| Untracked 
| 173|0x000000008ad00000, 0x000000008ad00000, 0x000000008ae00000|  0%| F|  |TAMS 0x000000008ad00000, 0x000000008ad00000| Untracked 
| 174|0x000000008ae00000, 0x000000008ae00000, 0x000000008af00000|  0%| F|  |TAMS 0x000000008ae00000, 0x000000008ae00000| Untracked 
| 175|0x000000008af00000, 0x000000008af00000, 0x000000008b000000|  0%| F|  |TAMS 0x000000008af00000, 0x000000008af00000| Untracked 
| 176|0x000000008b000000, 0x000000008b000000, 0x000000008b100000|  0%| F|  |TAMS 0x000000008b000000, 0x000000008b000000| Untracked 
| 177|0x000000008b100000, 0x000000008b100000, 0x000000008b200000|  0%| F|  |TAMS 0x000000008b100000, 0x000000008b100000| Untracked 
| 178|0x000000008b200000, 0x000000008b200000, 0x000000008b300000|  0%| F|  |TAMS 0x000000008b200000, 0x000000008b200000| Untracked 
| 179|0x000000008b300000, 0x000000008b300000, 0x000000008b400000|  0%| F|  |TAMS 0x000000008b300000, 0x000000008b300000| Untracked 
| 180|0x000000008b400000, 0x000000008b400000, 0x000000008b500000|  0%| F|  |TAMS 0x000000008b400000, 0x000000008b400000| Untracked 
| 181|0x000000008b500000, 0x000000008b500000, 0x000000008b600000|  0%| F|  |TAMS 0x000000008b500000, 0x000000008b500000| Untracked 
| 182|0x000000008b600000, 0x000000008b600000, 0x000000008b700000|  0%| F|  |TAMS 0x000000008b600000, 0x000000008b600000| Untracked 
| 183|0x000000008b700000, 0x000000008b700000, 0x000000008b800000|  0%| F|  |TAMS 0x000000008b700000, 0x000000008b700000| Untracked 
| 184|0x000000008b800000, 0x000000008b800000, 0x000000008b900000|  0%| F|  |TAMS 0x000000008b800000, 0x000000008b800000| Untracked 
| 185|0x000000008b900000, 0x000000008b900000, 0x000000008ba00000|  0%| F|  |TAMS 0x000000008b900000, 0x000000008b900000| Untracked 
| 186|0x000000008ba00000, 0x000000008ba00000, 0x000000008bb00000|  0%| F|  |TAMS 0x000000008ba00000, 0x000000008ba00000| Untracked 
| 187|0x000000008bb00000, 0x000000008bb00000, 0x000000008bc00000|  0%| F|  |TAMS 0x000000008bb00000, 0x000000008bb00000| Untracked 
| 188|0x000000008bc00000, 0x000000008bc00000, 0x000000008bd00000|  0%| F|  |TAMS 0x000000008bc00000, 0x000000008bc00000| Untracked 
| 189|0x000000008bd00000, 0x000000008bd00000, 0x000000008be00000|  0%| F|  |TAMS 0x000000008bd00000, 0x000000008bd00000| Untracked 
| 190|0x000000008be00000, 0x000000008be00000, 0x000000008bf00000|  0%| F|  |TAMS 0x000000008be00000, 0x000000008be00000| Untracked 
| 191|0x000000008bf00000, 0x000000008bf00000, 0x000000008c000000|  0%| F|  |TAMS 0x000000008bf00000, 0x000000008bf00000| Untracked 
| 192|0x000000008c000000, 0x000000008c000000, 0x000000008c100000|  0%| F|  |TAMS 0x000000008c000000, 0x000000008c000000| Untracked 
| 193|0x000000008c100000, 0x000000008c100000, 0x000000008c200000|  0%| F|  |TAMS 0x000000008c100000, 0x000000008c100000| Untracked 
| 194|0x000000008c200000, 0x000000008c200000, 0x000000008c300000|  0%| F|  |TAMS 0x000000008c200000, 0x000000008c200000| Untracked 
| 195|0x000000008c300000, 0x000000008c300000, 0x000000008c400000|  0%| F|  |TAMS 0x000000008c300000, 0x000000008c300000| Untracked 
| 196|0x000000008c400000, 0x000000008c400000, 0x000000008c500000|  0%| F|  |TAMS 0x000000008c400000, 0x000000008c400000| Untracked 
| 197|0x000000008c500000, 0x000000008c500000, 0x000000008c600000|  0%| F|  |TAMS 0x000000008c500000, 0x000000008c500000| Untracked 
| 198|0x000000008c600000, 0x000000008c600000, 0x000000008c700000|  0%| F|  |TAMS 0x000000008c600000, 0x000000008c600000| Untracked 
| 199|0x000000008c700000, 0x000000008c700000, 0x000000008c800000|  0%| F|  |TAMS 0x000000008c700000, 0x000000008c700000| Untracked 
| 200|0x000000008c800000, 0x000000008c800000, 0x000000008c900000|  0%| F|  |TAMS 0x000000008c800000, 0x000000008c800000| Untracked 
| 201|0x000000008c900000, 0x000000008c900000, 0x000000008ca00000|  0%| F|  |TAMS 0x000000008c900000, 0x000000008c900000| Untracked 
| 202|0x000000008ca00000, 0x000000008ca00000, 0x000000008cb00000|  0%| F|  |TAMS 0x000000008ca00000, 0x000000008ca00000| Untracked 
| 203|0x000000008cb00000, 0x000000008cb00000, 0x000000008cc00000|  0%| F|  |TAMS 0x000000008cb00000, 0x000000008cb00000| Untracked 
| 204|0x000000008cc00000, 0x000000008cc00000, 0x000000008cd00000|  0%| F|  |TAMS 0x000000008cc00000, 0x000000008cc00000| Untracked 
| 205|0x000000008cd00000, 0x000000008cd00000, 0x000000008ce00000|  0%| F|  |TAMS 0x000000008cd00000, 0x000000008cd00000| Untracked 
| 206|0x000000008ce00000, 0x000000008ce00000, 0x000000008cf00000|  0%| F|  |TAMS 0x000000008ce00000, 0x000000008ce00000| Untracked 
| 207|0x000000008cf00000, 0x000000008cf00000, 0x000000008d000000|  0%| F|  |TAMS 0x000000008cf00000, 0x000000008cf00000| Untracked 
| 208|0x000000008d000000, 0x000000008d000000, 0x000000008d100000|  0%| F|  |TAMS 0x000000008d000000, 0x000000008d000000| Untracked 
| 209|0x000000008d100000, 0x000000008d100000, 0x000000008d200000|  0%| F|  |TAMS 0x000000008d100000, 0x000000008d100000| Untracked 
| 210|0x000000008d200000, 0x000000008d200000, 0x000000008d300000|  0%| F|  |TAMS 0x000000008d200000, 0x000000008d200000| Untracked 
| 211|0x000000008d300000, 0x000000008d300000, 0x000000008d400000|  0%| F|  |TAMS 0x000000008d300000, 0x000000008d300000| Untracked 
| 212|0x000000008d400000, 0x000000008d400000, 0x000000008d500000|  0%| F|  |TAMS 0x000000008d400000, 0x000000008d400000| Untracked 
| 213|0x000000008d500000, 0x000000008d500000, 0x000000008d600000|  0%| F|  |TAMS 0x000000008d500000, 0x000000008d500000| Untracked 
| 214|0x000000008d600000, 0x000000008d600000, 0x000000008d700000|  0%| F|  |TAMS 0x000000008d600000, 0x000000008d600000| Untracked 
| 215|0x000000008d700000, 0x000000008d700000, 0x000000008d800000|  0%| F|  |TAMS 0x000000008d700000, 0x000000008d700000| Untracked 
| 216|0x000000008d800000, 0x000000008d800000, 0x000000008d900000|  0%| F|  |TAMS 0x000000008d800000, 0x000000008d800000| Untracked 
| 217|0x000000008d900000, 0x000000008d900000, 0x000000008da00000|  0%| F|  |TAMS 0x000000008d900000, 0x000000008d900000| Untracked 
| 218|0x000000008da00000, 0x000000008da00000, 0x000000008db00000|  0%| F|  |TAMS 0x000000008da00000, 0x000000008da00000| Untracked 
| 219|0x000000008db00000, 0x000000008db00000, 0x000000008dc00000|  0%| F|  |TAMS 0x000000008db00000, 0x000000008db00000| Untracked 
| 220|0x000000008dc00000, 0x000000008dc00000, 0x000000008dd00000|  0%| F|  |TAMS 0x000000008dc00000, 0x000000008dc00000| Untracked 
| 221|0x000000008dd00000, 0x000000008dd00000, 0x000000008de00000|  0%| F|  |TAMS 0x000000008dd00000, 0x000000008dd00000| Untracked 
| 222|0x000000008de00000, 0x000000008de00000, 0x000000008df00000|  0%| F|  |TAMS 0x000000008de00000, 0x000000008de00000| Untracked 
| 223|0x000000008df00000, 0x000000008df00000, 0x000000008e000000|  0%| F|  |TAMS 0x000000008df00000, 0x000000008df00000| Untracked 
| 224|0x000000008e000000, 0x000000008e000000, 0x000000008e100000|  0%| F|  |TAMS 0x000000008e000000, 0x000000008e000000| Untracked 
| 225|0x000000008e100000, 0x000000008e100000, 0x000000008e200000|  0%| F|  |TAMS 0x000000008e100000, 0x000000008e100000| Untracked 
| 226|0x000000008e200000, 0x000000008e200000, 0x000000008e300000|  0%| F|  |TAMS 0x000000008e200000, 0x000000008e200000| Untracked 
| 227|0x000000008e300000, 0x000000008e300000, 0x000000008e400000|  0%| F|  |TAMS 0x000000008e300000, 0x000000008e300000| Untracked 
| 228|0x000000008e400000, 0x000000008e400000, 0x000000008e500000|  0%| F|  |TAMS 0x000000008e400000, 0x000000008e400000| Untracked 
| 229|0x000000008e500000, 0x000000008e500000, 0x000000008e600000|  0%| F|  |TAMS 0x000000008e500000, 0x000000008e500000| Untracked 
| 230|0x000000008e600000, 0x000000008e600000, 0x000000008e700000|  0%| F|  |TAMS 0x000000008e600000, 0x000000008e600000| Untracked 
| 231|0x000000008e700000, 0x000000008e700000, 0x000000008e800000|  0%| F|  |TAMS 0x000000008e700000, 0x000000008e700000| Untracked 
| 232|0x000000008e800000, 0x000000008e800000, 0x000000008e900000|  0%| F|  |TAMS 0x000000008e800000, 0x000000008e800000| Untracked 
| 233|0x000000008e900000, 0x000000008e900000, 0x000000008ea00000|  0%| F|  |TAMS 0x000000008e900000, 0x000000008e900000| Untracked 
| 234|0x000000008ea00000, 0x000000008ea00000, 0x000000008eb00000|  0%| F|  |TAMS 0x000000008ea00000, 0x000000008ea00000| Untracked 
| 235|0x000000008eb00000, 0x000000008eb00000, 0x000000008ec00000|  0%| F|  |TAMS 0x000000008eb00000, 0x000000008eb00000| Untracked 
| 236|0x000000008ec00000, 0x000000008ec00000, 0x000000008ed00000|  0%| F|  |TAMS 0x000000008ec00000, 0x000000008ec00000| Untracked 
| 237|0x000000008ed00000, 0x000000008ed00000, 0x000000008ee00000|  0%| F|  |TAMS 0x000000008ed00000, 0x000000008ed00000| Untracked 
| 238|0x000000008ee00000, 0x000000008ee00000, 0x000000008ef00000|  0%| F|  |TAMS 0x000000008ee00000, 0x000000008ee00000| Untracked 
| 239|0x000000008ef00000, 0x000000008ef00000, 0x000000008f000000|  0%| F|  |TAMS 0x000000008ef00000, 0x000000008ef00000| Untracked 
| 240|0x000000008f000000, 0x000000008f000000, 0x000000008f100000|  0%| F|  |TAMS 0x000000008f000000, 0x000000008f000000| Untracked 
| 241|0x000000008f100000, 0x000000008f100000, 0x000000008f200000|  0%| F|  |TAMS 0x000000008f100000, 0x000000008f100000| Untracked 
| 242|0x000000008f200000, 0x000000008f200000, 0x000000008f300000|  0%| F|  |TAMS 0x000000008f200000, 0x000000008f200000| Untracked 
| 243|0x000000008f300000, 0x000000008f300000, 0x000000008f400000|  0%| F|  |TAMS 0x000000008f300000, 0x000000008f300000| Untracked 
| 244|0x000000008f400000, 0x000000008f400000, 0x000000008f500000|  0%| F|  |TAMS 0x000000008f400000, 0x000000008f400000| Untracked 
| 245|0x000000008f500000, 0x000000008f500000, 0x000000008f600000|  0%| F|  |TAMS 0x000000008f500000, 0x000000008f500000| Untracked 
| 246|0x000000008f600000, 0x000000008f600000, 0x000000008f700000|  0%| F|  |TAMS 0x000000008f600000, 0x000000008f600000| Untracked 
| 247|0x000000008f700000, 0x000000008f700000, 0x000000008f800000|  0%| F|  |TAMS 0x000000008f700000, 0x000000008f700000| Untracked 
| 248|0x000000008f800000, 0x000000008f800000, 0x000000008f900000|  0%| F|  |TAMS 0x000000008f800000, 0x000000008f800000| Untracked 
| 249|0x000000008f900000, 0x000000008f900000, 0x000000008fa00000|  0%| F|  |TAMS 0x000000008f900000, 0x000000008f900000| Untracked 
| 250|0x000000008fa00000, 0x000000008fa00000, 0x000000008fb00000|  0%| F|  |TAMS 0x000000008fa00000, 0x000000008fa00000| Untracked 
| 251|0x000000008fb00000, 0x000000008fb00000, 0x000000008fc00000|  0%| F|  |TAMS 0x000000008fb00000, 0x000000008fb00000| Untracked 
| 252|0x000000008fc00000, 0x000000008fc00000, 0x000000008fd00000|  0%| F|  |TAMS 0x000000008fc00000, 0x000000008fc00000| Untracked 
| 253|0x000000008fd00000, 0x000000008fd00000, 0x000000008fe00000|  0%| F|  |TAMS 0x000000008fd00000, 0x000000008fd00000| Untracked 
| 254|0x000000008fe00000, 0x000000008fe00000, 0x000000008ff00000|  0%| F|  |TAMS 0x000000008fe00000, 0x000000008fe00000| Untracked 
| 255|0x000000008ff00000, 0x000000008ff00000, 0x0000000090000000|  0%| F|  |TAMS 0x000000008ff00000, 0x000000008ff00000| Untracked 
| 256|0x0000000090000000, 0x0000000090000000, 0x0000000090100000|  0%| F|  |TAMS 0x0000000090000000, 0x0000000090000000| Untracked 
| 257|0x0000000090100000, 0x0000000090100000, 0x0000000090200000|  0%| F|  |TAMS 0x0000000090100000, 0x0000000090100000| Untracked 
| 258|0x0000000090200000, 0x0000000090200000, 0x0000000090300000|  0%| F|  |TAMS 0x0000000090200000, 0x0000000090200000| Untracked 
| 259|0x0000000090300000, 0x0000000090300000, 0x0000000090400000|  0%| F|  |TAMS 0x0000000090300000, 0x0000000090300000| Untracked 
| 260|0x0000000090400000, 0x0000000090400000, 0x0000000090500000|  0%| F|  |TAMS 0x0000000090400000, 0x0000000090400000| Untracked 
| 261|0x0000000090500000, 0x0000000090500000, 0x0000000090600000|  0%| F|  |TAMS 0x0000000090500000, 0x0000000090500000| Untracked 
| 262|0x0000000090600000, 0x0000000090600000, 0x0000000090700000|  0%| F|  |TAMS 0x0000000090600000, 0x0000000090600000| Untracked 
| 263|0x0000000090700000, 0x0000000090700000, 0x0000000090800000|  0%| F|  |TAMS 0x0000000090700000, 0x0000000090700000| Untracked 
| 264|0x0000000090800000, 0x0000000090800000, 0x0000000090900000|  0%| F|  |TAMS 0x0000000090800000, 0x0000000090800000| Untracked 
| 265|0x0000000090900000, 0x0000000090900000, 0x0000000090a00000|  0%| F|  |TAMS 0x0000000090900000, 0x0000000090900000| Untracked 
| 266|0x0000000090a00000, 0x0000000090a00000, 0x0000000090b00000|  0%| F|  |TAMS 0x0000000090a00000, 0x0000000090a00000| Untracked 
| 267|0x0000000090b00000, 0x0000000090b00000, 0x0000000090c00000|  0%| F|  |TAMS 0x0000000090b00000, 0x0000000090b00000| Untracked 
| 268|0x0000000090c00000, 0x0000000090c00000, 0x0000000090d00000|  0%| F|  |TAMS 0x0000000090c00000, 0x0000000090c00000| Untracked 
| 269|0x0000000090d00000, 0x0000000090d00000, 0x0000000090e00000|  0%| F|  |TAMS 0x0000000090d00000, 0x0000000090d00000| Untracked 
| 270|0x0000000090e00000, 0x0000000090e00000, 0x0000000090f00000|  0%| F|  |TAMS 0x0000000090e00000, 0x0000000090e00000| Untracked 
| 271|0x0000000090f00000, 0x0000000090f00000, 0x0000000091000000|  0%| F|  |TAMS 0x0000000090f00000, 0x0000000090f00000| Untracked 
| 272|0x0000000091000000, 0x0000000091000000, 0x0000000091100000|  0%| F|  |TAMS 0x0000000091000000, 0x0000000091000000| Untracked 
| 273|0x0000000091100000, 0x0000000091100000, 0x0000000091200000|  0%| F|  |TAMS 0x0000000091100000, 0x0000000091100000| Untracked 
| 274|0x0000000091200000, 0x0000000091200000, 0x0000000091300000|  0%| F|  |TAMS 0x0000000091200000, 0x0000000091200000| Untracked 
| 275|0x0000000091300000, 0x0000000091300000, 0x0000000091400000|  0%| F|  |TAMS 0x0000000091300000, 0x0000000091300000| Untracked 
| 276|0x0000000091400000, 0x0000000091400000, 0x0000000091500000|  0%| F|  |TAMS 0x0000000091400000, 0x0000000091400000| Untracked 
| 277|0x0000000091500000, 0x0000000091500000, 0x0000000091600000|  0%| F|  |TAMS 0x0000000091500000, 0x0000000091500000| Untracked 
| 278|0x0000000091600000, 0x0000000091600000, 0x0000000091700000|  0%| F|  |TAMS 0x0000000091600000, 0x0000000091600000| Untracked 
| 279|0x0000000091700000, 0x0000000091700000, 0x0000000091800000|  0%| F|  |TAMS 0x0000000091700000, 0x0000000091700000| Untracked 
| 280|0x0000000091800000, 0x0000000091800000, 0x0000000091900000|  0%| F|  |TAMS 0x0000000091800000, 0x0000000091800000| Untracked 
| 281|0x0000000091900000, 0x0000000091900000, 0x0000000091a00000|  0%| F|  |TAMS 0x0000000091900000, 0x0000000091900000| Untracked 
| 282|0x0000000091a00000, 0x0000000091a00000, 0x0000000091b00000|  0%| F|  |TAMS 0x0000000091a00000, 0x0000000091a00000| Untracked 
| 283|0x0000000091b00000, 0x0000000091b00000, 0x0000000091c00000|  0%| F|  |TAMS 0x0000000091b00000, 0x0000000091b00000| Untracked 
| 284|0x0000000091c00000, 0x0000000091c00000, 0x0000000091d00000|  0%| F|  |TAMS 0x0000000091c00000, 0x0000000091c00000| Untracked 
| 285|0x0000000091d00000, 0x0000000091d00000, 0x0000000091e00000|  0%| F|  |TAMS 0x0000000091d00000, 0x0000000091d00000| Untracked 
| 286|0x0000000091e00000, 0x0000000091e00000, 0x0000000091f00000|  0%| F|  |TAMS 0x0000000091e00000, 0x0000000091e00000| Untracked 
| 287|0x0000000091f00000, 0x0000000091f00000, 0x0000000092000000|  0%| F|  |TAMS 0x0000000091f00000, 0x0000000091f00000| Untracked 
| 288|0x0000000092000000, 0x0000000092000000, 0x0000000092100000|  0%| F|  |TAMS 0x0000000092000000, 0x0000000092000000| Untracked 
| 289|0x0000000092100000, 0x0000000092100000, 0x0000000092200000|  0%| F|  |TAMS 0x0000000092100000, 0x0000000092100000| Untracked 
| 290|0x0000000092200000, 0x0000000092200000, 0x0000000092300000|  0%| F|  |TAMS 0x0000000092200000, 0x0000000092200000| Untracked 
| 291|0x0000000092300000, 0x0000000092300000, 0x0000000092400000|  0%| F|  |TAMS 0x0000000092300000, 0x0000000092300000| Untracked 
| 292|0x0000000092400000, 0x0000000092400000, 0x0000000092500000|  0%| F|  |TAMS 0x0000000092400000, 0x0000000092400000| Untracked 
| 293|0x0000000092500000, 0x0000000092561660, 0x0000000092600000| 38%| E|  |TAMS 0x0000000092500000, 0x0000000092500000| Complete 
| 294|0x0000000092600000, 0x0000000092700000, 0x0000000092700000|100%| E|CS|TAMS 0x0000000092600000, 0x0000000092600000| Complete 
| 295|0x0000000092700000, 0x0000000092800000, 0x0000000092800000|100%| E|CS|TAMS 0x0000000092700000, 0x0000000092700000| Complete 
| 296|0x0000000092800000, 0x0000000092900000, 0x0000000092900000|100%| E|CS|TAMS 0x0000000092800000, 0x0000000092800000| Complete 
| 297|0x0000000092900000, 0x0000000092a00000, 0x0000000092a00000|100%| E|CS|TAMS 0x0000000092900000, 0x0000000092900000| Complete 
| 298|0x0000000092a00000, 0x0000000092b00000, 0x0000000092b00000|100%| E|CS|TAMS 0x0000000092a00000, 0x0000000092a00000| Complete 
| 299|0x0000000092b00000, 0x0000000092c00000, 0x0000000092c00000|100%| E|CS|TAMS 0x0000000092b00000, 0x0000000092b00000| Complete 
| 300|0x0000000092c00000, 0x0000000092d00000, 0x0000000092d00000|100%| E|CS|TAMS 0x0000000092c00000, 0x0000000092c00000| Complete 
| 301|0x0000000092d00000, 0x0000000092e00000, 0x0000000092e00000|100%| E|CS|TAMS 0x0000000092d00000, 0x0000000092d00000| Complete 
| 302|0x0000000092e00000, 0x0000000092f00000, 0x0000000092f00000|100%| E|CS|TAMS 0x0000000092e00000, 0x0000000092e00000| Complete 
| 303|0x0000000092f00000, 0x0000000093000000, 0x0000000093000000|100%| E|CS|TAMS 0x0000000092f00000, 0x0000000092f00000| Complete 
| 304|0x0000000093000000, 0x0000000093100000, 0x0000000093100000|100%| E|CS|TAMS 0x0000000093000000, 0x0000000093000000| Complete 
| 305|0x0000000093100000, 0x0000000093200000, 0x0000000093200000|100%| E|CS|TAMS 0x0000000093100000, 0x0000000093100000| Complete 
| 306|0x0000000093200000, 0x0000000093300000, 0x0000000093300000|100%| E|CS|TAMS 0x0000000093200000, 0x0000000093200000| Complete 
| 307|0x0000000093300000, 0x0000000093400000, 0x0000000093400000|100%| E|CS|TAMS 0x0000000093300000, 0x0000000093300000| Complete 
| 308|0x0000000093400000, 0x0000000093500000, 0x0000000093500000|100%| E|CS|TAMS 0x0000000093400000, 0x0000000093400000| Complete 
| 309|0x0000000093500000, 0x0000000093600000, 0x0000000093600000|100%| E|CS|TAMS 0x0000000093500000, 0x0000000093500000| Complete 
| 310|0x0000000093600000, 0x0000000093700000, 0x0000000093700000|100%| E|CS|TAMS 0x0000000093600000, 0x0000000093600000| Complete 
| 311|0x0000000093700000, 0x0000000093800000, 0x0000000093800000|100%| E|CS|TAMS 0x0000000093700000, 0x0000000093700000| Complete 
| 312|0x0000000093800000, 0x0000000093900000, 0x0000000093900000|100%| E|CS|TAMS 0x0000000093800000, 0x0000000093800000| Complete 
| 313|0x0000000093900000, 0x0000000093a00000, 0x0000000093a00000|100%| E|CS|TAMS 0x0000000093900000, 0x0000000093900000| Complete 
| 314|0x0000000093a00000, 0x0000000093b00000, 0x0000000093b00000|100%| E|CS|TAMS 0x0000000093a00000, 0x0000000093a00000| Complete 
| 315|0x0000000093b00000, 0x0000000093c00000, 0x0000000093c00000|100%| E|CS|TAMS 0x0000000093b00000, 0x0000000093b00000| Complete 
| 316|0x0000000093c00000, 0x0000000093d00000, 0x0000000093d00000|100%| E|CS|TAMS 0x0000000093c00000, 0x0000000093c00000| Complete 
| 317|0x0000000093d00000, 0x0000000093df5b50, 0x0000000093e00000| 95%| S|CS|TAMS 0x0000000093d00000, 0x0000000093d00000| Complete 
| 318|0x0000000093e00000, 0x0000000093f00000, 0x0000000093f00000|100%| S|CS|TAMS 0x0000000093e00000, 0x0000000093e00000| Complete 
| 319|0x0000000093f00000, 0x0000000094000000, 0x0000000094000000|100%| S|CS|TAMS 0x0000000093f00000, 0x0000000093f00000| Complete 
| 320|0x0000000094000000, 0x0000000094100000, 0x0000000094100000|100%| S|CS|TAMS 0x0000000094000000, 0x0000000094000000| Complete 
| 321|0x0000000094100000, 0x0000000094200000, 0x0000000094200000|100%| S|CS|TAMS 0x0000000094100000, 0x0000000094100000| Complete 
| 322|0x0000000094200000, 0x0000000094300000, 0x0000000094300000|100%| S|CS|TAMS 0x0000000094200000, 0x0000000094200000| Complete 
| 323|0x0000000094300000, 0x0000000094400000, 0x0000000094400000|100%| S|CS|TAMS 0x0000000094300000, 0x0000000094300000| Complete 
| 324|0x0000000094400000, 0x0000000094500000, 0x0000000094500000|100%| S|CS|TAMS 0x0000000094400000, 0x0000000094400000| Complete 
| 325|0x0000000094500000, 0x0000000094600000, 0x0000000094600000|100%| S|CS|TAMS 0x0000000094500000, 0x0000000094500000| Complete 
| 326|0x0000000094600000, 0x0000000094700000, 0x0000000094700000|100%| S|CS|TAMS 0x0000000094600000, 0x0000000094600000| Complete 
| 327|0x0000000094700000, 0x0000000094800000, 0x0000000094800000|100%| E|CS|TAMS 0x0000000094700000, 0x0000000094700000| Complete 

Card table byte_map: [0x00000189fe450000,0x00000189fe850000] _byte_map_base: 0x00000189fe050000

Marking Bits (Prev, Next): (CMBitMap*) 0x00000189eb346350, (CMBitMap*) 0x00000189eb346390
 Prev Bits: [0x0000018980000000, 0x0000018982000000)
 Next Bits: [0x0000018982000000, 0x0000018984000000)

Polling page: 0x00000189e9230000

Metaspace:

Usage:
  Non-class:     73.56 MB used.
      Class:     11.43 MB used.
       Both:     84.99 MB used.

Virtual space:
  Non-class space:      128.00 MB reserved,      73.94 MB ( 58%) committed,  2 nodes.
      Class space:        1.00 GB reserved,      11.75 MB (  1%) committed,  1 nodes.
             Both:        1.12 GB reserved,      85.69 MB (  7%) committed. 

Chunk freelists:
   Non-Class:  5.80 MB
       Class:  4.16 MB
        Both:  9.96 MB

MaxMetaspaceSize: unlimited
CompressedClassSpaceSize: 1.00 GB
Initial GC threshold: 21.00 MB
Current GC threshold: 140.31 MB
CDS: off
MetaspaceReclaimPolicy: balanced
 - commit_granule_bytes: 65536.
 - commit_granule_words: 8192.
 - virtual_space_node_default_size: 8388608.
 - enlarge_chunks_in_place: 1.
 - new_chunks_are_fully_committed: 0.
 - uncommit_free_chunks: 1.
 - use_allocation_guard: 0.
 - handle_deallocations: 1.


Internal statistics:

num_allocs_failed_limit: 3.
num_arena_births: 860.
num_arena_deaths: 0.
num_vsnodes_births: 3.
num_vsnodes_deaths: 0.
num_space_committed: 1370.
num_space_uncommitted: 0.
num_chunks_returned_to_freelist: 3.
num_chunks_taken_from_freelist: 4085.
num_chunk_merges: 3.
num_chunk_splits: 2675.
num_chunks_enlarged: 1766.
num_inconsistent_stats: 0.

CodeHeap 'non-profiled nmethods': size=119168Kb used=5832Kb max_used=5832Kb free=113335Kb
 bounds [0x00000189f6360000, 0x00000189f6920000, 0x00000189fd7c0000]
CodeHeap 'profiled nmethods': size=119104Kb used=18802Kb max_used=18802Kb free=100301Kb
 bounds [0x00000189ee7c0000, 0x00000189efa20000, 0x00000189f5c10000]
CodeHeap 'non-nmethods': size=7488Kb used=4078Kb max_used=4123Kb free=3409Kb
 bounds [0x00000189f5c10000, 0x00000189f6030000, 0x00000189f6360000]
 total_blobs=9971 nmethods=9049 adapters=831
 compilation: enabled
              stopped_count=0, restarted_count=0
 full_count=0

Compilation events (20 events):
Event: 58.166 Thread 0x000001898bfb38f0 9805       3       org.gradle.internal.hash.Hashing$DefaultHasher::putString (26 bytes)
Event: 58.167 Thread 0x000001898bfb38f0 nmethod 9805 0x00000189efa13a90 code [0x00000189efa13d60, 0x00000189efa14c38]
Event: 58.172 Thread 0x000001898a09a4f0 9806       3       org.slf4j.LoggerFactory::getLogger (12 bytes)
Event: 58.172 Thread 0x0000018991221a70 9807       3       org.gradle.internal.logging.slf4j.OutputEventListenerBackedLoggerContext::getLogger (69 bytes)
Event: 58.172 Thread 0x000001898a09a4f0 nmethod 9806 0x00000189efa15210 code [0x00000189efa153c0, 0x00000189efa15598]
Event: 58.172 Thread 0x0000018991221a70 nmethod 9807 0x00000189efa15690 code [0x00000189efa158c0, 0x00000189efa162a8]
Event: 58.173 Thread 0x000001898a09a4f0 9808       3       org.slf4j.LoggerFactory::getLogger (65 bytes)
Event: 58.174 Thread 0x000001898a09a4f0 nmethod 9808 0x00000189efa16510 code [0x00000189efa16900, 0x00000189efa180f8]
Event: 58.198 Thread 0x0000018991225220 9809       3       java.io.ObjectStreamField::getClassSignature (27 bytes)
Event: 58.198 Thread 0x000001898bfb38f0 9810       3       java.io.ObjectStreamClass$MemberSignature::<init> (33 bytes)
Event: 58.198 Thread 0x0000018991225730 9811       4       java.io.DataOutputStream::writeUTF (411 bytes)
Event: 58.198 Thread 0x0000018991225220 nmethod 9809 0x00000189efa18990 code [0x00000189efa18ba0, 0x00000189efa190a8]
Event: 58.198 Thread 0x000001898bfb38f0 nmethod 9810 0x00000189efa19290 code [0x00000189efa19460, 0x00000189efa19958]
Event: 58.199 Thread 0x000001898bfb38f0 9812       3       java.lang.System$2::defineClass (14 bytes)
Event: 58.199 Thread 0x000001898bfb38f0 nmethod 9812 0x00000189efa19b10 code [0x00000189efa19cc0, 0x00000189efa19e28]
Event: 58.199 Thread 0x000001898a09a4f0 9813       3       java.io.Bits::putShort (16 bytes)
Event: 58.199 Thread 0x0000018991221a70 9814       3       java.lang.reflect.Proxy::isProxyClass (22 bytes)
Event: 58.200 Thread 0x0000018991225220 9815       3       java.io.ObjectStreamField::getPrimitiveSignature (98 bytes)
Event: 58.202 Thread 0x000001898a09a4f0 nmethod 9813 0x00000189efa19f10 code [0x00000189efa1a0a0, 0x00000189efa1a1d8]
Event: 58.202 Thread 0x0000018991225220 nmethod 9815 0x00000189efa1a310 code [0x00000189efa1a520, 0x00000189efa1aac8]

GC Heap History (20 events):
Event: 50.519 GC heap before
{Heap before GC invocations=33 (full 0):
 garbage-first heap   total 132096K, used 106240K [0x0000000080000000, 0x0000000100000000)
  region size 1024K, 25 young (25600K), 1 survivors (1024K)
 Metaspace       used 61076K, committed 61760K, reserved 1114112K
  class space    used 8120K, committed 8384K, reserved 1048576K
}
Event: 50.523 GC heap after
{Heap after GC invocations=34 (full 0):
 garbage-first heap   total 132096K, used 83357K [0x0000000080000000, 0x0000000100000000)
  region size 1024K, 1 young (1024K), 1 survivors (1024K)
 Metaspace       used 61076K, committed 61760K, reserved 1114112K
  class space    used 8120K, committed 8384K, reserved 1048576K
}
Event: 50.984 GC heap before
{Heap before GC invocations=35 (full 0):
 garbage-first heap   total 145408K, used 107933K [0x0000000080000000, 0x0000000100000000)
  region size 1024K, 26 young (26624K), 1 survivors (1024K)
 Metaspace       used 63877K, committed 64512K, reserved 1114112K
  class space    used 8445K, committed 8704K, reserved 1048576K
}
Event: 50.987 GC heap after
{Heap after GC invocations=36 (full 0):
 garbage-first heap   total 145408K, used 84088K [0x0000000080000000, 0x0000000100000000)
  region size 1024K, 2 young (2048K), 2 survivors (2048K)
 Metaspace       used 63877K, committed 64512K, reserved 1114112K
  class space    used 8445K, committed 8704K, reserved 1048576K
}
Event: 51.154 GC heap before
{Heap before GC invocations=36 (full 0):
 garbage-first heap   total 145408K, used 89208K [0x0000000080000000, 0x0000000100000000)
  region size 1024K, 7 young (7168K), 2 survivors (2048K)
 Metaspace       used 64383K, committed 65024K, reserved 1114112K
  class space    used 8507K, committed 8768K, reserved 1048576K
}
Event: 51.156 GC heap after
{Heap after GC invocations=37 (full 0):
 garbage-first heap   total 145408K, used 83573K [0x0000000080000000, 0x0000000100000000)
  region size 1024K, 1 young (1024K), 1 survivors (1024K)
 Metaspace       used 64383K, committed 65024K, reserved 1114112K
  class space    used 8507K, committed 8768K, reserved 1048576K
}
Event: 51.820 GC heap before
{Heap before GC invocations=37 (full 0):
 garbage-first heap   total 145408K, used 108149K [0x0000000080000000, 0x0000000100000000)
  region size 1024K, 26 young (26624K), 1 survivors (1024K)
 Metaspace       used 68557K, committed 69312K, reserved 1114112K
  class space    used 9081K, committed 9408K, reserved 1048576K
}
Event: 51.823 GC heap after
{Heap after GC invocations=38 (full 0):
 garbage-first heap   total 145408K, used 85824K [0x0000000080000000, 0x0000000100000000)
  region size 1024K, 3 young (3072K), 3 survivors (3072K)
 Metaspace       used 68557K, committed 69312K, reserved 1114112K
  class space    used 9081K, committed 9408K, reserved 1048576K
}
Event: 52.463 GC heap before
{Heap before GC invocations=39 (full 0):
 garbage-first heap   total 167936K, used 123712K [0x0000000080000000, 0x0000000100000000)
  region size 1024K, 34 young (34816K), 3 survivors (3072K)
 Metaspace       used 70140K, committed 70784K, reserved 1114112K
  class space    used 9307K, committed 9600K, reserved 1048576K
}
Event: 52.466 GC heap after
{Heap after GC invocations=40 (full 0):
 garbage-first heap   total 167936K, used 89028K [0x0000000080000000, 0x0000000100000000)
  region size 1024K, 5 young (5120K), 5 survivors (5120K)
 Metaspace       used 70140K, committed 70784K, reserved 1114112K
  class space    used 9307K, committed 9600K, reserved 1048576K
}
Event: 52.502 GC heap before
{Heap before GC invocations=40 (full 0):
 garbage-first heap   total 167936K, used 92100K [0x0000000080000000, 0x0000000100000000)
  region size 1024K, 8 young (8192K), 5 survivors (5120K)
 Metaspace       used 70371K, committed 71040K, reserved 1114112K
  class space    used 9331K, committed 9664K, reserved 1048576K
}
Event: 52.517 GC heap after
{Heap after GC invocations=41 (full 0):
 garbage-first heap   total 167936K, used 88912K [0x0000000080000000, 0x0000000100000000)
  region size 1024K, 1 young (1024K), 1 survivors (1024K)
 Metaspace       used 70371K, committed 71040K, reserved 1114112K
  class space    used 9331K, committed 9664K, reserved 1048576K
}
Event: 53.762 GC heap before
{Heap before GC invocations=41 (full 0):
 garbage-first heap   total 167936K, used 130896K [0x0000000080000000, 0x0000000100000000)
  region size 1024K, 42 young (43008K), 1 survivors (1024K)
 Metaspace       used 72867K, committed 73536K, reserved 1114112K
  class space    used 9676K, committed 9984K, reserved 1048576K
}
Event: 53.766 GC heap after
{Heap after GC invocations=42 (full 0):
 garbage-first heap   total 167936K, used 91607K [0x0000000080000000, 0x0000000100000000)
  region size 1024K, 4 young (4096K), 4 survivors (4096K)
 Metaspace       used 72867K, committed 73536K, reserved 1114112K
  class space    used 9676K, committed 9984K, reserved 1048576K
}
Event: 54.708 GC heap before
{Heap before GC invocations=43 (full 0):
 garbage-first heap   total 167936K, used 132567K [0x0000000080000000, 0x0000000100000000)
  region size 1024K, 44 young (45056K), 4 survivors (4096K)
 Metaspace       used 73838K, committed 74624K, reserved 1114112K
  class space    used 9793K, committed 10112K, reserved 1048576K
}
Event: 54.714 GC heap after
{Heap after GC invocations=44 (full 0):
 garbage-first heap   total 335872K, used 94641K [0x0000000080000000, 0x0000000100000000)
  region size 1024K, 6 young (6144K), 6 survivors (6144K)
 Metaspace       used 73838K, committed 74624K, reserved 1114112K
  class space    used 9793K, committed 10112K, reserved 1048576K
}
Event: 57.542 GC heap before
{Heap before GC invocations=44 (full 0):
 garbage-first heap   total 335872K, used 249265K [0x0000000080000000, 0x0000000100000000)
  region size 1024K, 146 young (149504K), 6 survivors (6144K)
 Metaspace       used 85487K, committed 86144K, reserved 1179648K
  class space    used 11418K, committed 11712K, reserved 1048576K
}
Event: 57.550 GC heap after
{Heap after GC invocations=45 (full 0):
 garbage-first heap   total 335872K, used 111554K [0x0000000080000000, 0x0000000100000000)
  region size 1024K, 16 young (16384K), 16 survivors (16384K)
 Metaspace       used 85487K, committed 86144K, reserved 1179648K
  class space    used 11418K, committed 11712K, reserved 1048576K
}
Event: 57.562 GC heap before
{Heap before GC invocations=45 (full 0):
 garbage-first heap   total 335872K, used 123842K [0x0000000080000000, 0x0000000100000000)
  region size 1024K, 17 young (17408K), 16 survivors (16384K)
 Metaspace       used 85487K, committed 86144K, reserved 1179648K
  class space    used 11418K, committed 11712K, reserved 1048576K
}
Event: 57.569 GC heap after
{Heap after GC invocations=46 (full 0):
 garbage-first heap   total 335872K, used 124149K [0x0000000080000000, 0x0000000100000000)
  region size 1024K, 10 young (10240K), 10 survivors (10240K)
 Metaspace       used 85487K, committed 86144K, reserved 1179648K
  class space    used 11418K, committed 11712K, reserved 1048576K
}

Dll operation events (3 events):
Event: 0.015 Loaded shared library C:\Program Files\Android\Android Studio\jbr\bin\java.dll
Event: 0.281 Loaded shared library C:\Program Files\Android\Android Studio\jbr\bin\zip.dll
Event: 0.703 Loaded shared library C:\Program Files\Android\Android Studio\jbr\bin\verify.dll

Deoptimization events (20 events):
Event: 58.167 Thread 0x00000189919aae80 DEOPT PACKING pc=0x00000189f68e46e4 sp=0x000000888c7fd980
Event: 58.167 Thread 0x00000189919aae80 DEOPT UNPACKING pc=0x00000189f5c669a3 sp=0x000000888c7fd900 mode 2
Event: 58.179 Thread 0x00000189919aae80 Uncommon trap: trap_request=0xffffffde fr.pc=0x00000189f6640ca8 relative=0x0000000000000288
Event: 58.179 Thread 0x00000189919aae80 Uncommon trap: reason=class_check action=maybe_recompile pc=0x00000189f6640ca8 method=java.util.stream.StreamOpFlag.fromCharacteristics(Ljava/util/Spliterator;)I @ 14 c2
Event: 58.179 Thread 0x00000189919aae80 DEOPT PACKING pc=0x00000189f6640ca8 sp=0x000000888c7fe510
Event: 58.179 Thread 0x00000189919aae80 DEOPT UNPACKING pc=0x00000189f5c669a3 sp=0x000000888c7fe3f8 mode 2
Event: 58.190 Thread 0x00000189919aae80 DEOPT PACKING pc=0x00000189ef58d0b4 sp=0x000000888c7fe7e0
Event: 58.190 Thread 0x00000189919aae80 DEOPT UNPACKING pc=0x00000189f5c67143 sp=0x000000888c7fdca0 mode 0
Event: 58.197 Thread 0x000001898b56fe40 Uncommon trap: trap_request=0xffffffd6 fr.pc=0x00000189f68d8e00 relative=0x00000000000008c0
Event: 58.197 Thread 0x000001898b56fe40 Uncommon trap: reason=array_check action=maybe_recompile pc=0x00000189f68d8e00 method=java.util.ComparableTimSort.binarySort([Ljava/lang/Object;III)V @ 183 c2
Event: 58.197 Thread 0x000001898b56fe40 DEOPT PACKING pc=0x00000189f68d8e00 sp=0x00000088888fe380
Event: 58.197 Thread 0x000001898b56fe40 DEOPT UNPACKING pc=0x00000189f5c669a3 sp=0x00000088888fe320 mode 2
Event: 58.198 Thread 0x000001898b56fe40 Uncommon trap: trap_request=0xffffff76 fr.pc=0x00000189f690682c relative=0x000000000000008c
Event: 58.198 Thread 0x000001898b56fe40 Uncommon trap: reason=predicate action=maybe_recompile pc=0x00000189f690682c method=java.util.TimSort.binarySort([Ljava/lang/Object;IIILjava/util/Comparator;)V @ 34 c2
Event: 58.198 Thread 0x000001898b56fe40 DEOPT PACKING pc=0x00000189f690682c sp=0x00000088888fe460
Event: 58.198 Thread 0x000001898b56fe40 DEOPT UNPACKING pc=0x00000189f5c669a3 sp=0x00000088888fe410 mode 2
Event: 58.198 Thread 0x000001898b56fe40 DEOPT PACKING pc=0x00000189eedc7dc0 sp=0x00000088888fe4a0
Event: 58.198 Thread 0x000001898b56fe40 DEOPT UNPACKING pc=0x00000189f5c67143 sp=0x00000088888fd9e8 mode 0
Event: 58.202 Thread 0x00000189919aae80 DEOPT PACKING pc=0x00000189ee91671c sp=0x000000888c7fe6e0
Event: 58.202 Thread 0x00000189919aae80 DEOPT UNPACKING pc=0x00000189f5c67143 sp=0x000000888c7fdb58 mode 0

Classes unloaded (0 events):
No events

Classes redefined (0 events):
No events

Internal exceptions (20 events):
Event: 57.958 Thread 0x000001898b5707e0 Exception <a 'java/lang/ClassNotFoundException'{0x00000000934887f8}: com/google/common/collect/SingletonImmutableListBeanInfo> (0x00000000934887f8) 
thrown [s\src\hotspot\share\classfile\systemDictionary.cpp, line 256]
Event: 57.959 Thread 0x000001898b5707e0 Exception <a 'java/lang/ClassNotFoundException'{0x0000000093493170}: com/google/common/collect/ImmutableListBeanInfo> (0x0000000093493170) 
thrown [s\src\hotspot\share\classfile\systemDictionary.cpp, line 256]
Event: 57.959 Thread 0x000001898b5707e0 Exception <a 'java/lang/ClassNotFoundException'{0x000000009349db50}: com/google/common/collect/ImmutableCollectionBeanInfo> (0x000000009349db50) 
thrown [s\src\hotspot\share\classfile\systemDictionary.cpp, line 256]
Event: 57.960 Thread 0x000001898b5707e0 Exception <a 'java/lang/ClassNotFoundException'{0x00000000934a8588}: com/google/common/collect/ImmutableCollectionCustomizer> (0x00000000934a8588) 
thrown [s\src\hotspot\share\classfile\systemDictionary.cpp, line 256]
Event: 57.963 Thread 0x000001898b5707e0 Exception <a 'java/lang/ClassNotFoundException'{0x00000000934c21b8}: com/google/common/collect/ImmutableListCustomizer> (0x00000000934c21b8) 
thrown [s\src\hotspot\share\classfile\systemDictionary.cpp, line 256]
Event: 57.968 Thread 0x000001898b5707e0 Exception <a 'java/lang/ClassNotFoundException'{0x00000000933028a8}: com/google/common/collect/SingletonImmutableListCustomizer> (0x00000000933028a8) 
thrown [s\src\hotspot\share\classfile\systemDictionary.cpp, line 256]
Event: 57.976 Thread 0x000001898b5707e0 Exception <a 'java/lang/ClassNotFoundException'{0x0000000093366d08}: org/gradle/api/DefaultTask_DecoratedBeanInfo> (0x0000000093366d08) 
thrown [s\src\hotspot\share\classfile\systemDictionary.cpp, line 256]
Event: 57.977 Thread 0x000001898b5707e0 Exception <a 'java/lang/ClassNotFoundException'{0x0000000093371760}: org/gradle/api/DefaultTaskBeanInfo> (0x0000000093371760) 
thrown [s\src\hotspot\share\classfile\systemDictionary.cpp, line 256]
Event: 57.978 Thread 0x000001898b5707e0 Exception <a 'java/lang/ClassNotFoundException'{0x000000009337ced0}: org/gradle/api/internal/AbstractTaskBeanInfo> (0x000000009337ced0) 
thrown [s\src\hotspot\share\classfile\systemDictionary.cpp, line 256]
Event: 57.978 Thread 0x000001898b5707e0 Exception <a 'java/lang/ClassNotFoundException'{0x00000000933886b0}: org/gradle/api/internal/AbstractTaskCustomizer> (0x00000000933886b0) 
thrown [s\src\hotspot\share\classfile\systemDictionary.cpp, line 256]
Event: 57.982 Thread 0x000001898b5707e0 Exception <a 'java/lang/ClassNotFoundException'{0x00000000933e50f8}: org/gradle/api/DefaultTaskCustomizer> (0x00000000933e50f8) 
thrown [s\src\hotspot\share\classfile\systemDictionary.cpp, line 256]
Event: 57.985 Thread 0x000001898b5707e0 Exception <a 'java/lang/ClassNotFoundException'{0x000000009324c368}: org/gradle/api/DefaultTask_DecoratedCustomizer> (0x000000009324c368) 
thrown [s\src\hotspot\share\classfile\systemDictionary.cpp, line 256]
Event: 57.992 Thread 0x000001898b5707e0 Exception <a 'java/lang/ClassNotFoundException'{0x0000000093292f48}: org/gradle/api/tasks/testing/AbstractTestTaskBeanInfo> (0x0000000093292f48) 
thrown [s\src\hotspot\share\classfile\systemDictionary.cpp, line 256]
Event: 57.992 Thread 0x000001898b5707e0 Exception <a 'java/lang/ClassNotFoundException'{0x000000009329d6e8}: org/gradle/api/internal/ConventionTaskBeanInfo> (0x000000009329d6e8) 
thrown [s\src\hotspot\share\classfile\systemDictionary.cpp, line 256]
Event: 57.993 Thread 0x000001898b5707e0 Exception <a 'java/lang/ClassNotFoundException'{0x00000000932a7eb8}: org/gradle/api/internal/ConventionTaskCustomizer> (0x00000000932a7eb8) 
thrown [s\src\hotspot\share\classfile\systemDictionary.cpp, line 256]
Event: 57.995 Thread 0x000001898b5707e0 Exception <a 'java/lang/ClassNotFoundException'{0x00000000932c4408}: org/gradle/api/tasks/testing/AbstractTestTaskCustomizer> (0x00000000932c4408) 
thrown [s\src\hotspot\share\classfile\systemDictionary.cpp, line 256]
Event: 58.196 Thread 0x000001898b56fe40 Exception <a 'java/lang/NoSuchMethodError'{0x0000000092512798}: static Lorg/gradle/internal/build/event/types/DefaultTaskStartedProgressEvent;.<clinit>()V> (0x0000000092512798) 
thrown [s\src\hotspot\share\prims\jni.cpp, line 1108]
Event: 58.197 Thread 0x000001898b56fe40 Exception <a 'java/lang/NoSuchMethodError'{0x0000000092514440}: static Lorg/gradle/internal/build/event/types/AbstractProgressEvent;.<clinit>()V> (0x0000000092514440) 
thrown [s\src\hotspot\share\prims\jni.cpp, line 1108]
Event: 58.198 Thread 0x000001898b56fe40 Exception <a 'java/lang/NoSuchMethodError'{0x0000000092521298}: static Lorg/gradle/internal/build/event/types/DefaultTaskDescriptor;.<clinit>()V> (0x0000000092521298) 
thrown [s\src\hotspot\share\prims\jni.cpp, line 1108]
Event: 58.200 Thread 0x000001898b56fe40 Exception <a 'java/lang/NoSuchMethodError'{0x000000009252e648}: static Lorg/gradle/internal/operations/OperationIdentifier;.<clinit>()V> (0x000000009252e648) 
thrown [s\src\hotspot\share\prims\jni.cpp, line 1108]

VM Operations (20 events):
Event: 56.656 Executing VM operation: ICBufferFull
Event: 56.657 Executing VM operation: ICBufferFull done
Event: 57.291 Executing VM operation: ICBufferFull
Event: 57.291 Executing VM operation: ICBufferFull done
Event: 57.542 Executing VM operation: G1TryInitiateConcMark
Event: 57.550 Executing VM operation: G1TryInitiateConcMark done
Event: 57.562 Executing VM operation: G1TryInitiateConcMark
Event: 57.569 Executing VM operation: G1TryInitiateConcMark done
Event: 57.615 Executing VM operation: G1Concurrent
Event: 57.626 Executing VM operation: G1Concurrent done
Event: 57.646 Executing VM operation: G1Concurrent
Event: 57.646 Executing VM operation: G1Concurrent done
Event: 58.161 Executing VM operation: HandshakeAllThreads
Event: 58.161 Executing VM operation: HandshakeAllThreads done
Event: 58.164 Executing VM operation: HandshakeAllThreads
Event: 58.164 Executing VM operation: HandshakeAllThreads done
Event: 58.190 Executing VM operation: HandshakeAllThreads
Event: 58.190 Executing VM operation: HandshakeAllThreads done
Event: 58.201 Executing VM operation: HandshakeAllThreads
Event: 58.202 Executing VM operation: HandshakeAllThreads done

Events (20 events):
Event: 58.052 Thread 0x000001898ee2f0b0 Thread added: 0x000001898ee2f0b0
Event: 58.053 Thread 0x000001898ee31c00 Thread added: 0x000001898ee31c00
Event: 58.053 Thread 0x000001898ee308c0 Thread added: 0x000001898ee308c0
Event: 58.053 Thread 0x00000189919a7e60 Thread added: 0x00000189919a7e60
Event: 58.053 Thread 0x00000189919aae80 Thread added: 0x00000189919aae80
Event: 58.053 Thread 0x00000189919abcf0 Thread added: 0x00000189919abcf0
Event: 58.053 Thread 0x00000189919a4e40 Thread added: 0x00000189919a4e40
Event: 58.053 Thread 0x00000189919a57e0 Thread added: 0x00000189919a57e0
Event: 58.053 Thread 0x00000189919a5310 Thread added: 0x00000189919a5310
Event: 58.053 Thread 0x00000189919a8800 Thread added: 0x00000189919a8800
Event: 58.053 Thread 0x00000189919a6ff0 Thread added: 0x00000189919a6ff0
Event: 58.056 Thread 0x00000189919ab350 Thread added: 0x00000189919ab350
Event: 58.057 Thread 0x00000189919a4970 Thread added: 0x00000189919a4970
Event: 58.061 Thread 0x00000189919a8330 Thread added: 0x00000189919a8330
Event: 58.066 Thread 0x00000189919a8cd0 Thread added: 0x00000189919a8cd0
Event: 58.114 Thread 0x00000189919aa4e0 Thread added: 0x00000189919aa4e0
Event: 58.178 loading class java/util/TreeMap$KeySpliterator
Event: 58.179 loading class java/util/TreeMap$TreeMapSpliterator
Event: 58.179 loading class java/util/TreeMap$TreeMapSpliterator done
Event: 58.179 loading class java/util/TreeMap$KeySpliterator done


Dynamic libraries:
0x00007ff62a500000 - 0x00007ff62a50a000 	C:\Program Files\Android\Android Studio\jbr\bin\java.exe
0x00007ffa6ea70000 - 0x00007ffa6ec87000 	C:\WINDOWS\SYSTEM32\ntdll.dll
0x00007ffa6da00000 - 0x00007ffa6dac4000 	C:\WINDOWS\System32\KERNEL32.DLL
0x00007ffa6bef0000 - 0x00007ffa6c296000 	C:\WINDOWS\System32\KERNELBASE.dll
0x00007ffa6c2a0000 - 0x00007ffa6c3b1000 	C:\WINDOWS\System32\ucrtbase.dll
0x00007ffa57e50000 - 0x00007ffa57e67000 	C:\Program Files\Android\Android Studio\jbr\bin\jli.dll
0x00007ffa6d6a0000 - 0x00007ffa6d84e000 	C:\WINDOWS\System32\USER32.dll
0x00007ffa6c3c0000 - 0x00007ffa6c3e6000 	C:\WINDOWS\System32\win32u.dll
0x00007ffa6e3f0000 - 0x00007ffa6e419000 	C:\WINDOWS\System32\GDI32.dll
0x00007ffa6c6a0000 - 0x00007ffa6c7b8000 	C:\WINDOWS\System32\gdi32full.dll
0x00007ffa6be50000 - 0x00007ffa6beea000 	C:\WINDOWS\System32\msvcp_win.dll
0x00007ffa3e2c0000 - 0x00007ffa3e2db000 	C:\Program Files\Android\Android Studio\jbr\bin\VCRUNTIME140.dll
0x00007ffa58e30000 - 0x00007ffa590c3000 	C:\WINDOWS\WinSxS\amd64_microsoft.windows.common-controls_6595b64144ccf1df_6.0.22621.2506_none_270c5ae97388e100\COMCTL32.dll
0x00007ffa6c7e0000 - 0x00007ffa6c887000 	C:\WINDOWS\System32\msvcrt.dll
0x00007ffa6e3b0000 - 0x00007ffa6e3e1000 	C:\WINDOWS\System32\IMM32.DLL
0x00007ffa46eb0000 - 0x00007ffa46ebc000 	C:\Program Files\Android\Android Studio\jbr\bin\vcruntime140_1.dll
0x00007ffa26b30000 - 0x00007ffa26bbd000 	C:\Program Files\Android\Android Studio\jbr\bin\msvcp140.dll
0x00007ffa23580000 - 0x00007ffa24200000 	C:\Program Files\Android\Android Studio\jbr\bin\server\jvm.dll
0x00007ffa6d310000 - 0x00007ffa6d3c1000 	C:\WINDOWS\System32\ADVAPI32.dll
0x00007ffa6e420000 - 0x00007ffa6e4c5000 	C:\WINDOWS\System32\sechost.dll
0x00007ffa6c890000 - 0x00007ffa6c9a7000 	C:\WINDOWS\System32\RPCRT4.dll
0x00007ffa67cc0000 - 0x00007ffa67cc9000 	C:\WINDOWS\SYSTEM32\WSOCK32.dll
0x00007ffa6dc40000 - 0x00007ffa6dcb1000 	C:\WINDOWS\System32\WS2_32.dll
0x00007ffa65080000 - 0x00007ffa650b4000 	C:\WINDOWS\SYSTEM32\WINMM.dll
0x00007ffa640a0000 - 0x00007ffa640aa000 	C:\WINDOWS\SYSTEM32\VERSION.dll
0x00007ffa6ada0000 - 0x00007ffa6adb8000 	C:\WINDOWS\SYSTEM32\kernel.appcore.dll
0x00007ffa67cb0000 - 0x00007ffa67cba000 	C:\Program Files\Android\Android Studio\jbr\bin\jimage.dll
0x00007ffa4e9d0000 - 0x00007ffa4ec03000 	C:\WINDOWS\SYSTEM32\DBGHELP.DLL
0x00007ffa6e6a0000 - 0x00007ffa6ea29000 	C:\WINDOWS\System32\combase.dll
0x00007ffa6d440000 - 0x00007ffa6d517000 	C:\WINDOWS\System32\OLEAUT32.dll
0x00007ffa4e990000 - 0x00007ffa4e9c2000 	C:\WINDOWS\SYSTEM32\dbgcore.DLL
0x00007ffa6c560000 - 0x00007ffa6c5da000 	C:\WINDOWS\System32\bcryptPrimitives.dll
0x00007ffa59510000 - 0x00007ffa5951e000 	C:\Program Files\Android\Android Studio\jbr\bin\instrument.dll
0x00007ffa57e70000 - 0x00007ffa57e95000 	C:\Program Files\Android\Android Studio\jbr\bin\java.dll
0x00007ffa67c90000 - 0x00007ffa67ca8000 	C:\Program Files\Android\Android Studio\jbr\bin\zip.dll
0x00007ffa6cab0000 - 0x00007ffa6d30a000 	C:\WINDOWS\System32\SHELL32.dll
0x00007ffa69cb0000 - 0x00007ffa6a5a6000 	C:\WINDOWS\SYSTEM32\windows.storage.dll
0x00007ffa69b70000 - 0x00007ffa69cae000 	C:\WINDOWS\SYSTEM32\wintypes.dll
0x00007ffa6c9b0000 - 0x00007ffa6caa3000 	C:\WINDOWS\System32\SHCORE.dll
0x00007ffa6ded0000 - 0x00007ffa6df2e000 	C:\WINDOWS\System32\shlwapi.dll
0x00007ffa6bd10000 - 0x00007ffa6bd36000 	C:\WINDOWS\SYSTEM32\profapi.dll
0x00007ffa67c50000 - 0x00007ffa67c69000 	C:\Program Files\Android\Android Studio\jbr\bin\net.dll
0x00007ffa65ee0000 - 0x00007ffa66017000 	C:\WINDOWS\SYSTEM32\WINHTTP.dll
0x00007ffa6b210000 - 0x00007ffa6b279000 	C:\WINDOWS\system32\mswsock.dll
0x00007ffa672a0000 - 0x00007ffa672b6000 	C:\Program Files\Android\Android Studio\jbr\bin\nio.dll
0x00007ffa65850000 - 0x00007ffa65860000 	C:\Program Files\Android\Android Studio\jbr\bin\verify.dll
0x00007ffa30d80000 - 0x00007ffa30da7000 	C:\Users\anura\.gradle\native\68d5fa5c4cc2d200863cafc0d521ce42e7d3e7ee720ec0a83991735586a16f82\windows-amd64\native-platform.dll
0x00007ffa25660000 - 0x00007ffa257a4000 	C:\Users\anura\.gradle\native\e376f236ea51e6404a007f0833ffe2c6e607c4080706a723a18a27aeea778392\windows-amd64\native-platform-file-events.dll
0x00007ffa654c0000 - 0x00007ffa654c9000 	C:\Program Files\Android\Android Studio\jbr\bin\management.dll
0x00007ffa654b0000 - 0x00007ffa654bb000 	C:\Program Files\Android\Android Studio\jbr\bin\management_ext.dll
0x00007ffa6d430000 - 0x00007ffa6d438000 	C:\WINDOWS\System32\PSAPI.DLL
0x00007ffa6b560000 - 0x00007ffa6b57b000 	C:\WINDOWS\SYSTEM32\CRYPTSP.dll
0x00007ffa6ad00000 - 0x00007ffa6ad35000 	C:\WINDOWS\system32\rsaenh.dll
0x00007ffa6b2b0000 - 0x00007ffa6b2dc000 	C:\WINDOWS\SYSTEM32\USERENV.dll
0x00007ffa6b6a0000 - 0x00007ffa6b6c8000 	C:\WINDOWS\SYSTEM32\bcrypt.dll
0x00007ffa6b540000 - 0x00007ffa6b54c000 	C:\WINDOWS\SYSTEM32\CRYPTBASE.dll
0x00007ffa6a800000 - 0x00007ffa6a82d000 	C:\WINDOWS\SYSTEM32\IPHLPAPI.DLL
0x00007ffa6c7d0000 - 0x00007ffa6c7d9000 	C:\WINDOWS\System32\NSI.dll
0x00007ffa65be0000 - 0x00007ffa65bf9000 	C:\WINDOWS\SYSTEM32\dhcpcsvc6.DLL
0x00007ffa65660000 - 0x00007ffa6567f000 	C:\WINDOWS\SYSTEM32\dhcpcsvc.DLL
0x00007ffa6a830000 - 0x00007ffa6a929000 	C:\WINDOWS\SYSTEM32\DNSAPI.dll
0x00007ffa67640000 - 0x00007ffa67648000 	C:\WINDOWS\system32\wshunix.dll

dbghelp: loaded successfully - version: 4.0.5 - missing functions: none
symbol engine: initialized successfully - sym options: 0x614 - pdb path: .;C:\Program Files\Android\Android Studio\jbr\bin;C:\WINDOWS\SYSTEM32;C:\WINDOWS\WinSxS\amd64_microsoft.windows.common-controls_6595b64144ccf1df_6.0.22621.2506_none_270c5ae97388e100;C:\Program Files\Android\Android Studio\jbr\bin\server;C:\Users\anura\.gradle\native\68d5fa5c4cc2d200863cafc0d521ce42e7d3e7ee720ec0a83991735586a16f82\windows-amd64;C:\Users\anura\.gradle\native\e376f236ea51e6404a007f0833ffe2c6e607c4080706a723a18a27aeea778392\windows-amd64

VM Arguments:
jvm_args: --add-opens=java.base/java.util=ALL-UNNAMED --add-opens=java.base/java.lang=ALL-UNNAMED --add-opens=java.base/java.lang.invoke=ALL-UNNAMED --add-opens=java.prefs/java.util.prefs=ALL-UNNAMED --add-opens=java.base/java.nio.charset=ALL-UNNAMED --add-opens=java.base/java.net=ALL-UNNAMED --add-opens=java.base/java.util.concurrent.atomic=ALL-UNNAMED -Xmx2048m -Dfile.encoding=UTF-8 -Duser.country=US -Duser.language=en -Duser.variant -javaagent:C:\Users\anura\.gradle\wrapper\dists\gradle-8.2-bin\bbg7u40eoinfdyxsxr3z4i7ta\gradle-8.2\lib\agents\gradle-instrumentation-agent-8.2.jar 
java_command: org.gradle.launcher.daemon.bootstrap.GradleDaemon 8.2
java_class_path (initial): C:\Users\anura\.gradle\wrapper\dists\gradle-8.2-bin\bbg7u40eoinfdyxsxr3z4i7ta\gradle-8.2\lib\gradle-launcher-8.2.jar
Launcher Type: SUN_STANDARD

[Global flags]
     intx CICompilerCount                          = 12                                        {product} {ergonomic}
     uint ConcGCThreads                            = 3                                         {product} {ergonomic}
     uint G1ConcRefinementThreads                  = 13                                        {product} {ergonomic}
   size_t G1HeapRegionSize                         = 1048576                                   {product} {ergonomic}
    uintx GCDrainStackTargetSize                   = 64                                        {product} {ergonomic}
   size_t InitialHeapSize                          = 266338304                                 {product} {ergonomic}
   size_t MarkStackSize                            = 4194304                                   {product} {ergonomic}
   size_t MaxHeapSize                              = 2147483648                                {product} {command line}
   size_t MaxNewSize                               = 1287651328                                {product} {ergonomic}
   size_t MinHeapDeltaBytes                        = 1048576                                   {product} {ergonomic}
   size_t MinHeapSize                              = 8388608                                   {product} {ergonomic}
    uintx NonNMethodCodeHeapSize                   = 7602480                                {pd product} {ergonomic}
    uintx NonProfiledCodeHeapSize                  = 122027880                              {pd product} {ergonomic}
    uintx ProfiledCodeHeapSize                     = 122027880                              {pd product} {ergonomic}
    uintx ReservedCodeCacheSize                    = 251658240                              {pd product} {ergonomic}
     bool SegmentedCodeCache                       = true                                      {product} {ergonomic}
   size_t SoftMaxHeapSize                          = 2147483648                             {manageable} {ergonomic}
     bool UseCompressedClassPointers               = true                           {product lp64_product} {ergonomic}
     bool UseCompressedOops                        = true                           {product lp64_product} {ergonomic}
     bool UseG1GC                                  = true                                      {product} {ergonomic}
     bool UseLargePagesIndividualAllocation        = false                                  {pd product} {ergonomic}

Logging:
Log output configuration:
 #0: stdout all=warning uptime,level,tags
 #1: stderr all=off uptime,level,tags

Environment Variables:
PATH=C:\Program Files\Common Files\Oracle\Java\javapath;C:\WINDOWS\system32;C:\WINDOWS;C:\WINDOWS\System32\Wbem;C:\WINDOWS\System32\WindowsPowerShell\v1.0\;C:\WINDOWS\System32\OpenSSH\;C:\xampp\php;C:\Program Files\Java\jdk-20\bin;C:\Program Files\Git\cmd;C:\ProgramData\ComposerSetup\bin;C:\Program Files\PuTTY\;C:\Users\anura\AppData\Local\Microsoft\WindowsApps;C:\Users\anura\AppData\Local\Programs\Microsoft VS Code\bin;C:\Users\anura\AppData\Local\GitHubDesktop\bin;C:\Users\anura\AppData\Roaming\Composer\vendor\bin;C:\Program Files\Git\bin;C:\src\flutter\bin;
USERNAME=anura
OS=Windows_NT
PROCESSOR_IDENTIFIER=Intel64 Family 6 Model 165 Stepping 5, GenuineIntel
TMP=C:\Users\anura\AppData\Local\Temp
TEMP=C:\Users\anura\AppData\Local\Temp


JNI global refs:
JNI global refs: 35, weak refs: 0

JNI global refs memory usage: 843, weak refs: 841

OOME stack traces (most recent first):
Classloader memory used:
