#
# There is insufficient memory for the Java Runtime Environment to continue.
# Native memory allocation (malloc) failed to allocate 1052496 bytes for Chunk::new
# Possible reasons:
#   The system is out of physical RAM or swap space
#   The process is running with CompressedOops enabled, and the Java Heap may be blocking the growth of the native heap
# Possible solutions:
#   Reduce memory load on the system
#   Increase physical memory or swap space
#   Check if swap backing store is full
#   Decrease Java heap size (-Xmx/-Xms)
#   Decrease number of Java threads
#   Decrease Java thread stack sizes (-Xss)
#   Set larger code cache with -XX:ReservedCodeCacheSize=
#   JVM is running with Unscaled Compressed Oops mode in which the Java heap is
#     placed in the first 4GB address space. The Java Heap base address is the
#     maximum limit for the native heap growth. Please use -XX:HeapBaseMinAddress
#     to set the Java Heap base and to place the Java Heap above 4GB virtual address.
# This output file may be truncated or incomplete.
#
#  Out of Memory Error (arena.cpp:189), pid=18752, tid=10692
#
# JRE version: OpenJDK Runtime Environment (17.0.7) (build 17.0.7+0-b2043.56-10550314)
# Java VM: OpenJDK 64-Bit Server VM (17.0.7+0-b2043.56-10550314, mixed mode, tiered, compressed oops, compressed class ptrs, g1 gc, windows-amd64)
# No core dump will be written. Minidumps are not enabled by default on client versions of Windows
#

---------------  S U M M A R Y ------------

Command Line: --add-opens=java.base/java.util=ALL-UNNAMED --add-opens=java.base/java.lang=ALL-UNNAMED --add-opens=java.base/java.lang.invoke=ALL-UNNAMED --add-opens=java.prefs/java.util.prefs=ALL-UNNAMED --add-opens=java.base/java.nio.charset=ALL-UNNAMED --add-opens=java.base/java.net=ALL-UNNAMED --add-opens=java.base/java.util.concurrent.atomic=ALL-UNNAMED -Xmx2048m -Dfile.encoding=UTF-8 -Duser.country=US -Duser.language=en -Duser.variant -javaagent:C:\Users\anura\.gradle\wrapper\dists\gradle-8.2-bin\bbg7u40eoinfdyxsxr3z4i7ta\gradle-8.2\lib\agents\gradle-instrumentation-agent-8.2.jar org.gradle.launcher.daemon.bootstrap.GradleDaemon 8.2

Host: Intel(R) Core(TM) i7-10700 CPU @ 2.90GHz, 16 cores, 15G,  Windows 11 , 64 bit Build 22621 (10.0.22621.2506)
Time: Tue Jan  9 15:55:49 2024 Sri Lanka Standard Time elapsed time: 58.267172 seconds (0d 0h 0m 58s)

---------------  T H R E A D  ---------------

Current thread (0x0000026329ba2510):  JavaThread "C2 CompilerThread0" daemon [_thread_in_native, id=10692, stack(0x000000e81c400000,0x000000e81c500000)]


Current CompileTask:
C2:  58267 9847       4       org.gradle.internal.reflect.ClassInspector::inspectClass (179 bytes)

Stack: [0x000000e81c400000,0x000000e81c500000]
Native frames: (J=compiled Java code, j=interpreted, Vv=VM code, C=native code)
V  [jvm.dll+0x683bfa]
V  [jvm.dll+0x8430a4]
V  [jvm.dll+0x8449be]
V  [jvm.dll+0x845023]
V  [jvm.dll+0x24ad2f]
V  [jvm.dll+0xac25c]
V  [jvm.dll+0xac82c]
V  [jvm.dll+0x36a187]
V  [jvm.dll+0x1be138]
V  [jvm.dll+0x21d3a9]
V  [jvm.dll+0x21c671]
V  [jvm.dll+0x1a605d]
V  [jvm.dll+0x22c148]
V  [jvm.dll+0x22a209]
V  [jvm.dll+0x7f858c]
V  [jvm.dll+0x7f2aea]
V  [jvm.dll+0x682a35]
C  [ucrtbase.dll+0x29363]
C  [KERNEL32.DLL+0x1257d]
C  [ntdll.dll+0x5aa58]


---------------  P R O C E S S  ---------------

Threads class SMR info:
_java_thread_list=0x000002632e194d60, length=92, elements={
0x000002630f0a8c60, 0x0000026329b82020, 0x0000026329b82ca0, 0x0000026329bd1410,
0x0000026329bd31e0, 0x0000026329bd3c90, 0x0000026329bd4640, 0x0000026329ba2510,
0x0000026329ba2fb0, 0x0000026329ba59b0, 0x0000026329d32f60, 0x0000026329e15f00,
0x000002632f581aa0, 0x000002633083c820, 0x000002632ed3fff0, 0x000002632fd97820,
0x00000263302585f0, 0x000002632f4692e0, 0x00000263303a38a0, 0x0000026330490e00,
0x00000263304917a0, 0x000002633048fac0, 0x00000263304912d0, 0x0000026330492140,
0x000002633048ff90, 0x0000026330491c70, 0x0000026330492610, 0x000002633048ec50,
0x000002633048f120, 0x0000026330490460, 0x0000026330490930, 0x000002633048f5f0,
0x00000263313c14e0, 0x00000263313c7520, 0x00000263313c2350, 0x00000263313c4ea0,
0x00000263313c2820, 0x00000263313c79f0, 0x00000263313c2cf0, 0x00000263313c01a0,
0x00000263313c31c0, 0x00000263313c3690, 0x00000263313c4030, 0x00000263313c1e80,
0x00000263313c3b60, 0x00000263313c5840, 0x00000263313c0670, 0x00000263313c49d0,
0x00000263313c4500, 0x00000263313c0b40, 0x00000263313c61e0, 0x00000263313c66b0,
0x00000263313c6b80, 0x00000263313c7050, 0x000002632f529130, 0x000002632f5282c0,
0x000002632f52b2e0, 0x000002632f52b7b0, 0x000002632f527920, 0x000002632f527df0,
0x000002632f526f80, 0x000002632f527450, 0x000002632f52c620, 0x000002632f52ae10,
0x000002632f529600, 0x000002632f528790, 0x000002632f52d960, 0x0000026331e1dd90,
0x0000026331e1d370, 0x0000026331e1ecc0, 0x000002632f529ad0, 0x000002632f526110,
0x0000026332bf67c0, 0x0000026332bf4960, 0x000002632f5265e0, 0x000002632f52a940,
0x000002632f529fa0, 0x000002632f52a470, 0x000002632f52bc80, 0x000002632f526ab0,
0x000002632f52c150, 0x000002632f52d490, 0x0000026336c6ae60, 0x0000026336c6cb40,
0x0000026336c6d010, 0x0000026336c6d4e0, 0x0000026336c6c670, 0x0000026336c69650,
0x0000026336c6d9b0, 0x0000026336c6f1c0, 0x0000026336c69180, 0x0000026336c6de80
}

Java Threads: ( => current thread )
  0x000002630f0a8c60 JavaThread "main" [_thread_blocked, id=18816, stack(0x000000e81b700000,0x000000e81b800000)]
  0x0000026329b82020 JavaThread "Reference Handler" daemon [_thread_blocked, id=17080, stack(0x000000e81be00000,0x000000e81bf00000)]
  0x0000026329b82ca0 JavaThread "Finalizer" daemon [_thread_blocked, id=6768, stack(0x000000e81bf00000,0x000000e81c000000)]
  0x0000026329bd1410 JavaThread "Signal Dispatcher" daemon [_thread_blocked, id=6356, stack(0x000000e81c000000,0x000000e81c100000)]
  0x0000026329bd31e0 JavaThread "Attach Listener" daemon [_thread_blocked, id=8828, stack(0x000000e81c100000,0x000000e81c200000)]
  0x0000026329bd3c90 JavaThread "Service Thread" daemon [_thread_blocked, id=17196, stack(0x000000e81c200000,0x000000e81c300000)]
  0x0000026329bd4640 JavaThread "Monitor Deflation Thread" daemon [_thread_blocked, id=17612, stack(0x000000e81c300000,0x000000e81c400000)]
=>0x0000026329ba2510 JavaThread "C2 CompilerThread0" daemon [_thread_in_native, id=10692, stack(0x000000e81c400000,0x000000e81c500000)]
  0x0000026329ba2fb0 JavaThread "C1 CompilerThread0" daemon [_thread_blocked, id=13380, stack(0x000000e81c500000,0x000000e81c600000)]
  0x0000026329ba59b0 JavaThread "Sweeper thread" daemon [_thread_blocked, id=16192, stack(0x000000e81c600000,0x000000e81c700000)]
  0x0000026329d32f60 JavaThread "Common-Cleaner" daemon [_thread_blocked, id=18848, stack(0x000000e81c800000,0x000000e81c900000)]
  0x0000026329e15f00 JavaThread "Notification Thread" daemon [_thread_blocked, id=16740, stack(0x000000e81c900000,0x000000e81ca00000)]
  0x000002632f581aa0 JavaThread "Daemon health stats" [_thread_blocked, id=15416, stack(0x000000e81d500000,0x000000e81d600000)]
  0x000002633083c820 JavaThread "Incoming local TCP Connector on port 52382" [_thread_in_native, id=14652, stack(0x000000e81cb00000,0x000000e81cc00000)]
  0x000002632ed3fff0 JavaThread "Daemon periodic checks" [_thread_blocked, id=15212, stack(0x000000e81cc00000,0x000000e81cd00000)]
  0x000002632fd97820 JavaThread "Daemon" [_thread_blocked, id=5244, stack(0x000000e81d400000,0x000000e81d500000)]
  0x00000263302585f0 JavaThread "Handler for socket connection from /127.0.0.1:52382 to /127.0.0.1:52385" [_thread_in_native, id=19016, stack(0x000000e81d600000,0x000000e81d700000)]
  0x000002632f4692e0 JavaThread "Cancel handler" [_thread_blocked, id=10724, stack(0x000000e81d700000,0x000000e81d800000)]
  0x00000263303a38a0 JavaThread "Daemon worker" [_thread_in_vm, id=9048, stack(0x000000e81d800000,0x000000e81d900000)]
  0x0000026330490e00 JavaThread "Asynchronous log dispatcher for DefaultDaemonConnection: socket connection from /127.0.0.1:52382 to /127.0.0.1:52385" [_thread_blocked, id=18908, stack(0x000000e81d900000,0x000000e81da00000)]
  0x00000263304917a0 JavaThread "Stdin handler" [_thread_blocked, id=5164, stack(0x000000e81da00000,0x000000e81db00000)]
  0x000002633048fac0 JavaThread "Daemon client event forwarder" [_thread_blocked, id=1752, stack(0x000000e81db00000,0x000000e81dc00000)]
  0x00000263304912d0 JavaThread "Cache worker for journal cache (C:\Users\anura\.gradle\caches\journal-1)" [_thread_blocked, id=13340, stack(0x000000e81e500000,0x000000e81e600000)]
  0x0000026330492140 JavaThread "File lock request listener" [_thread_in_native, id=3200, stack(0x000000e81e600000,0x000000e81e700000)]
  0x000002633048ff90 JavaThread "File lock release action executor" [_thread_blocked, id=11320, stack(0x000000e81e700000,0x000000e81e800000)]
  0x0000026330491c70 JavaThread "Cache worker for file hash cache (C:\Users\anura\.gradle\caches\8.2\fileHashes)" [_thread_blocked, id=16440, stack(0x000000e81e900000,0x000000e81ea00000)]
  0x0000026330492610 JavaThread "File watcher server" daemon [_thread_in_native, id=444, stack(0x000000e81e800000,0x000000e81e900000)]
  0x000002633048ec50 JavaThread "File watcher consumer" daemon [_thread_blocked, id=18780, stack(0x000000e81ea00000,0x000000e81eb00000)]
  0x000002633048f120 JavaThread "jar transforms" [_thread_blocked, id=6948, stack(0x000000e81eb00000,0x000000e81ec00000)]
  0x0000026330490460 JavaThread "jar transforms Thread 2" [_thread_blocked, id=18244, stack(0x000000e81ec00000,0x000000e81ed00000)]
  0x0000026330490930 JavaThread "jar transforms Thread 3" [_thread_blocked, id=19040, stack(0x000000e81ed00000,0x000000e81ee00000)]
  0x000002633048f5f0 JavaThread "jar transforms Thread 4" [_thread_blocked, id=13432, stack(0x000000e81ee00000,0x000000e81ef00000)]
  0x00000263313c14e0 JavaThread "jar transforms Thread 5" [_thread_blocked, id=17576, stack(0x000000e81ef00000,0x000000e81f000000)]
  0x00000263313c7520 JavaThread "jar transforms Thread 6" [_thread_blocked, id=15208, stack(0x000000e81f000000,0x000000e81f100000)]
  0x00000263313c2350 JavaThread "jar transforms Thread 7" [_thread_blocked, id=11344, stack(0x000000e81f100000,0x000000e81f200000)]
  0x00000263313c4ea0 JavaThread "jar transforms Thread 8" [_thread_blocked, id=11464, stack(0x000000e81f200000,0x000000e81f300000)]
  0x00000263313c2820 JavaThread "jar transforms Thread 9" [_thread_blocked, id=7796, stack(0x000000e81f300000,0x000000e81f400000)]
  0x00000263313c79f0 JavaThread "jar transforms Thread 10" [_thread_blocked, id=10548, stack(0x000000e81f400000,0x000000e81f500000)]
  0x00000263313c2cf0 JavaThread "jar transforms Thread 11" [_thread_blocked, id=11652, stack(0x000000e81f500000,0x000000e81f600000)]
  0x00000263313c01a0 JavaThread "jar transforms Thread 12" [_thread_blocked, id=17020, stack(0x000000e81f600000,0x000000e81f700000)]
  0x00000263313c31c0 JavaThread "jar transforms Thread 13" [_thread_blocked, id=16412, stack(0x000000e81f700000,0x000000e81f800000)]
  0x00000263313c3690 JavaThread "jar transforms Thread 14" [_thread_blocked, id=17136, stack(0x000000e81f800000,0x000000e81f900000)]
  0x00000263313c4030 JavaThread "jar transforms Thread 15" [_thread_blocked, id=15916, stack(0x000000e81f900000,0x000000e81fa00000)]
  0x00000263313c1e80 JavaThread "jar transforms Thread 16" [_thread_blocked, id=10304, stack(0x000000e81fa00000,0x000000e81fb00000)]
  0x00000263313c3b60 JavaThread "Cache worker for checksums cache (C:\Users\anura\AndroidStudioProjects\ITWadak\.gradle\8.2\checksums)" [_thread_blocked, id=5648, stack(0x000000e81fc00000,0x000000e81fd00000)]
  0x00000263313c5840 JavaThread "Cache worker for cache directory md-rule (C:\Users\anura\.gradle\caches\8.2\md-rule)" [_thread_blocked, id=3624, stack(0x000000e81fd00000,0x000000e81fe00000)]
  0x00000263313c0670 JavaThread "Cache worker for file content cache (C:\Users\anura\.gradle\caches\8.2\fileContent)" [_thread_blocked, id=4892, stack(0x000000e81fe00000,0x000000e81ff00000)]
  0x00000263313c49d0 JavaThread "Cache worker for file hash cache (C:\Users\anura\AndroidStudioProjects\ITWadak\.gradle\8.2\fileHashes)" [_thread_blocked, id=7664, stack(0x000000e81fb00000,0x000000e81fc00000)]
  0x00000263313c4500 JavaThread "Cache worker for cache directory md-supplier (C:\Users\anura\.gradle\caches\8.2\md-supplier)" [_thread_blocked, id=13024, stack(0x000000e81ff00000,0x000000e820000000)]
  0x00000263313c0b40 JavaThread "Cache worker for execution history cache (C:\Users\anura\.gradle\caches\8.2\executionHistory)" [_thread_blocked, id=3724, stack(0x000000e820000000,0x000000e820100000)]
  0x00000263313c61e0 JavaThread "Cache worker for dependencies-accessors (C:\Users\anura\AndroidStudioProjects\ITWadak\.gradle\8.2\dependencies-accessors)" [_thread_blocked, id=7972, stack(0x000000e81ce00000,0x000000e81cf00000)]
  0x00000263313c66b0 JavaThread "Cache worker for Build Output Cleanup Cache (C:\Users\anura\AndroidStudioProjects\ITWadak\.gradle\buildOutputCleanup)" [_thread_blocked, id=7264, stack(0x000000e820100000,0x000000e820200000)]
  0x00000263313c6b80 JavaThread "Unconstrained build operations" [_thread_blocked, id=1912, stack(0x000000e820600000,0x000000e820700000)]
  0x00000263313c7050 JavaThread "Unconstrained build operations Thread 2" [_thread_blocked, id=3756, stack(0x000000e820700000,0x000000e820800000)]
  0x000002632f529130 JavaThread "Unconstrained build operations Thread 3" [_thread_blocked, id=15548, stack(0x000000e820800000,0x000000e820900000)]
  0x000002632f5282c0 JavaThread "Unconstrained build operations Thread 4" [_thread_blocked, id=16452, stack(0x000000e820900000,0x000000e820a00000)]
  0x000002632f52b2e0 JavaThread "Unconstrained build operations Thread 5" [_thread_blocked, id=14172, stack(0x000000e820a00000,0x000000e820b00000)]
  0x000002632f52b7b0 JavaThread "Unconstrained build operations Thread 6" [_thread_blocked, id=11176, stack(0x000000e820b00000,0x000000e820c00000)]
  0x000002632f527920 JavaThread "Unconstrained build operations Thread 7" [_thread_blocked, id=17200, stack(0x000000e820c00000,0x000000e820d00000)]
  0x000002632f527df0 JavaThread "Unconstrained build operations Thread 8" [_thread_blocked, id=420, stack(0x000000e820d00000,0x000000e820e00000)]
  0x000002632f526f80 JavaThread "Unconstrained build operations Thread 9" [_thread_blocked, id=13104, stack(0x000000e820e00000,0x000000e820f00000)]
  0x000002632f527450 JavaThread "Unconstrained build operations Thread 10" [_thread_blocked, id=15520, stack(0x000000e820f00000,0x000000e821000000)]
  0x000002632f52c620 JavaThread "Unconstrained build operations Thread 11" [_thread_blocked, id=7556, stack(0x000000e821000000,0x000000e821100000)]
  0x000002632f52ae10 JavaThread "Unconstrained build operations Thread 12" [_thread_blocked, id=18320, stack(0x000000e821100000,0x000000e821200000)]
  0x000002632f529600 JavaThread "Unconstrained build operations Thread 13" [_thread_blocked, id=17004, stack(0x000000e821200000,0x000000e821300000)]
  0x000002632f528790 JavaThread "Unconstrained build operations Thread 14" [_thread_blocked, id=1744, stack(0x000000e821300000,0x000000e821400000)]
  0x000002632f52d960 JavaThread "Unconstrained build operations Thread 15" [_thread_blocked, id=1268, stack(0x000000e821400000,0x000000e821500000)]
  0x0000026331e1dd90 JavaThread "C1 CompilerThread1" daemon [_thread_in_vm, id=16356, stack(0x000000e820200000,0x000000e820300000)]
  0x0000026331e1d370 JavaThread "C1 CompilerThread2" daemon [_thread_blocked, id=10608, stack(0x000000e820300000,0x000000e820400000)]
  0x0000026331e1ecc0 JavaThread "C1 CompilerThread3" daemon [_thread_blocked, id=16816, stack(0x000000e820500000,0x000000e820600000)]
  0x000002632f529ad0 JavaThread "Memory manager" [_thread_blocked, id=16504, stack(0x000000e821600000,0x000000e821700000)]
  0x000002632f526110 JavaThread "pool-3-thread-1" [_thread_blocked, id=3432, stack(0x000000e821800000,0x000000e821900000)]
  0x0000026332bf67c0 JavaThread "C2 CompilerThread1" daemon [_thread_in_native, id=11780, stack(0x000000e820400000,0x000000e820500000)]
  0x0000026332bf4960 JavaThread "C2 CompilerThread2" daemon [_thread_in_native, id=6932, stack(0x000000e821500000,0x000000e821600000)]
  0x000002632f5265e0 JavaThread "included builds" [_thread_blocked, id=7916, stack(0x000000e821700000,0x000000e821800000)]
  0x000002632f52a940 JavaThread "Execution worker" [_thread_blocked, id=18380, stack(0x000000e821900000,0x000000e821a00000)]
  0x000002632f529fa0 JavaThread "Execution worker Thread 2" [_thread_blocked, id=4228, stack(0x000000e821a00000,0x000000e821b00000)]
  0x000002632f52a470 JavaThread "Execution worker Thread 3" [_thread_blocked, id=19228, stack(0x000000e821b00000,0x000000e821c00000)]
  0x000002632f52bc80 JavaThread "Execution worker Thread 4" [_thread_blocked, id=6020, stack(0x000000e821c00000,0x000000e821d00000)]
  0x000002632f526ab0 JavaThread "Execution worker Thread 5" [_thread_blocked, id=16160, stack(0x000000e821d00000,0x000000e821e00000)]
  0x000002632f52c150 JavaThread "Execution worker Thread 6" [_thread_blocked, id=18484, stack(0x000000e821e00000,0x000000e821f00000)]
  0x000002632f52d490 JavaThread "Execution worker Thread 7" [_thread_blocked, id=15024, stack(0x000000e821f00000,0x000000e822000000)]
  0x0000026336c6ae60 JavaThread "Execution worker Thread 8" [_thread_blocked, id=14996, stack(0x000000e822000000,0x000000e822100000)]
  0x0000026336c6cb40 JavaThread "Execution worker Thread 9" [_thread_blocked, id=16284, stack(0x000000e822100000,0x000000e822200000)]
  0x0000026336c6d010 JavaThread "Execution worker Thread 10" [_thread_blocked, id=8672, stack(0x000000e822200000,0x000000e822300000)]
  0x0000026336c6d4e0 JavaThread "Execution worker Thread 11" [_thread_blocked, id=6152, stack(0x000000e822300000,0x000000e822400000)]
  0x0000026336c6c670 JavaThread "Execution worker Thread 12" [_thread_blocked, id=6468, stack(0x000000e822400000,0x000000e822500000)]
  0x0000026336c69650 JavaThread "Execution worker Thread 13" [_thread_blocked, id=18276, stack(0x000000e822500000,0x000000e822600000)]
  0x0000026336c6d9b0 JavaThread "Execution worker Thread 14" [_thread_blocked, id=18220, stack(0x000000e822600000,0x000000e822700000)]
  0x0000026336c6f1c0 JavaThread "Execution worker Thread 15" [_thread_blocked, id=17368, stack(0x000000e822700000,0x000000e822800000)]
  0x0000026336c69180 JavaThread "Cache worker for execution history cache (C:\Users\anura\AndroidStudioProjects\ITWadak\.gradle\8.2\executionHistory)" [_thread_blocked, id=15068, stack(0x000000e822800000,0x000000e822900000)]
  0x0000026336c6de80 JavaThread "idea-tooling-model-converter" [_thread_in_vm, id=14440, stack(0x000000e822900000,0x000000e822a00000)]

Other Threads:
  0x0000026329b6cb00 VMThread "VM Thread" [stack: 0x000000e81bd00000,0x000000e81be00000] [id=10224]
  0x0000026329e163d0 WatcherThread [stack: 0x000000e81ca00000,0x000000e81cb00000] [id=6092]
  0x000002630f103b80 GCTaskThread "GC Thread#0" [stack: 0x000000e81b800000,0x000000e81b900000] [id=6276]
  0x000002632e71c890 GCTaskThread "GC Thread#1" [stack: 0x000000e81cf00000,0x000000e81d000000] [id=15984]
  0x000002632e71cb40 GCTaskThread "GC Thread#2" [stack: 0x000000e81d000000,0x000000e81d100000] [id=15148]
  0x000002632e71cdf0 GCTaskThread "GC Thread#3" [stack: 0x000000e81d100000,0x000000e81d200000] [id=15888]
  0x000002632e71d0a0 GCTaskThread "GC Thread#4" [stack: 0x000000e81d200000,0x000000e81d300000] [id=7144]
  0x000002632e71d350 GCTaskThread "GC Thread#5" [stack: 0x000000e81d300000,0x000000e81d400000] [id=18704]
  0x000002632feaddd0 GCTaskThread "GC Thread#6" [stack: 0x000000e81dc00000,0x000000e81dd00000] [id=16236]
  0x000002632f601350 GCTaskThread "GC Thread#7" [stack: 0x000000e81dd00000,0x000000e81de00000] [id=14528]
  0x0000026330454280 GCTaskThread "GC Thread#8" [stack: 0x000000e81de00000,0x000000e81df00000] [id=12388]
  0x000002632fd85890 GCTaskThread "GC Thread#9" [stack: 0x000000e81df00000,0x000000e81e000000] [id=6800]
  0x000002632feac790 GCTaskThread "GC Thread#10" [stack: 0x000000e81e000000,0x000000e81e100000] [id=14448]
  0x0000026330cb0040 GCTaskThread "GC Thread#11" [stack: 0x000000e81e100000,0x000000e81e200000] [id=16768]
  0x00000263303a3d70 GCTaskThread "GC Thread#12" [stack: 0x000000e81e200000,0x000000e81e300000] [id=16328]
  0x000002630f115ad0 ConcurrentGCThread "G1 Main Marker" [stack: 0x000000e81b900000,0x000000e81ba00000] [id=15996]
  0x000002630f1164e0 ConcurrentGCThread "G1 Conc#0" [stack: 0x000000e81ba00000,0x000000e81bb00000] [id=16332]
  0x0000026330838870 ConcurrentGCThread "G1 Conc#1" [stack: 0x000000e81e300000,0x000000e81e400000] [id=12600]
  0x0000026330a43030 ConcurrentGCThread "G1 Conc#2" [stack: 0x000000e81e400000,0x000000e81e500000] [id=15764]
  0x000002630f16e9e0 ConcurrentGCThread "G1 Refine#0" [stack: 0x000000e81bb00000,0x000000e81bc00000] [id=14332]
  0x0000026329888b00 ConcurrentGCThread "G1 Service" [stack: 0x000000e81bc00000,0x000000e81bd00000] [id=12880]

Threads with active compile tasks:
C2 CompilerThread0    58291 9847       4       org.gradle.internal.reflect.ClassInspector::inspectClass (179 bytes)
C1 CompilerThread0    58291 9943       3       org.gradle.execution.plan.DefaultPlanExecutor$MergedQueues::executionState (103 bytes)
C1 CompilerThread1    58291 9940       3       org.gradle.execution.plan.DefaultPlanExecutor$ExecutorWorker$$Lambda$1169/0x0000000100b94b48::transform (20 bytes)
C1 CompilerThread2    58291 9941   !   3       org.gradle.execution.plan.DefaultPlanExecutor$ExecutorWorker::lambda$getNextItem$1 (177 bytes)
C1 CompilerThread3    58291 9942       3       org.gradle.execution.plan.DefaultPlanExecutor$ExecutorState$WorkerState::finishWaitingForNextItem (34 bytes)
C2 CompilerThread1    58291 9909       4       jdk.internal.jimage.ImageLocation::verify (218 bytes)
C2 CompilerThread2    58292 9912       4       org.gradle.internal.service.DefaultServiceRegistry$SingletonService::get (5 bytes)

VM state: not at safepoint (normal execution)

VM Mutex/Monitor currently owned by a thread:  ([mutex/lock_event])
[0x000002630f0a4ee0] Metaspace_lock - owner thread: 0x0000026336c6de80
[0x000002630f0a43a0] MethodData_lock - owner thread: 0x0000026331e1dd90

Heap address: 0x0000000080000000, size: 2048 MB, Compressed Oops mode: 32-bit

CDS archive(s) not mapped
Compressed class space mapped at: 0x0000000100000000-0x0000000140000000, reserved size: 1073741824
Narrow klass base: 0x0000000000000000, Narrow klass shift: 3, Narrow klass range: 0x140000000

GC Precious Log:
 CPUs: 16 total, 16 available
 Memory: 16209M
 Large Page Support: Disabled
 NUMA Support: Disabled
 Compressed Oops: Enabled (32-bit)
 Heap Region Size: 1M
 Heap Min Capacity: 8M
 Heap Initial Capacity: 254M
 Heap Max Capacity: 2G
 Pre-touch: Disabled
 Parallel Workers: 13
 Concurrent Workers: 3
 Concurrent Refinement Workers: 13
 Periodic GC: Disabled

Heap:
 garbage-first heap   total 286720K, used 146558K [0x0000000080000000, 0x0000000100000000)
  region size 1024K, 19 young (19456K), 1 survivors (1024K)
 Metaspace       used 87284K, committed 88000K, reserved 1179648K
  class space    used 11736K, committed 12096K, reserved 1048576K

Heap Regions: E=young(eden), S=young(survivor), O=old, HS=humongous(starts), HC=humongous(continues), CS=collection set, F=free, OA=open archive, CA=closed archive, TAMS=top-at-mark-start (previous, next)
|   0|0x0000000080000000, 0x0000000080100000, 0x0000000080100000|100%|HS|  |TAMS 0x0000000080100000, 0x0000000080000000| Complete 
|   1|0x0000000080100000, 0x0000000080200000, 0x0000000080200000|100%|HC|  |TAMS 0x0000000080200000, 0x0000000080100000| Complete 
|   2|0x0000000080200000, 0x0000000080300000, 0x0000000080300000|100%|HC|  |TAMS 0x0000000080300000, 0x0000000080200000| Complete 
|   3|0x0000000080300000, 0x0000000080400000, 0x0000000080400000|100%|HC|  |TAMS 0x0000000080400000, 0x0000000080300000| Complete 
|   4|0x0000000080400000, 0x0000000080400000, 0x0000000080500000|  0%| F|  |TAMS 0x0000000080400000, 0x0000000080400000| Untracked 
|   5|0x0000000080500000, 0x0000000080600000, 0x0000000080600000|100%| O|  |TAMS 0x0000000080600000, 0x0000000080500000| Untracked 
|   6|0x0000000080600000, 0x0000000080700000, 0x0000000080700000|100%| O|  |TAMS 0x0000000080700000, 0x0000000080600000| Untracked 
|   7|0x0000000080700000, 0x0000000080800000, 0x0000000080800000|100%| O|  |TAMS 0x0000000080800000, 0x0000000080700000| Untracked 
|   8|0x0000000080800000, 0x0000000080900000, 0x0000000080900000|100%| O|  |TAMS 0x0000000080900000, 0x0000000080800000| Untracked 
|   9|0x0000000080900000, 0x0000000080a00000, 0x0000000080a00000|100%| O|  |TAMS 0x0000000080a00000, 0x0000000080900000| Untracked 
|  10|0x0000000080a00000, 0x0000000080b00000, 0x0000000080b00000|100%| O|  |TAMS 0x0000000080b00000, 0x0000000080a00000| Untracked 
|  11|0x0000000080b00000, 0x0000000080c00000, 0x0000000080c00000|100%| O|  |TAMS 0x0000000080c00000, 0x0000000080b00000| Untracked 
|  12|0x0000000080c00000, 0x0000000080d00000, 0x0000000080d00000|100%| O|  |TAMS 0x0000000080d00000, 0x0000000080c00000| Untracked 
|  13|0x0000000080d00000, 0x0000000080e00000, 0x0000000080e00000|100%| O|  |TAMS 0x0000000080e00000, 0x0000000080d00000| Untracked 
|  14|0x0000000080e00000, 0x0000000080f00000, 0x0000000080f00000|100%| O|  |TAMS 0x0000000080f00000, 0x0000000080e00000| Untracked 
|  15|0x0000000080f00000, 0x0000000081000000, 0x0000000081000000|100%| O|  |TAMS 0x0000000081000000, 0x0000000080f00000| Untracked 
|  16|0x0000000081000000, 0x0000000081100000, 0x0000000081100000|100%| O|  |TAMS 0x0000000081100000, 0x0000000081000000| Untracked 
|  17|0x0000000081100000, 0x0000000081200000, 0x0000000081200000|100%| O|  |TAMS 0x0000000081200000, 0x0000000081100000| Untracked 
|  18|0x0000000081200000, 0x0000000081300000, 0x0000000081300000|100%| O|  |TAMS 0x0000000081300000, 0x0000000081200000| Untracked 
|  19|0x0000000081300000, 0x0000000081400000, 0x0000000081400000|100%|HS|  |TAMS 0x0000000081400000, 0x0000000081300000| Complete 
|  20|0x0000000081400000, 0x0000000081500000, 0x0000000081500000|100%|HC|  |TAMS 0x0000000081500000, 0x0000000081400000| Complete 
|  21|0x0000000081500000, 0x0000000081600000, 0x0000000081600000|100%|HS|  |TAMS 0x0000000081600000, 0x0000000081500000| Complete 
|  22|0x0000000081600000, 0x0000000081700000, 0x0000000081700000|100%|HC|  |TAMS 0x0000000081700000, 0x0000000081600000| Complete 
|  23|0x0000000081700000, 0x0000000081800000, 0x0000000081800000|100%|HC|  |TAMS 0x0000000081800000, 0x0000000081700000| Complete 
|  24|0x0000000081800000, 0x0000000081900000, 0x0000000081900000|100%|HS|  |TAMS 0x0000000081900000, 0x0000000081800000| Complete 
|  25|0x0000000081900000, 0x0000000081a00000, 0x0000000081a00000|100%| O|  |TAMS 0x0000000081a00000, 0x0000000081900000| Untracked 
|  26|0x0000000081a00000, 0x0000000081b00000, 0x0000000081b00000|100%| O|  |TAMS 0x0000000081b00000, 0x0000000081a00000| Untracked 
|  27|0x0000000081b00000, 0x0000000081c00000, 0x0000000081c00000|100%| O|  |TAMS 0x0000000081c00000, 0x0000000081b00000| Untracked 
|  28|0x0000000081c00000, 0x0000000081d00000, 0x0000000081d00000|100%|HS|  |TAMS 0x0000000081d00000, 0x0000000081c00000| Complete 
|  29|0x0000000081d00000, 0x0000000081e00000, 0x0000000081e00000|100%|HC|  |TAMS 0x0000000081e00000, 0x0000000081d00000| Complete 
|  30|0x0000000081e00000, 0x0000000081f00000, 0x0000000081f00000|100%| O|  |TAMS 0x0000000081f00000, 0x0000000081e00000| Untracked 
|  31|0x0000000081f00000, 0x0000000082000000, 0x0000000082000000|100%|HS|  |TAMS 0x0000000082000000, 0x0000000081f00000| Complete 
|  32|0x0000000082000000, 0x0000000082100000, 0x0000000082100000|100%|HC|  |TAMS 0x0000000082100000, 0x0000000082000000| Complete 
|  33|0x0000000082100000, 0x0000000082200000, 0x0000000082200000|100%|HC|  |TAMS 0x0000000082200000, 0x0000000082100000| Complete 
|  34|0x0000000082200000, 0x0000000082300000, 0x0000000082300000|100%|HC|  |TAMS 0x0000000082300000, 0x0000000082200000| Complete 
|  35|0x0000000082300000, 0x0000000082400000, 0x0000000082400000|100%|HC|  |TAMS 0x0000000082400000, 0x0000000082300000| Complete 
|  36|0x0000000082400000, 0x0000000082500000, 0x0000000082500000|100%|HC|  |TAMS 0x0000000082500000, 0x0000000082400000| Complete 
|  37|0x0000000082500000, 0x0000000082600000, 0x0000000082600000|100%|HC|  |TAMS 0x0000000082600000, 0x0000000082500000| Complete 
|  38|0x0000000082600000, 0x0000000082700000, 0x0000000082700000|100%|HC|  |TAMS 0x0000000082700000, 0x0000000082600000| Complete 
|  39|0x0000000082700000, 0x0000000082800000, 0x0000000082800000|100%|HC|  |TAMS 0x0000000082800000, 0x0000000082700000| Complete 
|  40|0x0000000082800000, 0x0000000082900000, 0x0000000082900000|100%|HC|  |TAMS 0x0000000082900000, 0x0000000082800000| Complete 
|  41|0x0000000082900000, 0x0000000082a00000, 0x0000000082a00000|100%|HC|  |TAMS 0x0000000082a00000, 0x0000000082900000| Complete 
|  42|0x0000000082a00000, 0x0000000082b00000, 0x0000000082b00000|100%|HC|  |TAMS 0x0000000082b00000, 0x0000000082a00000| Complete 
|  43|0x0000000082b00000, 0x0000000082c00000, 0x0000000082c00000|100%|HS|  |TAMS 0x0000000082c00000, 0x0000000082b00000| Complete 
|  44|0x0000000082c00000, 0x0000000082d00000, 0x0000000082d00000|100%|HC|  |TAMS 0x0000000082d00000, 0x0000000082c00000| Complete 
|  45|0x0000000082d00000, 0x0000000082e00000, 0x0000000082e00000|100%| O|  |TAMS 0x0000000082e00000, 0x0000000082d00000| Untracked 
|  46|0x0000000082e00000, 0x0000000082f00000, 0x0000000082f00000|100%| O|  |TAMS 0x0000000082f00000, 0x0000000082e00000| Untracked 
|  47|0x0000000082f00000, 0x0000000083000000, 0x0000000083000000|100%| O|  |TAMS 0x0000000083000000, 0x0000000082f00000| Untracked 
|  48|0x0000000083000000, 0x0000000083100000, 0x0000000083100000|100%| O|  |TAMS 0x0000000083100000, 0x0000000083000000| Untracked 
|  49|0x0000000083100000, 0x0000000083200000, 0x0000000083200000|100%| O|  |TAMS 0x0000000083200000, 0x0000000083100000| Untracked 
|  50|0x0000000083200000, 0x0000000083300000, 0x0000000083300000|100%| O|  |TAMS 0x0000000083300000, 0x0000000083200000| Untracked 
|  51|0x0000000083300000, 0x0000000083400000, 0x0000000083400000|100%|HS|  |TAMS 0x0000000083400000, 0x0000000083300000| Complete 
|  52|0x0000000083400000, 0x0000000083500000, 0x0000000083500000|100%|HS|  |TAMS 0x0000000083500000, 0x0000000083400000| Complete 
|  53|0x0000000083500000, 0x0000000083600000, 0x0000000083600000|100%|HC|  |TAMS 0x0000000083600000, 0x0000000083500000| Complete 
|  54|0x0000000083600000, 0x0000000083700000, 0x0000000083700000|100%|HC|  |TAMS 0x0000000083700000, 0x0000000083600000| Complete 
|  55|0x0000000083700000, 0x0000000083800000, 0x0000000083800000|100%| O|  |TAMS 0x0000000083800000, 0x0000000083700000| Untracked 
|  56|0x0000000083800000, 0x0000000083900000, 0x0000000083900000|100%| O|  |TAMS 0x0000000083900000, 0x0000000083800000| Untracked 
|  57|0x0000000083900000, 0x0000000083a00000, 0x0000000083a00000|100%| O|  |TAMS 0x0000000083a00000, 0x0000000083900000| Untracked 
|  58|0x0000000083a00000, 0x0000000083b00000, 0x0000000083b00000|100%| O|  |TAMS 0x0000000083b00000, 0x0000000083a00000| Untracked 
|  59|0x0000000083b00000, 0x0000000083c00000, 0x0000000083c00000|100%| O|  |TAMS 0x0000000083c00000, 0x0000000083b00000| Untracked 
|  60|0x0000000083c00000, 0x0000000083d00000, 0x0000000083d00000|100%| O|  |TAMS 0x0000000083d00000, 0x0000000083c00000| Untracked 
|  61|0x0000000083d00000, 0x0000000083e00000, 0x0000000083e00000|100%| O|  |TAMS 0x0000000083e00000, 0x0000000083d00000| Untracked 
|  62|0x0000000083e00000, 0x0000000083f00000, 0x0000000083f00000|100%| O|  |TAMS 0x0000000083f00000, 0x0000000083e00000| Untracked 
|  63|0x0000000083f00000, 0x0000000084000000, 0x0000000084000000|100%| O|  |TAMS 0x0000000084000000, 0x0000000083f00000| Untracked 
|  64|0x0000000084000000, 0x0000000084100000, 0x0000000084100000|100%| O|  |TAMS 0x0000000084100000, 0x0000000084000000| Untracked 
|  65|0x0000000084100000, 0x0000000084200000, 0x0000000084200000|100%| O|  |TAMS 0x0000000084200000, 0x0000000084100000| Untracked 
|  66|0x0000000084200000, 0x0000000084300000, 0x0000000084300000|100%| O|  |TAMS 0x0000000084300000, 0x0000000084200000| Untracked 
|  67|0x0000000084300000, 0x0000000084400000, 0x0000000084400000|100%| O|  |TAMS 0x0000000084400000, 0x0000000084300000| Untracked 
|  68|0x0000000084400000, 0x0000000084500000, 0x0000000084500000|100%|HS|  |TAMS 0x0000000084500000, 0x0000000084400000| Complete 
|  69|0x0000000084500000, 0x0000000084600000, 0x0000000084600000|100%|HS|  |TAMS 0x0000000084600000, 0x0000000084500000| Complete 
|  70|0x0000000084600000, 0x0000000084700000, 0x0000000084700000|100%|HS|  |TAMS 0x0000000084700000, 0x0000000084600000| Complete 
|  71|0x0000000084700000, 0x0000000084800000, 0x0000000084800000|100%| O|  |TAMS 0x0000000084800000, 0x0000000084700000| Untracked 
|  72|0x0000000084800000, 0x0000000084900000, 0x0000000084900000|100%| O|  |TAMS 0x0000000084900000, 0x0000000084800000| Untracked 
|  73|0x0000000084900000, 0x0000000084a00000, 0x0000000084a00000|100%| O|  |TAMS 0x0000000084a00000, 0x0000000084900000| Untracked 
|  74|0x0000000084a00000, 0x0000000084b00000, 0x0000000084b00000|100%| O|  |TAMS 0x0000000084b00000, 0x0000000084a00000| Untracked 
|  75|0x0000000084b00000, 0x0000000084c00000, 0x0000000084c00000|100%| O|  |TAMS 0x0000000084c00000, 0x0000000084b00000| Untracked 
|  76|0x0000000084c00000, 0x0000000084d00000, 0x0000000084d00000|100%| O|  |TAMS 0x0000000084d00000, 0x0000000084c00000| Untracked 
|  77|0x0000000084d00000, 0x0000000084e00000, 0x0000000084e00000|100%| O|  |TAMS 0x0000000084e00000, 0x0000000084d00000| Untracked 
|  78|0x0000000084e00000, 0x0000000084f00000, 0x0000000084f00000|100%| O|  |TAMS 0x0000000084f00000, 0x0000000084e00000| Untracked 
|  79|0x0000000084f00000, 0x0000000085000000, 0x0000000085000000|100%| O|  |TAMS 0x0000000085000000, 0x0000000084f00000| Untracked 
|  80|0x0000000085000000, 0x0000000085100000, 0x0000000085100000|100%| O|  |TAMS 0x0000000085100000, 0x0000000085000000| Untracked 
|  81|0x0000000085100000, 0x0000000085200000, 0x0000000085200000|100%| O|  |TAMS 0x0000000085100000, 0x0000000085100000| Untracked 
|  82|0x0000000085200000, 0x0000000085300000, 0x0000000085300000|100%| O|  |TAMS 0x0000000085300000, 0x0000000085200000| Untracked 
|  83|0x0000000085300000, 0x0000000085400000, 0x0000000085400000|100%| O|  |TAMS 0x0000000085400000, 0x0000000085300000| Untracked 
|  84|0x0000000085400000, 0x0000000085500000, 0x0000000085500000|100%| O|  |TAMS 0x0000000085500000, 0x0000000085400000| Untracked 
|  85|0x0000000085500000, 0x0000000085600000, 0x0000000085600000|100%| O|  |TAMS 0x0000000085600000, 0x0000000085500000| Untracked 
|  86|0x0000000085600000, 0x0000000085700000, 0x0000000085700000|100%| O|  |TAMS 0x0000000085700000, 0x0000000085600000| Untracked 
|  87|0x0000000085700000, 0x0000000085800000, 0x0000000085800000|100%| O|  |TAMS 0x0000000085800000, 0x0000000085700000| Untracked 
|  88|0x0000000085800000, 0x0000000085900000, 0x0000000085900000|100%| O|  |TAMS 0x0000000085900000, 0x0000000085800000| Untracked 
|  89|0x0000000085900000, 0x0000000085a00000, 0x0000000085a00000|100%| O|  |TAMS 0x0000000085a00000, 0x0000000085900000| Untracked 
|  90|0x0000000085a00000, 0x0000000085b00000, 0x0000000085b00000|100%| O|  |TAMS 0x0000000085b00000, 0x0000000085a00000| Untracked 
|  91|0x0000000085b00000, 0x0000000085c00000, 0x0000000085c00000|100%| O|  |TAMS 0x0000000085c00000, 0x0000000085b00000| Untracked 
|  92|0x0000000085c00000, 0x0000000085d00000, 0x0000000085d00000|100%| O|  |TAMS 0x0000000085d00000, 0x0000000085c00000| Untracked 
|  93|0x0000000085d00000, 0x0000000085e00000, 0x0000000085e00000|100%| O|  |TAMS 0x0000000085e00000, 0x0000000085d00000| Untracked 
|  94|0x0000000085e00000, 0x0000000085f00000, 0x0000000085f00000|100%| O|  |TAMS 0x0000000085e1a600, 0x0000000085e00000| Untracked 
|  95|0x0000000085f00000, 0x0000000086000000, 0x0000000086000000|100%| O|  |TAMS 0x0000000085f00000, 0x0000000085f00000| Untracked 
|  96|0x0000000086000000, 0x0000000086100000, 0x0000000086100000|100%| O|  |TAMS 0x0000000086000000, 0x0000000086000000| Untracked 
|  97|0x0000000086100000, 0x0000000086200000, 0x0000000086200000|100%| O|  |TAMS 0x0000000086100000, 0x0000000086100000| Untracked 
|  98|0x0000000086200000, 0x0000000086300000, 0x0000000086300000|100%| O|  |TAMS 0x0000000086200000, 0x0000000086200000| Untracked 
|  99|0x0000000086300000, 0x0000000086400000, 0x0000000086400000|100%| O|  |TAMS 0x0000000086300000, 0x0000000086300000| Untracked 
| 100|0x0000000086400000, 0x0000000086500000, 0x0000000086500000|100%|HS|  |TAMS 0x0000000086400000, 0x0000000086400000| Complete 
| 101|0x0000000086500000, 0x0000000086600000, 0x0000000086600000|100%|HC|  |TAMS 0x0000000086500000, 0x0000000086500000| Complete 
| 102|0x0000000086600000, 0x0000000086700000, 0x0000000086700000|100%|HS|  |TAMS 0x0000000086600000, 0x0000000086600000| Complete 
| 103|0x0000000086700000, 0x0000000086800000, 0x0000000086800000|100%|HC|  |TAMS 0x0000000086700000, 0x0000000086700000| Complete 
| 104|0x0000000086800000, 0x0000000086900000, 0x0000000086900000|100%|HC|  |TAMS 0x0000000086800000, 0x0000000086800000| Complete 
| 105|0x0000000086900000, 0x0000000086a00000, 0x0000000086a00000|100%|HS|  |TAMS 0x0000000086900000, 0x0000000086900000| Complete 
| 106|0x0000000086a00000, 0x0000000086b00000, 0x0000000086b00000|100%|HC|  |TAMS 0x0000000086a00000, 0x0000000086a00000| Complete 
| 107|0x0000000086b00000, 0x0000000086c00000, 0x0000000086c00000|100%|HS|  |TAMS 0x0000000086b00000, 0x0000000086b00000| Complete 
| 108|0x0000000086c00000, 0x0000000086d00000, 0x0000000086d00000|100%|HC|  |TAMS 0x0000000086c00000, 0x0000000086c00000| Complete 
| 109|0x0000000086d00000, 0x0000000086e00000, 0x0000000086e00000|100%|HC|  |TAMS 0x0000000086d00000, 0x0000000086d00000| Complete 
| 110|0x0000000086e00000, 0x0000000086f00000, 0x0000000086f00000|100%|HC|  |TAMS 0x0000000086e00000, 0x0000000086e00000| Complete 
| 111|0x0000000086f00000, 0x0000000087000000, 0x0000000087000000|100%|HC|  |TAMS 0x0000000086f00000, 0x0000000086f00000| Complete 
| 112|0x0000000087000000, 0x0000000087100000, 0x0000000087100000|100%|HC|  |TAMS 0x0000000087000000, 0x0000000087000000| Complete 
| 113|0x0000000087100000, 0x0000000087200000, 0x0000000087200000|100%|HC|  |TAMS 0x0000000087100000, 0x0000000087100000| Complete 
| 114|0x0000000087200000, 0x0000000087300000, 0x0000000087300000|100%|HC|  |TAMS 0x0000000087200000, 0x0000000087200000| Complete 
| 115|0x0000000087300000, 0x0000000087400000, 0x0000000087400000|100%|HC|  |TAMS 0x0000000087300000, 0x0000000087300000| Complete 
| 116|0x0000000087400000, 0x0000000087500000, 0x0000000087500000|100%|HC|  |TAMS 0x0000000087400000, 0x0000000087400000| Complete 
| 117|0x0000000087500000, 0x0000000087600000, 0x0000000087600000|100%|HC|  |TAMS 0x0000000087500000, 0x0000000087500000| Complete 
| 118|0x0000000087600000, 0x0000000087700000, 0x0000000087700000|100%|HC|  |TAMS 0x0000000087600000, 0x0000000087600000| Complete 
| 119|0x0000000087700000, 0x0000000087800000, 0x0000000087800000|100%|HS|  |TAMS 0x0000000087700000, 0x0000000087700000| Complete 
| 120|0x0000000087800000, 0x0000000087900000, 0x0000000087900000|100%|HC|  |TAMS 0x0000000087800000, 0x0000000087800000| Complete 
| 121|0x0000000087900000, 0x0000000087a00000, 0x0000000087a00000|100%| O|  |TAMS 0x0000000087900000, 0x0000000087900000| Untracked 
| 122|0x0000000087a00000, 0x0000000087b00000, 0x0000000087b00000|100%| O|  |TAMS 0x0000000087a00000, 0x0000000087a00000| Untracked 
| 123|0x0000000087b00000, 0x0000000087c00000, 0x0000000087c00000|100%| O|  |TAMS 0x0000000087b00000, 0x0000000087b00000| Untracked 
| 124|0x0000000087c00000, 0x0000000087d00000, 0x0000000087d00000|100%| O|  |TAMS 0x0000000087c00000, 0x0000000087c00000| Untracked 
| 125|0x0000000087d00000, 0x0000000087e00000, 0x0000000087e00000|100%| O|  |TAMS 0x0000000087d00000, 0x0000000087d00000| Untracked 
| 126|0x0000000087e00000, 0x0000000087e1fa00, 0x0000000087f00000| 12%| O|  |TAMS 0x0000000087e00000, 0x0000000087e00000| Untracked 
| 127|0x0000000087f00000, 0x0000000087f00000, 0x0000000088000000|  0%| F|  |TAMS 0x0000000087f00000, 0x0000000087f00000| Untracked 
| 128|0x0000000088000000, 0x0000000088000000, 0x0000000088100000|  0%| F|  |TAMS 0x0000000088000000, 0x0000000088000000| Untracked 
| 129|0x0000000088100000, 0x0000000088100000, 0x0000000088200000|  0%| F|  |TAMS 0x0000000088100000, 0x0000000088100000| Untracked 
| 130|0x0000000088200000, 0x0000000088200000, 0x0000000088300000|  0%| F|  |TAMS 0x0000000088200000, 0x0000000088200000| Untracked 
| 131|0x0000000088300000, 0x0000000088300000, 0x0000000088400000|  0%| F|  |TAMS 0x0000000088300000, 0x0000000088300000| Untracked 
| 132|0x0000000088400000, 0x0000000088400000, 0x0000000088500000|  0%| F|  |TAMS 0x0000000088400000, 0x0000000088400000| Untracked 
| 133|0x0000000088500000, 0x0000000088500000, 0x0000000088600000|  0%| F|  |TAMS 0x0000000088500000, 0x0000000088500000| Untracked 
| 134|0x0000000088600000, 0x0000000088600000, 0x0000000088700000|  0%| F|  |TAMS 0x0000000088600000, 0x0000000088600000| Untracked 
| 135|0x0000000088700000, 0x0000000088700000, 0x0000000088800000|  0%| F|  |TAMS 0x0000000088700000, 0x0000000088700000| Untracked 
| 136|0x0000000088800000, 0x0000000088800000, 0x0000000088900000|  0%| F|  |TAMS 0x0000000088800000, 0x0000000088800000| Untracked 
| 137|0x0000000088900000, 0x0000000088900000, 0x0000000088a00000|  0%| F|  |TAMS 0x0000000088900000, 0x0000000088900000| Untracked 
| 138|0x0000000088a00000, 0x0000000088a00000, 0x0000000088b00000|  0%| F|  |TAMS 0x0000000088a00000, 0x0000000088a00000| Untracked 
| 139|0x0000000088b00000, 0x0000000088b00000, 0x0000000088c00000|  0%| F|  |TAMS 0x0000000088b00000, 0x0000000088b00000| Untracked 
| 140|0x0000000088c00000, 0x0000000088c00000, 0x0000000088d00000|  0%| F|  |TAMS 0x0000000088c00000, 0x0000000088c00000| Untracked 
| 141|0x0000000088d00000, 0x0000000088d00000, 0x0000000088e00000|  0%| F|  |TAMS 0x0000000088d00000, 0x0000000088d00000| Untracked 
| 142|0x0000000088e00000, 0x0000000088e00000, 0x0000000088f00000|  0%| F|  |TAMS 0x0000000088e00000, 0x0000000088e00000| Untracked 
| 143|0x0000000088f00000, 0x0000000088f00000, 0x0000000089000000|  0%| F|  |TAMS 0x0000000088f00000, 0x0000000088f00000| Untracked 
| 144|0x0000000089000000, 0x0000000089000000, 0x0000000089100000|  0%| F|  |TAMS 0x0000000089000000, 0x0000000089000000| Untracked 
| 145|0x0000000089100000, 0x0000000089100000, 0x0000000089200000|  0%| F|  |TAMS 0x0000000089100000, 0x0000000089100000| Untracked 
| 146|0x0000000089200000, 0x0000000089200000, 0x0000000089300000|  0%| F|  |TAMS 0x0000000089200000, 0x0000000089200000| Untracked 
| 147|0x0000000089300000, 0x0000000089300000, 0x0000000089400000|  0%| F|  |TAMS 0x0000000089300000, 0x0000000089300000| Untracked 
| 148|0x0000000089400000, 0x0000000089400000, 0x0000000089500000|  0%| F|  |TAMS 0x0000000089400000, 0x0000000089400000| Untracked 
| 149|0x0000000089500000, 0x0000000089500000, 0x0000000089600000|  0%| F|  |TAMS 0x0000000089500000, 0x0000000089500000| Untracked 
| 150|0x0000000089600000, 0x0000000089600000, 0x0000000089700000|  0%| F|  |TAMS 0x0000000089600000, 0x0000000089600000| Untracked 
| 151|0x0000000089700000, 0x0000000089700000, 0x0000000089800000|  0%| F|  |TAMS 0x0000000089700000, 0x0000000089700000| Untracked 
| 152|0x0000000089800000, 0x0000000089800000, 0x0000000089900000|  0%| F|  |TAMS 0x0000000089800000, 0x0000000089800000| Untracked 
| 153|0x0000000089900000, 0x0000000089900000, 0x0000000089a00000|  0%| F|  |TAMS 0x0000000089900000, 0x0000000089900000| Untracked 
| 154|0x0000000089a00000, 0x0000000089a00000, 0x0000000089b00000|  0%| F|  |TAMS 0x0000000089a00000, 0x0000000089a00000| Untracked 
| 155|0x0000000089b00000, 0x0000000089b00000, 0x0000000089c00000|  0%| F|  |TAMS 0x0000000089b00000, 0x0000000089b00000| Untracked 
| 156|0x0000000089c00000, 0x0000000089c00000, 0x0000000089d00000|  0%| F|  |TAMS 0x0000000089c00000, 0x0000000089c00000| Untracked 
| 157|0x0000000089d00000, 0x0000000089d00000, 0x0000000089e00000|  0%| F|  |TAMS 0x0000000089d00000, 0x0000000089d00000| Untracked 
| 158|0x0000000089e00000, 0x0000000089e00000, 0x0000000089f00000|  0%| F|  |TAMS 0x0000000089e00000, 0x0000000089e00000| Untracked 
| 159|0x0000000089f00000, 0x0000000089f00000, 0x000000008a000000|  0%| F|  |TAMS 0x0000000089f00000, 0x0000000089f00000| Untracked 
| 160|0x000000008a000000, 0x000000008a000000, 0x000000008a100000|  0%| F|  |TAMS 0x000000008a000000, 0x000000008a000000| Untracked 
| 161|0x000000008a100000, 0x000000008a100000, 0x000000008a200000|  0%| F|  |TAMS 0x000000008a100000, 0x000000008a100000| Untracked 
| 162|0x000000008a200000, 0x000000008a200000, 0x000000008a300000|  0%| F|  |TAMS 0x000000008a200000, 0x000000008a200000| Untracked 
| 163|0x000000008a300000, 0x000000008a300000, 0x000000008a400000|  0%| F|  |TAMS 0x000000008a300000, 0x000000008a300000| Untracked 
| 164|0x000000008a400000, 0x000000008a400000, 0x000000008a500000|  0%| F|  |TAMS 0x000000008a400000, 0x000000008a400000| Untracked 
| 165|0x000000008a500000, 0x000000008a500000, 0x000000008a600000|  0%| F|  |TAMS 0x000000008a500000, 0x000000008a500000| Untracked 
| 166|0x000000008a600000, 0x000000008a600000, 0x000000008a700000|  0%| F|  |TAMS 0x000000008a600000, 0x000000008a600000| Untracked 
| 167|0x000000008a700000, 0x000000008a700000, 0x000000008a800000|  0%| F|  |TAMS 0x000000008a700000, 0x000000008a700000| Untracked 
| 168|0x000000008a800000, 0x000000008a800000, 0x000000008a900000|  0%| F|  |TAMS 0x000000008a800000, 0x000000008a800000| Untracked 
| 169|0x000000008a900000, 0x000000008a900000, 0x000000008aa00000|  0%| F|  |TAMS 0x000000008a900000, 0x000000008a900000| Untracked 
| 170|0x000000008aa00000, 0x000000008aa00000, 0x000000008ab00000|  0%| F|  |TAMS 0x000000008aa00000, 0x000000008aa00000| Untracked 
| 171|0x000000008ab00000, 0x000000008ab00000, 0x000000008ac00000|  0%| F|  |TAMS 0x000000008ab00000, 0x000000008ab00000| Untracked 
| 172|0x000000008ac00000, 0x000000008ac00000, 0x000000008ad00000|  0%| F|  |TAMS 0x000000008ac00000, 0x000000008ac00000| Untracked 
| 173|0x000000008ad00000, 0x000000008ad00000, 0x000000008ae00000|  0%| F|  |TAMS 0x000000008ad00000, 0x000000008ad00000| Untracked 
| 174|0x000000008ae00000, 0x000000008ae00000, 0x000000008af00000|  0%| F|  |TAMS 0x000000008ae00000, 0x000000008ae00000| Untracked 
| 175|0x000000008af00000, 0x000000008af00000, 0x000000008b000000|  0%| F|  |TAMS 0x000000008af00000, 0x000000008af00000| Untracked 
| 176|0x000000008b000000, 0x000000008b000000, 0x000000008b100000|  0%| F|  |TAMS 0x000000008b000000, 0x000000008b000000| Untracked 
| 177|0x000000008b100000, 0x000000008b100000, 0x000000008b200000|  0%| F|  |TAMS 0x000000008b100000, 0x000000008b100000| Untracked 
| 178|0x000000008b200000, 0x000000008b200000, 0x000000008b300000|  0%| F|  |TAMS 0x000000008b200000, 0x000000008b200000| Untracked 
| 179|0x000000008b300000, 0x000000008b300000, 0x000000008b400000|  0%| F|  |TAMS 0x000000008b300000, 0x000000008b300000| Untracked 
| 180|0x000000008b400000, 0x000000008b400000, 0x000000008b500000|  0%| F|  |TAMS 0x000000008b400000, 0x000000008b400000| Untracked 
| 181|0x000000008b500000, 0x000000008b500000, 0x000000008b600000|  0%| F|  |TAMS 0x000000008b500000, 0x000000008b500000| Untracked 
| 182|0x000000008b600000, 0x000000008b600000, 0x000000008b700000|  0%| F|  |TAMS 0x000000008b600000, 0x000000008b600000| Untracked 
| 183|0x000000008b700000, 0x000000008b700000, 0x000000008b800000|  0%| F|  |TAMS 0x000000008b700000, 0x000000008b700000| Untracked 
| 184|0x000000008b800000, 0x000000008b800000, 0x000000008b900000|  0%| F|  |TAMS 0x000000008b800000, 0x000000008b800000| Untracked 
| 185|0x000000008b900000, 0x000000008b900000, 0x000000008ba00000|  0%| F|  |TAMS 0x000000008b900000, 0x000000008b900000| Untracked 
| 186|0x000000008ba00000, 0x000000008ba00000, 0x000000008bb00000|  0%| F|  |TAMS 0x000000008ba00000, 0x000000008ba00000| Untracked 
| 187|0x000000008bb00000, 0x000000008bb00000, 0x000000008bc00000|  0%| F|  |TAMS 0x000000008bb00000, 0x000000008bb00000| Untracked 
| 188|0x000000008bc00000, 0x000000008bc00000, 0x000000008bd00000|  0%| F|  |TAMS 0x000000008bc00000, 0x000000008bc00000| Untracked 
| 189|0x000000008bd00000, 0x000000008bd00000, 0x000000008be00000|  0%| F|  |TAMS 0x000000008bd00000, 0x000000008bd00000| Untracked 
| 190|0x000000008be00000, 0x000000008be00000, 0x000000008bf00000|  0%| F|  |TAMS 0x000000008be00000, 0x000000008be00000| Untracked 
| 191|0x000000008bf00000, 0x000000008bf00000, 0x000000008c000000|  0%| F|  |TAMS 0x000000008bf00000, 0x000000008bf00000| Untracked 
| 192|0x000000008c000000, 0x000000008c000000, 0x000000008c100000|  0%| F|  |TAMS 0x000000008c000000, 0x000000008c000000| Untracked 
| 193|0x000000008c100000, 0x000000008c100000, 0x000000008c200000|  0%| F|  |TAMS 0x000000008c100000, 0x000000008c100000| Untracked 
| 194|0x000000008c200000, 0x000000008c200000, 0x000000008c300000|  0%| F|  |TAMS 0x000000008c200000, 0x000000008c200000| Untracked 
| 195|0x000000008c300000, 0x000000008c300000, 0x000000008c400000|  0%| F|  |TAMS 0x000000008c300000, 0x000000008c300000| Untracked 
| 196|0x000000008c400000, 0x000000008c400000, 0x000000008c500000|  0%| F|  |TAMS 0x000000008c400000, 0x000000008c400000| Untracked 
| 197|0x000000008c500000, 0x000000008c500000, 0x000000008c600000|  0%| F|  |TAMS 0x000000008c500000, 0x000000008c500000| Untracked 
| 198|0x000000008c600000, 0x000000008c600000, 0x000000008c700000|  0%| F|  |TAMS 0x000000008c600000, 0x000000008c600000| Untracked 
| 199|0x000000008c700000, 0x000000008c700000, 0x000000008c800000|  0%| F|  |TAMS 0x000000008c700000, 0x000000008c700000| Untracked 
| 200|0x000000008c800000, 0x000000008c800000, 0x000000008c900000|  0%| F|  |TAMS 0x000000008c800000, 0x000000008c800000| Untracked 
| 201|0x000000008c900000, 0x000000008c900000, 0x000000008ca00000|  0%| F|  |TAMS 0x000000008c900000, 0x000000008c900000| Untracked 
| 202|0x000000008ca00000, 0x000000008ca00000, 0x000000008cb00000|  0%| F|  |TAMS 0x000000008ca00000, 0x000000008ca00000| Untracked 
| 203|0x000000008cb00000, 0x000000008cb00000, 0x000000008cc00000|  0%| F|  |TAMS 0x000000008cb00000, 0x000000008cb00000| Untracked 
| 204|0x000000008cc00000, 0x000000008cc00000, 0x000000008cd00000|  0%| F|  |TAMS 0x000000008cc00000, 0x000000008cc00000| Untracked 
| 205|0x000000008cd00000, 0x000000008cd00000, 0x000000008ce00000|  0%| F|  |TAMS 0x000000008cd00000, 0x000000008cd00000| Untracked 
| 206|0x000000008ce00000, 0x000000008ce00000, 0x000000008cf00000|  0%| F|  |TAMS 0x000000008ce00000, 0x000000008ce00000| Untracked 
| 207|0x000000008cf00000, 0x000000008cf00000, 0x000000008d000000|  0%| F|  |TAMS 0x000000008cf00000, 0x000000008cf00000| Untracked 
| 208|0x000000008d000000, 0x000000008d000000, 0x000000008d100000|  0%| F|  |TAMS 0x000000008d000000, 0x000000008d000000| Untracked 
| 209|0x000000008d100000, 0x000000008d100000, 0x000000008d200000|  0%| F|  |TAMS 0x000000008d100000, 0x000000008d100000| Untracked 
| 210|0x000000008d200000, 0x000000008d200000, 0x000000008d300000|  0%| F|  |TAMS 0x000000008d200000, 0x000000008d200000| Untracked 
| 211|0x000000008d300000, 0x000000008d300000, 0x000000008d400000|  0%| F|  |TAMS 0x000000008d300000, 0x000000008d300000| Untracked 
| 212|0x000000008d400000, 0x000000008d400000, 0x000000008d500000|  0%| F|  |TAMS 0x000000008d400000, 0x000000008d400000| Untracked 
| 213|0x000000008d500000, 0x000000008d500000, 0x000000008d600000|  0%| F|  |TAMS 0x000000008d500000, 0x000000008d500000| Untracked 
| 214|0x000000008d600000, 0x000000008d600000, 0x000000008d700000|  0%| F|  |TAMS 0x000000008d600000, 0x000000008d600000| Untracked 
| 215|0x000000008d700000, 0x000000008d700000, 0x000000008d800000|  0%| F|  |TAMS 0x000000008d700000, 0x000000008d700000| Untracked 
| 216|0x000000008d800000, 0x000000008d800000, 0x000000008d900000|  0%| F|  |TAMS 0x000000008d800000, 0x000000008d800000| Untracked 
| 217|0x000000008d900000, 0x000000008d900000, 0x000000008da00000|  0%| F|  |TAMS 0x000000008d900000, 0x000000008d900000| Untracked 
| 218|0x000000008da00000, 0x000000008da00000, 0x000000008db00000|  0%| F|  |TAMS 0x000000008da00000, 0x000000008da00000| Untracked 
| 219|0x000000008db00000, 0x000000008db00000, 0x000000008dc00000|  0%| F|  |TAMS 0x000000008db00000, 0x000000008db00000| Untracked 
| 220|0x000000008dc00000, 0x000000008dc00000, 0x000000008dd00000|  0%| F|  |TAMS 0x000000008dc00000, 0x000000008dc00000| Untracked 
| 221|0x000000008dd00000, 0x000000008dd00000, 0x000000008de00000|  0%| F|  |TAMS 0x000000008dd00000, 0x000000008dd00000| Untracked 
| 222|0x000000008de00000, 0x000000008de00000, 0x000000008df00000|  0%| F|  |TAMS 0x000000008de00000, 0x000000008de00000| Untracked 
| 223|0x000000008df00000, 0x000000008df00000, 0x000000008e000000|  0%| F|  |TAMS 0x000000008df00000, 0x000000008df00000| Untracked 
| 224|0x000000008e000000, 0x000000008e000000, 0x000000008e100000|  0%| F|  |TAMS 0x000000008e000000, 0x000000008e000000| Untracked 
| 225|0x000000008e100000, 0x000000008e100000, 0x000000008e200000|  0%| F|  |TAMS 0x000000008e100000, 0x000000008e100000| Untracked 
| 226|0x000000008e200000, 0x000000008e200000, 0x000000008e300000|  0%| F|  |TAMS 0x000000008e200000, 0x000000008e200000| Untracked 
| 227|0x000000008e300000, 0x000000008e300000, 0x000000008e400000|  0%| F|  |TAMS 0x000000008e300000, 0x000000008e300000| Untracked 
| 228|0x000000008e400000, 0x000000008e400000, 0x000000008e500000|  0%| F|  |TAMS 0x000000008e400000, 0x000000008e400000| Untracked 
| 229|0x000000008e500000, 0x000000008e500000, 0x000000008e600000|  0%| F|  |TAMS 0x000000008e500000, 0x000000008e500000| Untracked 
| 230|0x000000008e600000, 0x000000008e600000, 0x000000008e700000|  0%| F|  |TAMS 0x000000008e600000, 0x000000008e600000| Untracked 
| 231|0x000000008e700000, 0x000000008e700000, 0x000000008e800000|  0%| F|  |TAMS 0x000000008e700000, 0x000000008e700000| Untracked 
| 232|0x000000008e800000, 0x000000008e800000, 0x000000008e900000|  0%| F|  |TAMS 0x000000008e800000, 0x000000008e800000| Untracked 
| 233|0x000000008e900000, 0x000000008e900000, 0x000000008ea00000|  0%| F|  |TAMS 0x000000008e900000, 0x000000008e900000| Untracked 
| 234|0x000000008ea00000, 0x000000008ea00000, 0x000000008eb00000|  0%| F|  |TAMS 0x000000008ea00000, 0x000000008ea00000| Untracked 
| 235|0x000000008eb00000, 0x000000008eb00000, 0x000000008ec00000|  0%| F|  |TAMS 0x000000008eb00000, 0x000000008eb00000| Untracked 
| 236|0x000000008ec00000, 0x000000008ec00000, 0x000000008ed00000|  0%| F|  |TAMS 0x000000008ec00000, 0x000000008ec00000| Untracked 
| 237|0x000000008ed00000, 0x000000008ed00000, 0x000000008ee00000|  0%| F|  |TAMS 0x000000008ed00000, 0x000000008ed00000| Untracked 
| 238|0x000000008ee00000, 0x000000008ee00000, 0x000000008ef00000|  0%| F|  |TAMS 0x000000008ee00000, 0x000000008ee00000| Untracked 
| 239|0x000000008ef00000, 0x000000008ef00000, 0x000000008f000000|  0%| F|  |TAMS 0x000000008ef00000, 0x000000008ef00000| Untracked 
| 240|0x000000008f000000, 0x000000008f000000, 0x000000008f100000|  0%| F|  |TAMS 0x000000008f000000, 0x000000008f000000| Untracked 
| 241|0x000000008f100000, 0x000000008f100000, 0x000000008f200000|  0%| F|  |TAMS 0x000000008f100000, 0x000000008f100000| Untracked 
| 242|0x000000008f200000, 0x000000008f200000, 0x000000008f300000|  0%| F|  |TAMS 0x000000008f200000, 0x000000008f200000| Untracked 
| 243|0x000000008f300000, 0x000000008f300000, 0x000000008f400000|  0%| F|  |TAMS 0x000000008f300000, 0x000000008f300000| Untracked 
| 244|0x000000008f400000, 0x000000008f400000, 0x000000008f500000|  0%| F|  |TAMS 0x000000008f400000, 0x000000008f400000| Untracked 
| 245|0x000000008f500000, 0x000000008f500000, 0x000000008f600000|  0%| F|  |TAMS 0x000000008f500000, 0x000000008f500000| Untracked 
| 246|0x000000008f600000, 0x000000008f600000, 0x000000008f700000|  0%| F|  |TAMS 0x000000008f600000, 0x000000008f600000| Untracked 
| 247|0x000000008f700000, 0x000000008f700000, 0x000000008f800000|  0%| F|  |TAMS 0x000000008f700000, 0x000000008f700000| Untracked 
| 248|0x000000008f800000, 0x000000008f800000, 0x000000008f900000|  0%| F|  |TAMS 0x000000008f800000, 0x000000008f800000| Untracked 
| 249|0x000000008f900000, 0x000000008f900000, 0x000000008fa00000|  0%| F|  |TAMS 0x000000008f900000, 0x000000008f900000| Untracked 
| 250|0x000000008fa00000, 0x000000008fa00000, 0x000000008fb00000|  0%| F|  |TAMS 0x000000008fa00000, 0x000000008fa00000| Untracked 
| 251|0x000000008fb00000, 0x000000008fb00000, 0x000000008fc00000|  0%| F|  |TAMS 0x000000008fb00000, 0x000000008fb00000| Untracked 
| 252|0x000000008fc00000, 0x000000008fc00000, 0x000000008fd00000|  0%| F|  |TAMS 0x000000008fc00000, 0x000000008fc00000| Untracked 
| 253|0x000000008fd00000, 0x000000008fd00000, 0x000000008fe00000|  0%| F|  |TAMS 0x000000008fd00000, 0x000000008fd00000| Untracked 
| 254|0x000000008fe00000, 0x000000008fe00000, 0x000000008ff00000|  0%| F|  |TAMS 0x000000008fe00000, 0x000000008fe00000| Untracked 
| 255|0x000000008ff00000, 0x000000008ff00000, 0x0000000090000000|  0%| F|  |TAMS 0x000000008ff00000, 0x000000008ff00000| Untracked 
| 256|0x0000000090000000, 0x0000000090000000, 0x0000000090100000|  0%| F|  |TAMS 0x0000000090000000, 0x0000000090000000| Untracked 
| 257|0x0000000090100000, 0x0000000090100000, 0x0000000090200000|  0%| F|  |TAMS 0x0000000090100000, 0x0000000090100000| Untracked 
| 258|0x0000000090200000, 0x0000000090200000, 0x0000000090300000|  0%| F|  |TAMS 0x0000000090200000, 0x0000000090200000| Untracked 
| 259|0x0000000090300000, 0x0000000090300000, 0x0000000090400000|  0%| F|  |TAMS 0x0000000090300000, 0x0000000090300000| Untracked 
| 260|0x0000000090400000, 0x0000000090400000, 0x0000000090500000|  0%| F|  |TAMS 0x0000000090400000, 0x0000000090400000| Untracked 
| 261|0x0000000090500000, 0x000000009055f800, 0x0000000090600000| 37%| E|  |TAMS 0x0000000090500000, 0x0000000090500000| Complete 
| 262|0x0000000090600000, 0x0000000090700000, 0x0000000090700000|100%| E|CS|TAMS 0x0000000090600000, 0x0000000090600000| Complete 
| 263|0x0000000090700000, 0x0000000090800000, 0x0000000090800000|100%| E|CS|TAMS 0x0000000090700000, 0x0000000090700000| Complete 
| 264|0x0000000090800000, 0x0000000090900000, 0x0000000090900000|100%| E|CS|TAMS 0x0000000090800000, 0x0000000090800000| Complete 
| 265|0x0000000090900000, 0x0000000090a00000, 0x0000000090a00000|100%| E|CS|TAMS 0x0000000090900000, 0x0000000090900000| Complete 
| 266|0x0000000090a00000, 0x0000000090b00000, 0x0000000090b00000|100%| E|CS|TAMS 0x0000000090a00000, 0x0000000090a00000| Complete 
| 267|0x0000000090b00000, 0x0000000090c00000, 0x0000000090c00000|100%| E|CS|TAMS 0x0000000090b00000, 0x0000000090b00000| Complete 
| 268|0x0000000090c00000, 0x0000000090d00000, 0x0000000090d00000|100%| E|CS|TAMS 0x0000000090c00000, 0x0000000090c00000| Complete 
| 269|0x0000000090d00000, 0x0000000090e00000, 0x0000000090e00000|100%| E|CS|TAMS 0x0000000090d00000, 0x0000000090d00000| Complete 
| 270|0x0000000090e00000, 0x0000000090f00000, 0x0000000090f00000|100%| E|CS|TAMS 0x0000000090e00000, 0x0000000090e00000| Complete 
| 271|0x0000000090f00000, 0x0000000091000000, 0x0000000091000000|100%| E|CS|TAMS 0x0000000090f00000, 0x0000000090f00000| Complete 
| 272|0x0000000091000000, 0x0000000091100000, 0x0000000091100000|100%| E|CS|TAMS 0x0000000091000000, 0x0000000091000000| Complete 
| 273|0x0000000091100000, 0x0000000091200000, 0x0000000091200000|100%| E|CS|TAMS 0x0000000091100000, 0x0000000091100000| Complete 
| 274|0x0000000091200000, 0x0000000091300000, 0x0000000091300000|100%| E|CS|TAMS 0x0000000091200000, 0x0000000091200000| Complete 
| 275|0x0000000091300000, 0x0000000091400000, 0x0000000091400000|100%| E|CS|TAMS 0x0000000091300000, 0x0000000091300000| Complete 
| 276|0x0000000091400000, 0x0000000091500000, 0x0000000091500000|100%| E|CS|TAMS 0x0000000091400000, 0x0000000091400000| Complete 
| 277|0x0000000091500000, 0x0000000091600000, 0x0000000091600000|100%| S|CS|TAMS 0x0000000091500000, 0x0000000091500000| Complete 
| 328|0x0000000094800000, 0x0000000094900000, 0x0000000094900000|100%| E|CS|TAMS 0x0000000094800000, 0x0000000094800000| Complete 
| 329|0x0000000094900000, 0x0000000094a00000, 0x0000000094a00000|100%| E|CS|TAMS 0x0000000094900000, 0x0000000094900000| Complete 

Card table byte_map: [0x0000026322210000,0x0000026322610000] _byte_map_base: 0x0000026321e10000

Marking Bits (Prev, Next): (CMBitMap*) 0x000002630f1051e0, (CMBitMap*) 0x000002630f1051a0
 Prev Bits: [0x0000026324a10000, 0x0000026326a10000)
 Next Bits: [0x0000026322a10000, 0x0000026324a10000)

Polling page: 0x000002630d070000

Metaspace:

Usage:
  Non-class:     73.78 MB used.
      Class:     11.46 MB used.
       Both:     85.24 MB used.

Virtual space:
  Non-class space:      128.00 MB reserved,      74.12 MB ( 58%) committed,  2 nodes.
      Class space:        1.00 GB reserved,      11.81 MB (  1%) committed,  1 nodes.
             Both:        1.12 GB reserved,      85.94 MB (  7%) committed. 

Chunk freelists:
   Non-Class:  5.86 MB
       Class:  4.20 MB
        Both:  10.06 MB

MaxMetaspaceSize: unlimited
CompressedClassSpaceSize: 1.00 GB
Initial GC threshold: 21.00 MB
Current GC threshold: 123.75 MB
CDS: off
MetaspaceReclaimPolicy: balanced
 - commit_granule_bytes: 65536.
 - commit_granule_words: 8192.
 - virtual_space_node_default_size: 8388608.
 - enlarge_chunks_in_place: 1.
 - new_chunks_are_fully_committed: 0.
 - uncommit_free_chunks: 1.
 - use_allocation_guard: 0.
 - handle_deallocations: 1.


Internal statistics:

num_allocs_failed_limit: 3.
num_arena_births: 860.
num_arena_deaths: 0.
num_vsnodes_births: 3.
num_vsnodes_deaths: 0.
num_space_committed: 1374.
num_space_uncommitted: 0.
num_chunks_returned_to_freelist: 3.
num_chunks_taken_from_freelist: 4114.
num_chunk_merges: 3.
num_chunk_splits: 2691.
num_chunks_enlarged: 1781.
num_inconsistent_stats: 0.

CodeHeap 'non-profiled nmethods': size=119168Kb used=5860Kb max_used=5860Kb free=113307Kb
 bounds [0x000002631a120000, 0x000002631a6e0000, 0x0000026321580000]
CodeHeap 'profiled nmethods': size=119104Kb used=18765Kb max_used=18765Kb free=100338Kb
 bounds [0x0000026312580000, 0x00000263137e0000, 0x00000263199d0000]
CodeHeap 'non-nmethods': size=7488Kb used=4073Kb max_used=4212Kb free=3414Kb
 bounds [0x00000263199d0000, 0x0000026319e00000, 0x000002631a120000]
 total_blobs=10066 nmethods=9145 adapters=828
 compilation: enabled
              stopped_count=0, restarted_count=0
 full_count=0

Compilation events (20 events):
Event: 58.242 Thread 0x0000026331e1dd90 nmethod 9917 0x000002631a6d4710 code [0x000002631a6d48a0, 0x000002631a6d4978]
Event: 58.242 Thread 0x0000026331e1ecc0 nmethod 9916 0x00000263137c4a90 code [0x00000263137c4c80, 0x00000263137c51f8]
Event: 58.244 Thread 0x0000026331e1d370 9918       3       java.lang.reflect.ProxyGenerator::generateClassFile (281 bytes)
Event: 58.245 Thread 0x0000026329ba2fb0 9919       3       org.gradle.internal.model.StateTransitionController$InState::hasSeenStateAndNotTransitioning (28 bytes)
Event: 58.245 Thread 0x0000026331e1d370 nmethod 9918 0x00000263137c5390 code [0x00000263137c5780, 0x00000263137c7088]
Event: 58.245 Thread 0x0000026329ba2fb0 nmethod 9919 0x00000263137c7810 code [0x00000263137c79e0, 0x00000263137c7d08]
Event: 58.247 Thread 0x0000026331e1ecc0 9920   !   3       org.gradle.internal.event.AbstractBroadcastDispatch::dispatch (191 bytes)
Event: 58.247 Thread 0x0000026331e1dd90 9921       3       java.lang.reflect.Method::equals (65 bytes)
Event: 58.247 Thread 0x0000026331e1dd90 nmethod 9921 0x00000263137c7e10 code [0x00000263137c8000, 0x00000263137c86a8]
Event: 58.248 Thread 0x0000026331e1ecc0 nmethod 9920 0x00000263137c8810 code [0x00000263137c8b80, 0x00000263137ca6b8]
Event: 58.249 Thread 0x0000026331e1ecc0 9922   !   3       org.gradle.internal.resources.AbstractTrackedResourceLock::tryLock (75 bytes)
Event: 58.250 Thread 0x0000026331e1ecc0 nmethod 9922 0x00000263137cae10 code [0x00000263137cb0a0, 0x00000263137cbc58]
Event: 58.251 Thread 0x0000026331e1ecc0 9923       3       java.util.zip.ZipFile$ZipFileInputStream::available (22 bytes)
Event: 58.251 Thread 0x0000026331e1ecc0 nmethod 9923 0x0000026312702710 code [0x00000263127028a0, 0x0000026312702a38]
Event: 58.251 Thread 0x0000026331e1ecc0 9924   !   3       org.gradle.internal.resources.AbstractTrackedResourceLock::unlock (78 bytes)
Event: 58.252 Thread 0x0000026331e1ecc0 nmethod 9924 0x00000263137cc110 code [0x00000263137cc3a0, 0x00000263137cd098]
Event: 58.252 Thread 0x0000026329ba2fb0 9925   !   3       org.gradle.internal.resources.DefaultResourceLockCoordinationService::assertHasStateLock (33 bytes)
Event: 58.253 Thread 0x0000026329ba2fb0 nmethod 9925 0x00000263137cd610 code [0x00000263137cd7e0, 0x00000263137cdce8]
Event: 58.264 Thread 0x0000026329ba2fb0 9927   !   3       org.gradle.initialization.DefaultBuildCancellationToken::isCancellationRequested (19 bytes)
Event: 58.265 Thread 0x0000026329ba2fb0 nmethod 9927 0x00000263137cdf90 code [0x00000263137ce120, 0x00000263137ce318]

GC Heap History (20 events):
Event: 49.365 GC heap before
{Heap before GC invocations=30 (full 0):
 garbage-first heap   total 122880K, used 81754K [0x0000000080000000, 0x0000000100000000)
  region size 1024K, 6 young (6144K), 4 survivors (4096K)
 Metaspace       used 56671K, committed 57280K, reserved 1114112K
  class space    used 7552K, committed 7808K, reserved 1048576K
}
Event: 49.367 GC heap after
{Heap after GC invocations=31 (full 0):
 garbage-first heap   total 122880K, used 80488K [0x0000000080000000, 0x0000000100000000)
  region size 1024K, 1 young (1024K), 1 survivors (1024K)
 Metaspace       used 56671K, committed 57280K, reserved 1114112K
  class space    used 7552K, committed 7808K, reserved 1048576K
}
Event: 49.399 GC heap before
{Heap before GC invocations=31 (full 0):
 garbage-first heap   total 122880K, used 82536K [0x0000000080000000, 0x0000000100000000)
  region size 1024K, 5 young (5120K), 1 survivors (1024K)
 Metaspace       used 56842K, committed 57408K, reserved 1114112K
  class space    used 7570K, committed 7808K, reserved 1048576K
}
Event: 49.401 GC heap after
{Heap after GC invocations=32 (full 0):
 garbage-first heap   total 122880K, used 80835K [0x0000000080000000, 0x0000000100000000)
  region size 1024K, 1 young (1024K), 1 survivors (1024K)
 Metaspace       used 56842K, committed 57408K, reserved 1114112K
  class space    used 7570K, committed 7808K, reserved 1048576K
}
Event: 49.748 GC heap before
{Heap before GC invocations=33 (full 0):
 garbage-first heap   total 143360K, used 97219K [0x0000000080000000, 0x0000000100000000)
  region size 1024K, 17 young (17408K), 1 survivors (1024K)
 Metaspace       used 58251K, committed 58816K, reserved 1114112K
  class space    used 7795K, committed 8064K, reserved 1048576K
}
Event: 49.749 GC heap after
{Heap after GC invocations=34 (full 0):
 garbage-first heap   total 143360K, used 82477K [0x0000000080000000, 0x0000000100000000)
  region size 1024K, 2 young (2048K), 2 survivors (2048K)
 Metaspace       used 58251K, committed 58816K, reserved 1114112K
  class space    used 7795K, committed 8064K, reserved 1048576K
}
Event: 49.810 GC heap before
{Heap before GC invocations=34 (full 0):
 garbage-first heap   total 143360K, used 86573K [0x0000000080000000, 0x0000000100000000)
  region size 1024K, 7 young (7168K), 2 survivors (2048K)
 Metaspace       used 58745K, committed 59328K, reserved 1114112K
  class space    used 7864K, committed 8128K, reserved 1048576K
}
Event: 49.812 GC heap after
{Heap after GC invocations=35 (full 0):
 garbage-first heap   total 143360K, used 82293K [0x0000000080000000, 0x0000000100000000)
  region size 1024K, 1 young (1024K), 1 survivors (1024K)
 Metaspace       used 58745K, committed 59328K, reserved 1114112K
  class space    used 7864K, committed 8128K, reserved 1048576K
}
Event: 50.505 GC heap before
{Heap before GC invocations=35 (full 0):
 garbage-first heap   total 143360K, used 111989K [0x0000000080000000, 0x0000000100000000)
  region size 1024K, 30 young (30720K), 1 survivors (1024K)
 Metaspace       used 62214K, committed 62784K, reserved 1114112K
  class space    used 8261K, committed 8512K, reserved 1048576K
}
Event: 50.509 GC heap after
{Heap after GC invocations=36 (full 0):
 garbage-first heap   total 337920K, used 82849K [0x0000000080000000, 0x0000000100000000)
  region size 1024K, 1 young (1024K), 1 survivors (1024K)
 Metaspace       used 62214K, committed 62784K, reserved 1114112K
  class space    used 8261K, committed 8512K, reserved 1048576K
}
Event: 54.757 GC heap before
{Heap before GC invocations=37 (full 0):
 garbage-first heap   total 286720K, used 248737K [0x0000000080000000, 0x0000000100000000)
  region size 1024K, 157 young (160768K), 1 survivors (1024K)
 Metaspace       used 73341K, committed 73984K, reserved 1114112K
  class space    used 9730K, committed 9984K, reserved 1048576K
}
Event: 54.765 GC heap after
{Heap after GC invocations=38 (full 0):
 garbage-first heap   total 286720K, used 95100K [0x0000000080000000, 0x0000000100000000)
  region size 1024K, 13 young (13312K), 13 survivors (13312K)
 Metaspace       used 73341K, committed 73984K, reserved 1114112K
  class space    used 9730K, committed 9984K, reserved 1048576K
}
Event: 54.785 GC heap before
{Heap before GC invocations=38 (full 0):
 garbage-first heap   total 286720K, used 95100K [0x0000000080000000, 0x0000000100000000)
  region size 1024K, 14 young (14336K), 13 survivors (13312K)
 Metaspace       used 73426K, committed 74048K, reserved 1114112K
  class space    used 9739K, committed 9984K, reserved 1048576K
}
Event: 54.791 GC heap after
{Heap after GC invocations=39 (full 0):
 garbage-first heap   total 286720K, used 96893K [0x0000000080000000, 0x0000000100000000)
  region size 1024K, 2 young (2048K), 2 survivors (2048K)
 Metaspace       used 73426K, committed 74048K, reserved 1114112K
  class space    used 9739K, committed 9984K, reserved 1048576K
}
Event: 55.152 GC heap before
{Heap before GC invocations=39 (full 0):
 garbage-first heap   total 286720K, used 120445K [0x0000000080000000, 0x0000000100000000)
  region size 1024K, 26 young (26624K), 2 survivors (2048K)
 Metaspace       used 75192K, committed 75776K, reserved 1179648K
  class space    used 9997K, committed 10240K, reserved 1048576K
}
Event: 55.154 GC heap after
{Heap after GC invocations=40 (full 0):
 garbage-first heap   total 286720K, used 96707K [0x0000000080000000, 0x0000000100000000)
  region size 1024K, 2 young (2048K), 2 survivors (2048K)
 Metaspace       used 75192K, committed 75776K, reserved 1179648K
  class space    used 9997K, committed 10240K, reserved 1048576K
}
Event: 57.822 GC heap before
{Heap before GC invocations=41 (full 0):
 garbage-first heap   total 286720K, used 249283K [0x0000000080000000, 0x0000000100000000)
  region size 1024K, 125 young (128000K), 2 survivors (2048K)
 Metaspace       used 85770K, committed 86528K, reserved 1179648K
  class space    used 11485K, committed 11840K, reserved 1048576K
}
Event: 57.829 GC heap after
{Heap after GC invocations=42 (full 0):
 garbage-first heap   total 286720K, used 128426K [0x0000000080000000, 0x0000000100000000)
  region size 1024K, 12 young (12288K), 12 survivors (12288K)
 Metaspace       used 85770K, committed 86528K, reserved 1179648K
  class space    used 11485K, committed 11840K, reserved 1048576K
}
Event: 57.859 GC heap before
{Heap before GC invocations=42 (full 0):
 garbage-first heap   total 286720K, used 130474K [0x0000000080000000, 0x0000000100000000)
  region size 1024K, 14 young (14336K), 12 survivors (12288K)
 Metaspace       used 85933K, committed 86656K, reserved 1179648K
  class space    used 11516K, committed 11840K, reserved 1048576K
}
Event: 57.865 GC heap after
{Heap after GC invocations=43 (full 0):
 garbage-first heap   total 286720K, used 129150K [0x0000000080000000, 0x0000000100000000)
  region size 1024K, 1 young (1024K), 1 survivors (1024K)
 Metaspace       used 85933K, committed 86656K, reserved 1179648K
  class space    used 11516K, committed 11840K, reserved 1048576K
}

Dll operation events (3 events):
Event: 0.027 Loaded shared library C:\Program Files\Android\Android Studio\jbr\bin\java.dll
Event: 0.272 Loaded shared library C:\Program Files\Android\Android Studio\jbr\bin\zip.dll
Event: 0.707 Loaded shared library C:\Program Files\Android\Android Studio\jbr\bin\verify.dll

Deoptimization events (20 events):
Event: 58.071 Thread 0x000002633048fac0 DEOPT PACKING pc=0x000002631a6ba228 sp=0x000000e81dbfe420
Event: 58.071 Thread 0x000002633048fac0 DEOPT UNPACKING pc=0x0000026319a269a3 sp=0x000000e81dbfe3b8 mode 2
Event: 58.080 Thread 0x000002632f5265e0 DEOPT PACKING pc=0x00000263126d451c sp=0x000000e8217fd2a0
Event: 58.080 Thread 0x000002632f5265e0 DEOPT UNPACKING pc=0x0000026319a27143 sp=0x000000e8217fc718 mode 0
Event: 58.083 Thread 0x000002633048fac0 Uncommon trap: trap_request=0xffffffd6 fr.pc=0x000002631a695f94 relative=0x00000000000006d4
Event: 58.083 Thread 0x000002633048fac0 Uncommon trap: reason=array_check action=maybe_recompile pc=0x000002631a695f94 method=java.util.ComparableTimSort.binarySort([Ljava/lang/Object;III)V @ 215 c2
Event: 58.083 Thread 0x000002633048fac0 DEOPT PACKING pc=0x000002631a695f94 sp=0x000000e81dbfdd60
Event: 58.083 Thread 0x000002633048fac0 DEOPT UNPACKING pc=0x0000026319a269a3 sp=0x000000e81dbfdd00 mode 2
Event: 58.085 Thread 0x000002633048fac0 Uncommon trap: trap_request=0xffffffd6 fr.pc=0x000002631a6ba228 relative=0x0000000000000868
Event: 58.085 Thread 0x000002633048fac0 Uncommon trap: reason=array_check action=maybe_recompile pc=0x000002631a6ba228 method=java.util.TimSort.binarySort([Ljava/lang/Object;IIILjava/util/Comparator;)V @ 193 c2
Event: 58.085 Thread 0x000002633048fac0 DEOPT PACKING pc=0x000002631a6ba228 sp=0x000000e81dbfe5b0
Event: 58.085 Thread 0x000002633048fac0 DEOPT UNPACKING pc=0x0000026319a269a3 sp=0x000000e81dbfe548 mode 2
Event: 58.198 Thread 0x0000026336c6de80 Uncommon trap: trap_request=0xffffff45 fr.pc=0x000002631a3f4e14 relative=0x00000000000000f4
Event: 58.198 Thread 0x0000026336c6de80 Uncommon trap: reason=unstable_if action=reinterpret pc=0x000002631a3f4e14 method=java.lang.ThreadLocal.get()Ljava/lang/Object; @ 11 c2
Event: 58.198 Thread 0x0000026336c6de80 DEOPT PACKING pc=0x000002631a3f4e14 sp=0x000000e8229fd3a0
Event: 58.198 Thread 0x0000026336c6de80 DEOPT UNPACKING pc=0x0000026319a269a3 sp=0x000000e8229fd328 mode 2
Event: 58.198 Thread 0x0000026336c6de80 Uncommon trap: trap_request=0xffffff45 fr.pc=0x000002631a574e24 relative=0x0000000000000844
Event: 58.198 Thread 0x0000026336c6de80 Uncommon trap: reason=unstable_if action=reinterpret pc=0x000002631a574e24 method=java.lang.ThreadLocal.setInitialValue()Ljava/lang/Object; @ 16 c2
Event: 58.198 Thread 0x0000026336c6de80 DEOPT PACKING pc=0x000002631a574e24 sp=0x000000e8229fd2c0
Event: 58.198 Thread 0x0000026336c6de80 DEOPT UNPACKING pc=0x0000026319a269a3 sp=0x000000e8229fd2a8 mode 2

Classes unloaded (0 events):
No events

Classes redefined (0 events):
No events

Internal exceptions (20 events):
Event: 57.879 Thread 0x00000263303a38a0 Exception <a 'java/lang/ClassNotFoundException'{0x0000000094877a18}: org/gradle/api/DefaultTask_DecoratedBeanInfo> (0x0000000094877a18) 
thrown [s\src\hotspot\share\classfile\systemDictionary.cpp, line 256]
Event: 57.880 Thread 0x00000263303a38a0 Exception <a 'java/lang/ClassNotFoundException'{0x0000000094883110}: org/gradle/api/DefaultTaskBeanInfo> (0x0000000094883110) 
thrown [s\src\hotspot\share\classfile\systemDictionary.cpp, line 256]
Event: 57.880 Thread 0x00000263303a38a0 Exception <a 'java/lang/ClassNotFoundException'{0x000000009488e880}: org/gradle/api/internal/AbstractTaskBeanInfo> (0x000000009488e880) 
thrown [s\src\hotspot\share\classfile\systemDictionary.cpp, line 256]
Event: 57.881 Thread 0x00000263303a38a0 Exception <a 'java/lang/ClassNotFoundException'{0x0000000094899d38}: org/gradle/api/internal/AbstractTaskCustomizer> (0x0000000094899d38) 
thrown [s\src\hotspot\share\classfile\systemDictionary.cpp, line 256]
Event: 57.884 Thread 0x00000263303a38a0 Exception <a 'java/lang/ClassNotFoundException'{0x00000000948f67c8}: org/gradle/api/DefaultTaskCustomizer> (0x00000000948f67c8) 
thrown [s\src\hotspot\share\classfile\systemDictionary.cpp, line 256]
Event: 57.887 Thread 0x00000263303a38a0 Exception <a 'java/lang/ClassNotFoundException'{0x000000009145d980}: org/gradle/api/DefaultTask_DecoratedCustomizer> (0x000000009145d980) 
thrown [s\src\hotspot\share\classfile\systemDictionary.cpp, line 256]
Event: 57.895 Thread 0x00000263303a38a0 Exception <a 'java/lang/ClassNotFoundException'{0x00000000914a4550}: org/gradle/api/tasks/testing/AbstractTestTaskBeanInfo> (0x00000000914a4550) 
thrown [s\src\hotspot\share\classfile\systemDictionary.cpp, line 256]
Event: 57.896 Thread 0x00000263303a38a0 Exception <a 'java/lang/ClassNotFoundException'{0x00000000914aecf0}: org/gradle/api/internal/ConventionTaskBeanInfo> (0x00000000914aecf0) 
thrown [s\src\hotspot\share\classfile\systemDictionary.cpp, line 256]
Event: 57.896 Thread 0x00000263303a38a0 Exception <a 'java/lang/ClassNotFoundException'{0x00000000914b94c0}: org/gradle/api/internal/ConventionTaskCustomizer> (0x00000000914b94c0) 
thrown [s\src\hotspot\share\classfile\systemDictionary.cpp, line 256]
Event: 57.898 Thread 0x00000263303a38a0 Exception <a 'java/lang/ClassNotFoundException'{0x00000000914d5a10}: org/gradle/api/tasks/testing/AbstractTestTaskCustomizer> (0x00000000914d5a10) 
thrown [s\src\hotspot\share\classfile\systemDictionary.cpp, line 256]
Event: 58.068 Thread 0x000002633048fac0 Exception <a 'java/lang/NoSuchMethodError'{0x0000000090b67b68}: static Lorg/gradle/internal/build/event/types/DefaultTaskStartedProgressEvent;.<clinit>()V> (0x0000000090b67b68) 
thrown [s\src\hotspot\share\prims\jni.cpp, line 1108]
Event: 58.068 Thread 0x000002633048fac0 Exception <a 'java/lang/NoSuchMethodError'{0x0000000090b69810}: static Lorg/gradle/internal/build/event/types/AbstractProgressEvent;.<clinit>()V> (0x0000000090b69810) 
thrown [s\src\hotspot\share\prims\jni.cpp, line 1108]
Event: 58.069 Thread 0x000002633048fac0 Exception <a 'java/lang/NoSuchMethodError'{0x0000000090b76670}: static Lorg/gradle/internal/build/event/types/DefaultTaskDescriptor;.<clinit>()V> (0x0000000090b76670) 
thrown [s\src\hotspot\share\prims\jni.cpp, line 1108]
Event: 58.071 Thread 0x000002633048fac0 Exception <a 'java/lang/NoSuchMethodError'{0x0000000090b837b0}: static Lorg/gradle/internal/operations/OperationIdentifier;.<clinit>()V> (0x0000000090b837b0) 
thrown [s\src\hotspot\share\prims\jni.cpp, line 1108]
Event: 58.082 Thread 0x000002633048fac0 Exception <a 'java/lang/NoSuchMethodError'{0x0000000090b8e4a0}: static Lorg/gradle/internal/build/event/types/DefaultTaskFinishedProgressEvent;.<clinit>()V> (0x0000000090b8e4a0) 
thrown [s\src\hotspot\share\prims\jni.cpp, line 1108]
Event: 58.085 Thread 0x000002633048fac0 Exception <a 'java/lang/NoSuchMethodError'{0x0000000090badc60}: static Lorg/gradle/internal/build/event/types/DefaultTaskSuccessResult;.<clinit>()V> (0x0000000090badc60) 
thrown [s\src\hotspot\share\prims\jni.cpp, line 1108]
Event: 58.085 Thread 0x000002633048fac0 Exception <a 'java/lang/NoSuchMethodError'{0x0000000090baf358}: static Lorg/gradle/internal/build/event/types/AbstractTaskResult;.<clinit>()V> (0x0000000090baf358) 
thrown [s\src\hotspot\share\prims\jni.cpp, line 1108]
Event: 58.086 Thread 0x000002633048fac0 Exception <a 'java/lang/NoSuchMethodError'{0x0000000090bb1118}: static Lorg/gradle/internal/build/event/types/AbstractResult;.<clinit>()V> (0x0000000090bb1118) 
thrown [s\src\hotspot\share\prims\jni.cpp, line 1108]
Event: 58.198 Thread 0x0000026336c6de80 Implicit null exception at 0x000002631a3f4d60 to 0x000002631a3f4e00
Event: 58.198 Thread 0x0000026336c6de80 Implicit null exception at 0x000002631a574640 to 0x000002631a574e08

VM Operations (20 events):
Event: 56.230 Executing VM operation: HandshakeAllThreads
Event: 56.230 Executing VM operation: HandshakeAllThreads done
Event: 57.102 Executing VM operation: ICBufferFull
Event: 57.102 Executing VM operation: ICBufferFull done
Event: 57.447 Executing VM operation: ICBufferFull
Event: 57.447 Executing VM operation: ICBufferFull done
Event: 57.822 Executing VM operation: G1CollectForAllocation
Event: 57.829 Executing VM operation: G1CollectForAllocation done
Event: 57.859 Executing VM operation: G1CollectForAllocation
Event: 57.865 Executing VM operation: G1CollectForAllocation done
Event: 58.030 Executing VM operation: HandshakeAllThreads
Event: 58.030 Executing VM operation: HandshakeAllThreads done
Event: 58.033 Executing VM operation: HandshakeAllThreads
Event: 58.033 Executing VM operation: HandshakeAllThreads done
Event: 58.065 Executing VM operation: HandshakeAllThreads
Event: 58.065 Executing VM operation: HandshakeAllThreads done
Event: 58.079 Executing VM operation: HandshakeAllThreads
Event: 58.080 Executing VM operation: HandshakeAllThreads done
Event: 58.196 Executing VM operation: HandshakeAllThreads
Event: 58.213 Executing VM operation: HandshakeAllThreads done

Events (20 events):
Event: 57.946 Thread 0x000002632f52a470 Thread added: 0x000002632f52a470
Event: 57.946 Thread 0x000002632f52bc80 Thread added: 0x000002632f52bc80
Event: 57.946 Thread 0x000002632f526ab0 Thread added: 0x000002632f526ab0
Event: 57.946 Thread 0x000002632f52c150 Thread added: 0x000002632f52c150
Event: 57.946 Thread 0x000002632f52d490 Thread added: 0x000002632f52d490
Event: 57.946 Thread 0x0000026336c6ae60 Thread added: 0x0000026336c6ae60
Event: 57.948 Thread 0x0000026336c6cb40 Thread added: 0x0000026336c6cb40
Event: 57.950 Thread 0x0000026336c6d010 Thread added: 0x0000026336c6d010
Event: 57.951 Thread 0x0000026336c6d4e0 Thread added: 0x0000026336c6d4e0
Event: 57.951 Thread 0x0000026336c6c670 Thread added: 0x0000026336c6c670
Event: 57.951 Thread 0x0000026336c69650 Thread added: 0x0000026336c69650
Event: 57.951 Thread 0x0000026336c6d9b0 Thread added: 0x0000026336c6d9b0
Event: 57.952 Thread 0x0000026336c6f1c0 Thread added: 0x0000026336c6f1c0
Event: 57.996 Thread 0x0000026336c69180 Thread added: 0x0000026336c69180
Event: 58.058 loading class java/util/TreeMap$KeySpliterator
Event: 58.058 loading class java/util/TreeMap$TreeMapSpliterator
Event: 58.058 loading class java/util/TreeMap$TreeMapSpliterator done
Event: 58.058 loading class java/util/TreeMap$KeySpliterator done
Event: 58.193 Thread 0x0000026336c6de80 Thread added: 0x0000026336c6de80
Event: 58.220 Thread 0x0000026329ba59b0 flushing nmethod 0x0000026312702710


Dynamic libraries:
0x00007ff62a500000 - 0x00007ff62a50a000 	C:\Program Files\Android\Android Studio\jbr\bin\java.exe
0x00007ffa6ea70000 - 0x00007ffa6ec87000 	C:\WINDOWS\SYSTEM32\ntdll.dll
0x00007ffa6da00000 - 0x00007ffa6dac4000 	C:\WINDOWS\System32\KERNEL32.DLL
0x00007ffa6bef0000 - 0x00007ffa6c296000 	C:\WINDOWS\System32\KERNELBASE.dll
0x00007ffa6c2a0000 - 0x00007ffa6c3b1000 	C:\WINDOWS\System32\ucrtbase.dll
0x00007ffa57e50000 - 0x00007ffa57e67000 	C:\Program Files\Android\Android Studio\jbr\bin\jli.dll
0x00007ffa6d6a0000 - 0x00007ffa6d84e000 	C:\WINDOWS\System32\USER32.dll
0x00007ffa6c3c0000 - 0x00007ffa6c3e6000 	C:\WINDOWS\System32\win32u.dll
0x00007ffa6e3f0000 - 0x00007ffa6e419000 	C:\WINDOWS\System32\GDI32.dll
0x00007ffa6c6a0000 - 0x00007ffa6c7b8000 	C:\WINDOWS\System32\gdi32full.dll
0x00007ffa6be50000 - 0x00007ffa6beea000 	C:\WINDOWS\System32\msvcp_win.dll
0x00007ffa3e2c0000 - 0x00007ffa3e2db000 	C:\Program Files\Android\Android Studio\jbr\bin\VCRUNTIME140.dll
0x00007ffa58e30000 - 0x00007ffa590c3000 	C:\WINDOWS\WinSxS\amd64_microsoft.windows.common-controls_6595b64144ccf1df_6.0.22621.2506_none_270c5ae97388e100\COMCTL32.dll
0x00007ffa6c7e0000 - 0x00007ffa6c887000 	C:\WINDOWS\System32\msvcrt.dll
0x00007ffa6e3b0000 - 0x00007ffa6e3e1000 	C:\WINDOWS\System32\IMM32.DLL
0x00007ffa46eb0000 - 0x00007ffa46ebc000 	C:\Program Files\Android\Android Studio\jbr\bin\vcruntime140_1.dll
0x00007ffa26b30000 - 0x00007ffa26bbd000 	C:\Program Files\Android\Android Studio\jbr\bin\msvcp140.dll
0x00007ffa23580000 - 0x00007ffa24200000 	C:\Program Files\Android\Android Studio\jbr\bin\server\jvm.dll
0x00007ffa6d310000 - 0x00007ffa6d3c1000 	C:\WINDOWS\System32\ADVAPI32.dll
0x00007ffa6e420000 - 0x00007ffa6e4c5000 	C:\WINDOWS\System32\sechost.dll
0x00007ffa6c890000 - 0x00007ffa6c9a7000 	C:\WINDOWS\System32\RPCRT4.dll
0x00007ffa67cc0000 - 0x00007ffa67cc9000 	C:\WINDOWS\SYSTEM32\WSOCK32.dll
0x00007ffa6dc40000 - 0x00007ffa6dcb1000 	C:\WINDOWS\System32\WS2_32.dll
0x00007ffa65080000 - 0x00007ffa650b4000 	C:\WINDOWS\SYSTEM32\WINMM.dll
0x00007ffa640a0000 - 0x00007ffa640aa000 	C:\WINDOWS\SYSTEM32\VERSION.dll
0x00007ffa6ada0000 - 0x00007ffa6adb8000 	C:\WINDOWS\SYSTEM32\kernel.appcore.dll
0x00007ffa67cb0000 - 0x00007ffa67cba000 	C:\Program Files\Android\Android Studio\jbr\bin\jimage.dll
0x00007ffa4e9d0000 - 0x00007ffa4ec03000 	C:\WINDOWS\SYSTEM32\DBGHELP.DLL
0x00007ffa6e6a0000 - 0x00007ffa6ea29000 	C:\WINDOWS\System32\combase.dll
0x00007ffa6d440000 - 0x00007ffa6d517000 	C:\WINDOWS\System32\OLEAUT32.dll
0x00007ffa4e990000 - 0x00007ffa4e9c2000 	C:\WINDOWS\SYSTEM32\dbgcore.DLL
0x00007ffa6c560000 - 0x00007ffa6c5da000 	C:\WINDOWS\System32\bcryptPrimitives.dll
0x00007ffa59510000 - 0x00007ffa5951e000 	C:\Program Files\Android\Android Studio\jbr\bin\instrument.dll
0x00007ffa57e70000 - 0x00007ffa57e95000 	C:\Program Files\Android\Android Studio\jbr\bin\java.dll
0x00007ffa67c90000 - 0x00007ffa67ca8000 	C:\Program Files\Android\Android Studio\jbr\bin\zip.dll
0x00007ffa6cab0000 - 0x00007ffa6d30a000 	C:\WINDOWS\System32\SHELL32.dll
0x00007ffa69cb0000 - 0x00007ffa6a5a6000 	C:\WINDOWS\SYSTEM32\windows.storage.dll
0x00007ffa69b70000 - 0x00007ffa69cae000 	C:\WINDOWS\SYSTEM32\wintypes.dll
0x00007ffa6c9b0000 - 0x00007ffa6caa3000 	C:\WINDOWS\System32\SHCORE.dll
0x00007ffa6ded0000 - 0x00007ffa6df2e000 	C:\WINDOWS\System32\shlwapi.dll
0x00007ffa6bd10000 - 0x00007ffa6bd36000 	C:\WINDOWS\SYSTEM32\profapi.dll
0x00007ffa67c50000 - 0x00007ffa67c69000 	C:\Program Files\Android\Android Studio\jbr\bin\net.dll
0x00007ffa65ee0000 - 0x00007ffa66017000 	C:\WINDOWS\SYSTEM32\WINHTTP.dll
0x00007ffa6b210000 - 0x00007ffa6b279000 	C:\WINDOWS\system32\mswsock.dll
0x00007ffa672a0000 - 0x00007ffa672b6000 	C:\Program Files\Android\Android Studio\jbr\bin\nio.dll
0x00007ffa65850000 - 0x00007ffa65860000 	C:\Program Files\Android\Android Studio\jbr\bin\verify.dll
0x00007ffa30d80000 - 0x00007ffa30da7000 	C:\Users\anura\.gradle\native\68d5fa5c4cc2d200863cafc0d521ce42e7d3e7ee720ec0a83991735586a16f82\windows-amd64\native-platform.dll
0x00007ffa25660000 - 0x00007ffa257a4000 	C:\Users\anura\.gradle\native\e376f236ea51e6404a007f0833ffe2c6e607c4080706a723a18a27aeea778392\windows-amd64\native-platform-file-events.dll
0x00007ffa654c0000 - 0x00007ffa654c9000 	C:\Program Files\Android\Android Studio\jbr\bin\management.dll
0x00007ffa654b0000 - 0x00007ffa654bb000 	C:\Program Files\Android\Android Studio\jbr\bin\management_ext.dll
0x00007ffa6d430000 - 0x00007ffa6d438000 	C:\WINDOWS\System32\PSAPI.DLL
0x00007ffa6b560000 - 0x00007ffa6b57b000 	C:\WINDOWS\SYSTEM32\CRYPTSP.dll
0x00007ffa6ad00000 - 0x00007ffa6ad35000 	C:\WINDOWS\system32\rsaenh.dll
0x00007ffa6b2b0000 - 0x00007ffa6b2dc000 	C:\WINDOWS\SYSTEM32\USERENV.dll
0x00007ffa6b6a0000 - 0x00007ffa6b6c8000 	C:\WINDOWS\SYSTEM32\bcrypt.dll
0x00007ffa6b540000 - 0x00007ffa6b54c000 	C:\WINDOWS\SYSTEM32\CRYPTBASE.dll
0x00007ffa6a800000 - 0x00007ffa6a82d000 	C:\WINDOWS\SYSTEM32\IPHLPAPI.DLL
0x00007ffa6c7d0000 - 0x00007ffa6c7d9000 	C:\WINDOWS\System32\NSI.dll
0x00007ffa65be0000 - 0x00007ffa65bf9000 	C:\WINDOWS\SYSTEM32\dhcpcsvc6.DLL
0x00007ffa65660000 - 0x00007ffa6567f000 	C:\WINDOWS\SYSTEM32\dhcpcsvc.DLL
0x00007ffa6a830000 - 0x00007ffa6a929000 	C:\WINDOWS\SYSTEM32\DNSAPI.dll
0x00007ffa67640000 - 0x00007ffa67648000 	C:\WINDOWS\system32\wshunix.dll

dbghelp: loaded successfully - version: 4.0.5 - missing functions: none
symbol engine: initialized successfully - sym options: 0x614 - pdb path: .;C:\Program Files\Android\Android Studio\jbr\bin;C:\WINDOWS\SYSTEM32;C:\WINDOWS\WinSxS\amd64_microsoft.windows.common-controls_6595b64144ccf1df_6.0.22621.2506_none_270c5ae97388e100;C:\Program Files\Android\Android Studio\jbr\bin\server;C:\Users\anura\.gradle\native\68d5fa5c4cc2d200863cafc0d521ce42e7d3e7ee720ec0a83991735586a16f82\windows-amd64;C:\Users\anura\.gradle\native\e376f236ea51e6404a007f0833ffe2c6e607c4080706a723a18a27aeea778392\windows-amd64

VM Arguments:
jvm_args: --add-opens=java.base/java.util=ALL-UNNAMED --add-opens=java.base/java.lang=ALL-UNNAMED --add-opens=java.base/java.lang.invoke=ALL-UNNAMED --add-opens=java.prefs/java.util.prefs=ALL-UNNAMED --add-opens=java.base/java.nio.charset=ALL-UNNAMED --add-opens=java.base/java.net=ALL-UNNAMED --add-opens=java.base/java.util.concurrent.atomic=ALL-UNNAMED -Xmx2048m -Dfile.encoding=UTF-8 -Duser.country=US -Duser.language=en -Duser.variant -javaagent:C:\Users\anura\.gradle\wrapper\dists\gradle-8.2-bin\bbg7u40eoinfdyxsxr3z4i7ta\gradle-8.2\lib\agents\gradle-instrumentation-agent-8.2.jar 
java_command: org.gradle.launcher.daemon.bootstrap.GradleDaemon 8.2
java_class_path (initial): C:\Users\anura\.gradle\wrapper\dists\gradle-8.2-bin\bbg7u40eoinfdyxsxr3z4i7ta\gradle-8.2\lib\gradle-launcher-8.2.jar
Launcher Type: SUN_STANDARD

[Global flags]
     intx CICompilerCount                          = 12                                        {product} {ergonomic}
     uint ConcGCThreads                            = 3                                         {product} {ergonomic}
     uint G1ConcRefinementThreads                  = 13                                        {product} {ergonomic}
   size_t G1HeapRegionSize                         = 1048576                                   {product} {ergonomic}
    uintx GCDrainStackTargetSize                   = 64                                        {product} {ergonomic}
   size_t InitialHeapSize                          = 266338304                                 {product} {ergonomic}
   size_t MarkStackSize                            = 4194304                                   {product} {ergonomic}
   size_t MaxHeapSize                              = 2147483648                                {product} {command line}
   size_t MaxNewSize                               = 1287651328                                {product} {ergonomic}
   size_t MinHeapDeltaBytes                        = 1048576                                   {product} {ergonomic}
   size_t MinHeapSize                              = 8388608                                   {product} {ergonomic}
    uintx NonNMethodCodeHeapSize                   = 7602480                                {pd product} {ergonomic}
    uintx NonProfiledCodeHeapSize                  = 122027880                              {pd product} {ergonomic}
    uintx ProfiledCodeHeapSize                     = 122027880                              {pd product} {ergonomic}
    uintx ReservedCodeCacheSize                    = 251658240                              {pd product} {ergonomic}
     bool SegmentedCodeCache                       = true                                      {product} {ergonomic}
   size_t SoftMaxHeapSize                          = 2147483648                             {manageable} {ergonomic}
     bool UseCompressedClassPointers               = true                           {product lp64_product} {ergonomic}
     bool UseCompressedOops                        = true                           {product lp64_product} {ergonomic}
     bool UseG1GC                                  = true                                      {product} {ergonomic}
     bool UseLargePagesIndividualAllocation        = false                                  {pd product} {ergonomic}

Logging:
Log output configuration:
 #0: stdout all=warning uptime,level,tags
 #1: stderr all=off uptime,level,tags

Environment Variables:
PATH=C:\Program Files\Common Files\Oracle\Java\javapath;C:\WINDOWS\system32;C:\WINDOWS;C:\WINDOWS\System32\Wbem;C:\WINDOWS\System32\WindowsPowerShell\v1.0\;C:\WINDOWS\System32\OpenSSH\;C:\xampp\php;C:\Program Files\Java\jdk-20\bin;C:\Program Files\Git\cmd;C:\ProgramData\ComposerSetup\bin;C:\Program Files\PuTTY\;C:\Users\anura\AppData\Local\Microsoft\WindowsApps;C:\Users\anura\AppData\Local\Programs\Microsoft VS Code\bin;C:\Users\anura\AppData\Local\GitHubDesktop\bin;C:\Users\anura\AppData\Roaming\Composer\vendor\bin;C:\Program Files\Git\bin;C:\src\flutter\bin;
USERNAME=anura
OS=Windows_NT
PROCESSOR_IDENTIFIER=Intel64 Family 6 Model 165 Stepping 5, GenuineIntel
TMP=C:\Users\anura\AppData\Local\Temp
TEMP=C:\Users\anura\AppData\Local\Temp


JNI global refs:
JNI global refs: 40, weak refs: 9

JNI global refs memory usage: 843, weak refs: 841

OOME stack traces (most recent first):
Classloader memory used:
